Log: /home/zoe_ai/ceclaw/scripts/burnin_20260405_163653.log

-----------------------------------------
[1;33m第 1/1000 輪 | 部門：customer-support[0m
-----------------------------------------
  [0;34m[→ IN ][0m Hermes 提交：客服部門規範：所有投訴案件必須在24小時內回覆...
  [0;32m[✓][0m pending: 20260405_163653_burnin.json
  [0;34m[→ IN ][0m 主管審核 approve...
  [0;32m[✓][0m 已入庫 dept/customer-support
  [0;34m[← OUT][0m RAG 查詢：客服部門投訴案件的回覆時限是多久？
  [0;32m[← OUT][0m AI 正確引用：根據客服部門規範，所有投訴案件必須在 24 小時內回覆。...
  [0;34m[→ OUT][0m OpenClaw 推送政策到 Hermes...
  [0;32m[← IN ][0m Hermes MEMORY.md 已更新
  ⏱  本輪耗時：1714ms

-----------------------------------------
[1;33m第 2/1000 輪 | 部門：marketing[0m
-----------------------------------------
  [0;34m[→ IN ][0m Hermes 提交：行銷部門規範：所有對外文案發布前需主管審核...
  [0;32m[✓][0m pending: 20260405_163654_burnin.json
  [0;34m[→ IN ][0m 主管審核 approve...
  [0;32m[✓][0m 已入庫 dept/marketing
  [0;34m[← OUT][0m RAG 查詢：行銷文案發布前需要什麼程序？
  [0;32m[← OUT][0m AI 正確引用：根據企業知識庫的規範，所有對外文案在發布前都需要經過主管審核。...
  [0;34m[→ OUT][0m OpenClaw 推送政策到 Hermes...
  [0;32m[← IN ][0m Hermes MEMORY.md 已更新
  ⏱  本輪耗時：1546ms

-----------------------------------------
[1;33m第 3/1000 輪 | 部門：sales[0m
-----------------------------------------
  [0;34m[→ IN ][0m Hermes 提交：業務部門規範：報價單需附上有效期限，最長30天...
  [0;32m[✓][0m pending: 20260405_163656_burnin.json
  [0;34m[→ IN ][0m 主管審核 approve...
  [0;32m[✓][0m 已入庫 dept/sales
  [0;34m[← OUT][0m RAG 查詢：業務報價單的有效期限規定是什麼？
  [0;32m[← OUT][0m AI 正確引用：根據業務部門規範，報價單需附上有效期限，最長為 30 天。...
  [0;34m[→ OUT][0m OpenClaw 推送政策到 Hermes...
  [0;32m[← IN ][0m Hermes MEMORY.md 已更新
  ⏱  本輪耗時：1663ms

-----------------------------------------
[1;33m第 4/1000 輪 | 部門：hr[0m
-----------------------------------------
  [0;34m[→ IN ][0m Hermes 提交：HR部門規範：新進員工試用期為三個月...
  [0;32m[✓][0m pending: 20260405_163657_burnin.json
  [0;34m[→ IN ][0m 主管審核 approve...
  [0;32m[✓][0m 已入庫 dept/hr
  [0;34m[← OUT][0m RAG 查詢：新進員工試用期多長？
  [0;32m[← OUT][0m AI 正確引用：根據 HR 部門規範，新進員工的試用期為三個月。...
  [0;34m[→ OUT][0m OpenClaw 推送政策到 Hermes...
  [0;32m[← IN ][0m Hermes MEMORY.md 已更新
  ⏱  本輪耗時：1674ms

-----------------------------------------
[1;33m第 5/1000 輪 | 部門：engineering[0m
-----------------------------------------
  [0;34m[→ IN ][0m Hermes 提交：研發部門規範：所有 PR 必須有兩位以上 reviewer ...
  [0;32m[✓][0m pending: 20260405_163659_burnin.json
  [0;34m[→ IN ][0m 主管審核 approve...
  [0;32m[✓][0m 已入庫 dept/engineering
  [0;34m[← OUT][0m RAG 查詢：PR 合併需要幾位 reviewer？
  [0;32m[← OUT][0m AI 正確引用：根據研發部門規範，所有 PR 必須有兩位以上 reviewer 才能合併。...
  [0;34m[→ OUT][0m OpenClaw 推送政策到 Hermes...
  [0;32m[← IN ][0m Hermes MEMORY.md 已更新
  ⏱  本輪耗時：1603ms

-----------------------------------------
[1;33m第 6/1000 輪 | 部門：security[0m
-----------------------------------------
  [0;34m[→ IN ][0m Hermes 提交：資安規範：禁止將公司資料上傳至個人雲端儲存服務...
  [0;32m[✓][0m pending: 20260405_163701_burnin.json
  [0;34m[→ IN ][0m 主管審核 approve...
  [0;32m[✓][0m 已入庫 dept/security
  [0;34m[← OUT][0m RAG 查詢：公司資料可以上傳個人雲端嗎？
  [0;32m[← OUT][0m AI 正確引用：根據公司的資安規範，禁止將公司資料上傳至個人雲端儲存服務。...
  [0;34m[→ OUT][0m OpenClaw 推送政策到 Hermes...
  [0;32m[← IN ][0m Hermes MEMORY.md 已更新
  ⏱  本輪耗時：1893ms

-----------------------------------------
[1;33m第 7/1000 輪 | 部門：finance[0m
-----------------------------------------
  [0;34m[→ IN ][0m Hermes 提交：財務規範：單筆採購超過一萬元需主管簽核...
  [0;32m[✓][0m pending: 20260405_163703_burnin.json
  [0;34m[→ IN ][0m 主管審核 approve...
  [0;32m[✓][0m 已入庫 dept/finance
  [0;34m[← OUT][0m RAG 查詢：採購多少金額以上需要主管簽核？
  [0;32m[← OUT][0m AI 正確引用：根據財務規範，單筆採購超過一萬元需主管簽核。...
  [0;34m[→ OUT][0m OpenClaw 推送政策到 Hermes...
  [0;32m[← IN ][0m Hermes MEMORY.md 已更新
  ⏱  本輪耗時：1972ms

-----------------------------------------
[1;33m第 8/1000 輪 | 部門：engineering[0m
-----------------------------------------
  [0;34m[→ IN ][0m Hermes 提交：研發部門規範：每週五下午進行 code review 會議...
  [0;32m[✓][0m pending: 20260405_163705_burnin.json
  [0;34m[→ IN ][0m 主管審核 approve...
  [0;32m[✓][0m 已入庫 dept/engineering
  [0;34m[← OUT][0m RAG 查詢：code review 會議什麼時候開？
  [0;32m[← OUT][0m AI 正確引用：研發部門的 code review 會議會在每週五下午進行。...
  [0;34m[→ OUT][0m OpenClaw 推送政策到 Hermes...
  [0;32m[← IN ][0m Hermes MEMORY.md 已更新
  ⏱  本輪耗時：1965ms

-----------------------------------------
[1;33m第 9/1000 輪 | 部門：customer-support[0m
-----------------------------------------
  [0;34m[→ IN ][0m Hermes 提交：客服部門規範：所有投訴案件必須在24小時內回覆...
  [0;32m[✓][0m pending: 20260405_163707_burnin.json
  [0;34m[→ IN ][0m 主管審核 approve...
  [0;32m[✓][0m 已入庫 dept/customer-support
  [0;34m[← OUT][0m RAG 查詢：客服部門投訴案件的回覆時限是多久？
  [0;32m[← OUT][0m AI 正確引用：根據客服部門規範，所有投訴案件必須在 24 小時內回覆。...
  [0;34m[→ OUT][0m OpenClaw 推送政策到 Hermes...
  [0;32m[← IN ][0m Hermes MEMORY.md 已更新
  ⏱  本輪耗時：1855ms

-----------------------------------------
[1;33m第 10/1000 輪 | 部門：marketing[0m
-----------------------------------------
  [0;34m[→ IN ][0m Hermes 提交：行銷部門規範：所有對外文案發布前需主管審核...
  [0;32m[✓][0m pending: 20260405_163708_burnin.json
  [0;34m[→ IN ][0m 主管審核 approve...
  [0;32m[✓][0m 已入庫 dept/marketing
  [0;34m[← OUT][0m RAG 查詢：行銷文案發布前需要什麼程序？
  [0;32m[← OUT][0m AI 正確引用：根據企業知識庫的規範，所有對外文案在發布前都需要經過主管審核。...
  [0;34m[→ OUT][0m OpenClaw 推送政策到 Hermes...
  [0;32m[← IN ][0m Hermes MEMORY.md 已更新
  ⏱  本輪耗時：2010ms

-----------------------------------------
[1;33m第 11/1000 輪 | 部門：sales[0m
-----------------------------------------
  [0;34m[→ IN ][0m Hermes 提交：業務部門規範：報價單需附上有效期限，最長30天...
  [0;32m[✓][0m pending: 20260405_163710_burnin.json
  [0;34m[→ IN ][0m 主管審核 approve...
  [0;32m[✓][0m 已入庫 dept/sales
  [0;34m[← OUT][0m RAG 查詢：業務報價單的有效期限規定是什麼？
  [1;33m[~ OUT][0m 未命中關鍵字「30」：抱歉，在目前的企業知識庫參考資料中，並沒有關於「業務報價單有效期限」的相關規定。建議您查閱公司的業務管理手冊或直接詢問業...
  [0;34m[→ OUT][0m OpenClaw 推送政策到 Hermes...
  [0;32m[← IN ][0m Hermes MEMORY.md 已更新
  ⏱  本輪耗時：2635ms

-----------------------------------------
[1;33m第 12/1000 輪 | 部門：hr[0m
-----------------------------------------
  [0;34m[→ IN ][0m Hermes 提交：HR部門規範：新進員工試用期為三個月...
  [0;32m[✓][0m pending: 20260405_163713_burnin.json
  [0;34m[→ IN ][0m 主管審核 approve...
  [0;32m[✓][0m 已入庫 dept/hr
  [0;34m[← OUT][0m RAG 查詢：新進員工試用期多長？
  [0;32m[← OUT][0m AI 正確引用：新進員工的試用期為三個月。...
  [0;34m[→ OUT][0m OpenClaw 推送政策到 Hermes...
  [0;32m[← IN ][0m Hermes MEMORY.md 已更新
  ⏱  本輪耗時：3586ms

-----------------------------------------
[1;33m第 13/1000 輪 | 部門：engineering[0m
-----------------------------------------
  [0;34m[→ IN ][0m Hermes 提交：研發部門規範：所有 PR 必須有兩位以上 reviewer ...
  [0;32m[✓][0m pending: 20260405_163717_burnin.json
  [0;34m[→ IN ][0m 主管審核 approve...
  [0;32m[✓][0m 已入庫 dept/engineering
  [0;34m[← OUT][0m RAG 查詢：PR 合併需要幾位 reviewer？
  [0;32m[← OUT][0m AI 正確引用：根據研發部門規範，所有 PR 必須有兩位以上 reviewer 才能合併。...
  [0;34m[→ OUT][0m OpenClaw 推送政策到 Hermes...
  [0;32m[← IN ][0m Hermes MEMORY.md 已更新
  ⏱  本輪耗時：1973ms

-----------------------------------------
[1;33m第 14/1000 輪 | 部門：security[0m
-----------------------------------------
  [0;34m[→ IN ][0m Hermes 提交：資安規範：禁止將公司資料上傳至個人雲端儲存服務...
  [0;32m[✓][0m pending: 20260405_163719_burnin.json
  [0;34m[→ IN ][0m 主管審核 approve...
  [0;32m[✓][0m 已入庫 dept/security
  [0;34m[← OUT][0m RAG 查詢：公司資料可以上傳個人雲端嗎？
  [0;32m[← OUT][0m AI 正確引用：根據公司的資安規範，禁止將公司資料上傳至個人雲端儲存服務。...
  [0;34m[→ OUT][0m OpenClaw 推送政策到 Hermes...
  [0;32m[← IN ][0m Hermes MEMORY.md 已更新
  ⏱  本輪耗時：2114ms

-----------------------------------------
[1;33m第 15/1000 輪 | 部門：finance[0m
-----------------------------------------
  [0;34m[→ IN ][0m Hermes 提交：財務規範：單筆採購超過一萬元需主管簽核...
  [0;32m[✓][0m pending: 20260405_163721_burnin.json
  [0;34m[→ IN ][0m 主管審核 approve...
  [0;32m[✓][0m 已入庫 dept/finance
  [0;34m[← OUT][0m RAG 查詢：採購多少金額以上需要主管簽核？
  [0;32m[← OUT][0m AI 正確引用：根據財務規範，單筆採購超過一萬元需主管簽核。...
  [0;34m[→ OUT][0m OpenClaw 推送政策到 Hermes...
  [0;32m[← IN ][0m Hermes MEMORY.md 已更新
  ⏱  本輪耗時：1774ms

-----------------------------------------
[1;33m第 16/1000 輪 | 部門：engineering[0m
-----------------------------------------
  [0;34m[→ IN ][0m Hermes 提交：研發部門規範：每週五下午進行 code review 會議...
  [0;32m[✓][0m pending: 20260405_163723_burnin.json
  [0;34m[→ IN ][0m 主管審核 approve...
  [0;32m[✓][0m 已入庫 dept/engineering
  [0;34m[← OUT][0m RAG 查詢：code review 會議什麼時候開？
  [0;32m[← OUT][0m AI 正確引用：研發部門的 code review 會議是在每週五下午進行。...
  [0;34m[→ OUT][0m OpenClaw 推送政策到 Hermes...
  [0;32m[← IN ][0m Hermes MEMORY.md 已更新
  ⏱  本輪耗時：1781ms

-----------------------------------------
[1;33m第 17/1000 輪 | 部門：customer-support[0m
-----------------------------------------
  [0;34m[→ IN ][0m Hermes 提交：客服部門規範：所有投訴案件必須在24小時內回覆...
  [0;32m[✓][0m pending: 20260405_163724_burnin.json
  [0;34m[→ IN ][0m 主管審核 approve...
  [0;32m[✓][0m 已入庫 dept/customer-support
  [0;34m[← OUT][0m RAG 查詢：客服部門投訴案件的回覆時限是多久？
  [0;32m[← OUT][0m AI 正確引用：根據客服部門規範，所有投訴案件必須在 24 小時內回覆。...
  [0;34m[→ OUT][0m OpenClaw 推送政策到 Hermes...
  [0;32m[← IN ][0m Hermes MEMORY.md 已更新
  ⏱  本輪耗時：2120ms

-----------------------------------------
[1;33m第 18/1000 輪 | 部門：marketing[0m
-----------------------------------------
  [0;34m[→ IN ][0m Hermes 提交：行銷部門規範：所有對外文案發布前需主管審核...
  [0;32m[✓][0m pending: 20260405_163726_burnin.json
  [0;34m[→ IN ][0m 主管審核 approve...
  [0;32m[✓][0m 已入庫 dept/marketing
  [0;34m[← OUT][0m RAG 查詢：行銷文案發布前需要什麼程序？
  [0;32m[← OUT][0m AI 正確引用：根據企業知識庫的規範，所有對外文案在發布前都需要經過主管審核。...
  [0;34m[→ OUT][0m OpenClaw 推送政策到 Hermes...
  [0;32m[← IN ][0m Hermes MEMORY.md 已更新
  ⏱  本輪耗時：2028ms

-----------------------------------------
[1;33m第 19/1000 輪 | 部門：sales[0m
-----------------------------------------
  [0;34m[→ IN ][0m Hermes 提交：業務部門規範：報價單需附上有效期限，最長30天...
  [0;32m[✓][0m pending: 20260405_163728_burnin.json
  [0;34m[→ IN ][0m 主管審核 approve...
  [0;32m[✓][0m 已入庫 dept/sales
  [0;34m[← OUT][0m RAG 查詢：業務報價單的有效期限規定是什麼？
  [1;33m[~ OUT][0m 未命中關鍵字「30」：抱歉，在目前的企業知識庫參考資料中，並沒有關於「業務報價單有效期限」的相關規定。建議您查閱公司的業務部相關作業程序或手冊...
  [0;34m[→ OUT][0m OpenClaw 推送政策到 Hermes...
  [0;32m[← IN ][0m Hermes MEMORY.md 已更新
  ⏱  本輪耗時：2592ms

-----------------------------------------
[1;33m第 20/1000 輪 | 部門：hr[0m
-----------------------------------------
  [0;34m[→ IN ][0m Hermes 提交：HR部門規範：新進員工試用期為三個月...
  [0;32m[✓][0m pending: 20260405_163731_burnin.json
  [0;34m[→ IN ][0m 主管審核 approve...
  [0;32m[✓][0m 已入庫 dept/hr
  [0;34m[← OUT][0m RAG 查詢：新進員工試用期多長？
  [0;32m[← OUT][0m AI 正確引用：根據 HR 部門的規範，新進員工的試用期為三個月。...
  [0;34m[→ OUT][0m OpenClaw 推送政策到 Hermes...
  [0;32m[← IN ][0m Hermes MEMORY.md 已更新
  ⏱  本輪耗時：1798ms

-----------------------------------------
[1;33m第 21/1000 輪 | 部門：engineering[0m
-----------------------------------------
  [0;34m[→ IN ][0m Hermes 提交：研發部門規範：所有 PR 必須有兩位以上 reviewer ...
  [0;32m[✓][0m pending: 20260405_163733_burnin.json
  [0;34m[→ IN ][0m 主管審核 approve...
  [0;32m[✓][0m 已入庫 dept/engineering
  [0;34m[← OUT][0m RAG 查詢：PR 合併需要幾位 reviewer？
  [0;32m[← OUT][0m AI 正確引用：根據研發部門規範，所有 PR 必須有兩位以上 reviewer 才能合併。...
  [0;34m[→ OUT][0m OpenClaw 推送政策到 Hermes...
  [0;32m[← IN ][0m Hermes MEMORY.md 已更新
  ⏱  本輪耗時：1951ms

-----------------------------------------
[1;33m第 22/1000 輪 | 部門：security[0m
-----------------------------------------
  [0;34m[→ IN ][0m Hermes 提交：資安規範：禁止將公司資料上傳至個人雲端儲存服務...
  [0;32m[✓][0m pending: 20260405_163735_burnin.json
  [0;34m[→ IN ][0m 主管審核 approve...
  [0;32m[✓][0m 已入庫 dept/security
  [0;34m[← OUT][0m RAG 查詢：公司資料可以上傳個人雲端嗎？
  [0;32m[← OUT][0m AI 正確引用：根據公司的資安規範，禁止將公司資料上傳至個人雲端儲存服務。...
  [0;34m[→ OUT][0m OpenClaw 推送政策到 Hermes...
  [0;32m[← IN ][0m Hermes MEMORY.md 已更新
  ⏱  本輪耗時：1998ms

-----------------------------------------
[1;33m第 23/1000 輪 | 部門：finance[0m
-----------------------------------------
  [0;34m[→ IN ][0m Hermes 提交：財務規範：單筆採購超過一萬元需主管簽核...
  [0;32m[✓][0m pending: 20260405_163737_burnin.json
  [0;34m[→ IN ][0m 主管審核 approve...
  [0;32m[✓][0m 已入庫 dept/finance
  [0;34m[← OUT][0m RAG 查詢：採購多少金額以上需要主管簽核？
  [0;32m[← OUT][0m AI 正確引用：根據財務規範，單筆採購超過一萬元需主管簽核。...
  [0;34m[→ OUT][0m OpenClaw 推送政策到 Hermes...
  [0;32m[← IN ][0m Hermes MEMORY.md 已更新
  ⏱  本輪耗時：1992ms

-----------------------------------------
[1;33m第 24/1000 輪 | 部門：engineering[0m
-----------------------------------------
  [0;34m[→ IN ][0m Hermes 提交：研發部門規範：每週五下午進行 code review 會議...
  [0;32m[✓][0m pending: 20260405_163739_burnin.json
  [0;34m[→ IN ][0m 主管審核 approve...
  [0;32m[✓][0m 已入庫 dept/engineering
  [0;34m[← OUT][0m RAG 查詢：code review 會議什麼時候開？
  [0;32m[← OUT][0m AI 正確引用：研發部門的 code review 會議會在每週五下午進行。...
  [0;34m[→ OUT][0m OpenClaw 推送政策到 Hermes...
  [0;32m[← IN ][0m Hermes MEMORY.md 已更新
  ⏱  本輪耗時：1760ms

-----------------------------------------
[1;33m第 25/1000 輪 | 部門：customer-support[0m
-----------------------------------------
  [0;34m[→ IN ][0m Hermes 提交：客服部門規範：所有投訴案件必須在24小時內回覆...
  [0;32m[✓][0m pending: 20260405_163741_burnin.json
  [0;34m[→ IN ][0m 主管審核 approve...
  [0;32m[✓][0m 已入庫 dept/customer-support
  [0;34m[← OUT][0m RAG 查詢：客服部門投訴案件的回覆時限是多久？
  [0;32m[← OUT][0m AI 正確引用：根據客服部門規範，所有投訴案件必須在 24 小時內回覆。...
  [0;34m[→ OUT][0m OpenClaw 推送政策到 Hermes...
  [0;32m[← IN ][0m Hermes MEMORY.md 已更新
  ⏱  本輪耗時：2204ms

-----------------------------------------
[1;33m第 26/1000 輪 | 部門：marketing[0m
-----------------------------------------
  [0;34m[→ IN ][0m Hermes 提交：行銷部門規範：所有對外文案發布前需主管審核...
  [0;32m[✓][0m pending: 20260405_163743_burnin.json
  [0;34m[→ IN ][0m 主管審核 approve...
  [0;32m[✓][0m 已入庫 dept/marketing
  [0;34m[← OUT][0m RAG 查詢：行銷文案發布前需要什麼程序？
  [0;32m[← OUT][0m AI 正確引用：根據企業知識庫的規範，所有對外文案在發布前都需要經過主管審核。...
  [0;34m[→ OUT][0m OpenClaw 推送政策到 Hermes...
  [0;32m[← IN ][0m Hermes MEMORY.md 已更新
  ⏱  本輪耗時：1840ms

-----------------------------------------
[1;33m第 27/1000 輪 | 部門：sales[0m
-----------------------------------------
  [0;34m[→ IN ][0m Hermes 提交：業務部門規範：報價單需附上有效期限，最長30天...
  [0;32m[✓][0m pending: 20260405_163745_burnin.json
  [0;34m[→ IN ][0m 主管審核 approve...
  [0;32m[✓][0m 已入庫 dept/sales
  [0;34m[← OUT][0m RAG 查詢：業務報價單的有效期限規定是什麼？
  [1;33m[~ OUT][0m 未命中關鍵字「30」：根據您提供的企業知識庫參考資料，目前並未包含關於「業務報價單有效期限」的相關規定。建議您查閱公司的業務管理手冊或直接詢問...
  [0;34m[→ OUT][0m OpenClaw 推送政策到 Hermes...
  [0;32m[← IN ][0m Hermes MEMORY.md 已更新
  ⏱  本輪耗時：2999ms

-----------------------------------------
[1;33m第 28/1000 輪 | 部門：hr[0m
-----------------------------------------
  [0;34m[→ IN ][0m Hermes 提交：HR部門規範：新進員工試用期為三個月...
  [0;32m[✓][0m pending: 20260405_163748_burnin.json
  [0;34m[→ IN ][0m 主管審核 approve...
  [0;32m[✓][0m 已入庫 dept/hr
  [0;34m[← OUT][0m RAG 查詢：新進員工試用期多長？
  [0;32m[← OUT][0m AI 正確引用：根據 HR 部門的規範，新進員工的試用期為三個月。...
  [0;34m[→ OUT][0m OpenClaw 推送政策到 Hermes...
  [0;32m[← IN ][0m Hermes MEMORY.md 已更新
  ⏱  本輪耗時：1845ms

-----------------------------------------
[1;33m第 29/1000 輪 | 部門：engineering[0m
-----------------------------------------
  [0;34m[→ IN ][0m Hermes 提交：研發部門規範：所有 PR 必須有兩位以上 reviewer ...
  [0;32m[✓][0m pending: 20260405_163749_burnin.json
  [0;34m[→ IN ][0m 主管審核 approve...
  [0;32m[✓][0m 已入庫 dept/engineering
  [0;34m[← OUT][0m RAG 查詢：PR 合併需要幾位 reviewer？
  [0;32m[← OUT][0m AI 正確引用：根據研發部門規範，所有 PR 必須有兩位以上 reviewer 才能合併。...
  [0;34m[→ OUT][0m OpenClaw 推送政策到 Hermes...
  [0;32m[← IN ][0m Hermes MEMORY.md 已更新
  ⏱  本輪耗時：1899ms

-----------------------------------------
[1;33m第 30/1000 輪 | 部門：security[0m
-----------------------------------------
  [0;34m[→ IN ][0m Hermes 提交：資安規範：禁止將公司資料上傳至個人雲端儲存服務...
  [0;32m[✓][0m pending: 20260405_163751_burnin.json
  [0;34m[→ IN ][0m 主管審核 approve...
  [0;32m[✓][0m 已入庫 dept/security
  [0;34m[← OUT][0m RAG 查詢：公司資料可以上傳個人雲端嗎？
