Log: /home/zoe_ai/ceclaw/scripts/burnin_20260405_181243.log

-----------------------------------------
[1;33m第 1/3 輪 | 部門：customer-support[0m
-----------------------------------------
  [0;34m[→ IN ][0m Hermes 提交：客服部門規範：所有投訴案件必須在24小時內回覆...
  [0;32m[✓][0m pending: 20260405_181243_burnin.json
  [0;34m[→ IN ][0m 主管審核 approve...
  [0;32m[✓][0m 已入庫 dept/customer-support
  [0;34m[← OUT][0m RAG 查詢：客服部門投訴案件的回覆時限是多久？
  [0;32m[← OUT][0m AI 正確引用：根據客服部門規範，所有投訴案件必須在 24 小時內回覆。...
  [0;34m[→ OUT][0m OpenClaw 推送政策到 Hermes...
  [0;32m[← IN ][0m Hermes MEMORY.md 已更新
  ⏱  本輪耗時：2207ms

-----------------------------------------
[1;33m第 2/3 輪 | 部門：marketing[0m
-----------------------------------------
  [0;34m[→ IN ][0m Hermes 提交：行銷部門規範：所有對外文案發布前需主管審核...
  [0;32m[✓][0m pending: 20260405_181245_burnin.json
  [0;34m[→ IN ][0m 主管審核 approve...
  [0;32m[✓][0m 已入庫 dept/marketing
  [0;34m[← OUT][0m RAG 查詢：行銷文案發布前需要什麼程序？
  [0;32m[← OUT][0m AI 正確引用：根據企業知識庫的規範，所有對外文案發布前都需要經過主管審核。...
  [0;34m[→ OUT][0m OpenClaw 推送政策到 Hermes...
  [0;32m[← IN ][0m Hermes MEMORY.md 已更新
  ⏱  本輪耗時：1938ms

-----------------------------------------
[1;33m第 3/3 輪 | 部門：sales[0m
-----------------------------------------
  [0;34m[→ IN ][0m Hermes 提交：業務部門規範：報價單需附上有效期限，最長30天...
  [0;32m[✓][0m pending: 20260405_181247_burnin.json
  [0;34m[→ IN ][0m 主管審核 approve...
  [0;32m[✓][0m 已入庫 dept/sales
  [0;34m[← OUT][0m RAG 查詢：業務報價單的有效期限規定是什麼？
  [1;33m[~ OUT][0m 未命中關鍵字「30」：根據目前提供的企業知識庫資料，並未包含關於「業務報價單有效期限」的相關規定。建議您查閱公司的業務作業程序書或向業務部門確...
  [0;34m[→ OUT][0m OpenClaw 推送政策到 Hermes...
  [0;32m[← IN ][0m Hermes MEMORY.md 已更新
  ⏱  本輪耗時：2534ms

=========================================
 燒機結果
=========================================
 總輪數：3
 [0;32m通過：3[0m
 [0;31m失敗：0[0m
 平均耗時：2226ms
=========================================

=========================================
 雙向溝通證據
=========================================

--- CECLAW 側（approved 入庫記錄）---
-rw-r--r-- 1 zoe_ai zoe_ai 267  4月  5 18:12 /home/zoe_ai/.ceclaw/knowledge/bridge/approved/20260405_181247_burnin.json
-rw-r--r-- 1 zoe_ai zoe_ai 269  4月  5 18:12 /home/zoe_ai/.ceclaw/knowledge/bridge/approved/20260405_181245_burnin.json
-rw-r--r-- 1 zoe_ai zoe_ai 278  4月  5 18:12 /home/zoe_ai/.ceclaw/knowledge/bridge/approved/20260405_181243_burnin.json
-rw-r--r-- 1 zoe_ai zoe_ai 274  4月  5 18:09 /home/zoe_ai/.ceclaw/knowledge/bridge/approved/20260405_180931_burnin.json
-rw-r--r-- 1 zoe_ai zoe_ai 282  4月  5 18:09 /home/zoe_ai/.ceclaw/knowledge/bridge/approved/20260405_180930_burnin.json
-rw-r--r-- 1 zoe_ai zoe_ai 249  4月  5 18:09 /home/zoe_ai/.ceclaw/knowledge/bridge/approved/20260405_180929_burnin.json
-rw-r--r-- 1 zoe_ai zoe_ai 267  4月  5 18:09 /home/zoe_ai/.ceclaw/knowledge/bridge/approved/20260405_180927_burnin.json
-rw-r--r-- 1 zoe_ai zoe_ai 269  4月  5 18:09 /home/zoe_ai/.ceclaw/knowledge/bridge/approved/20260405_180926_burnin.json
-rw-r--r-- 1 zoe_ai zoe_ai 278  4月  5 18:09 /home/zoe_ai/.ceclaw/knowledge/bridge/approved/20260405_180924_burnin.json
-rw-r--r-- 1 zoe_ai zoe_ai 269  4月  5 18:09 /home/zoe_ai/.ceclaw/knowledge/bridge/approved/20260405_180923_burnin.json
-rw-r--r-- 1 zoe_ai zoe_ai 261  4月  5 18:09 /home/zoe_ai/.ceclaw/knowledge/bridge/approved/20260405_180922_burnin.json
-rw-r--r-- 1 zoe_ai zoe_ai 274  4月  5 18:09 /home/zoe_ai/.ceclaw/knowledge/bridge/approved/20260405_180921_burnin.json
-rw-r--r-- 1 zoe_ai zoe_ai 282  4月  5 18:09 /home/zoe_ai/.ceclaw/knowledge/bridge/approved/20260405_180920_burnin.json
-rw-r--r-- 1 zoe_ai zoe_ai 249  4月  5 18:09 /home/zoe_ai/.ceclaw/knowledge/bridge/approved/20260405_180919_burnin.json
-rw-r--r-- 1 zoe_ai zoe_ai 267  4月  5 18:09 /home/zoe_ai/.ceclaw/knowledge/bridge/approved/20260405_180917_burnin.json
-rw-r--r-- 1 zoe_ai zoe_ai 269  4月  5 18:09 /home/zoe_ai/.ceclaw/knowledge/bridge/approved/20260405_180916_burnin.json
-rw-r--r-- 1 zoe_ai zoe_ai 278  4月  5 18:09 /home/zoe_ai/.ceclaw/knowledge/bridge/approved/20260405_180915_burnin.json
-rw-r--r-- 1 zoe_ai zoe_ai 269  4月  5 18:09 /home/zoe_ai/.ceclaw/knowledge/bridge/approved/20260405_180914_burnin.json
-rw-r--r-- 1 zoe_ai zoe_ai 261  4月  5 18:09 /home/zoe_ai/.ceclaw/knowledge/bridge/approved/20260405_180913_burnin.json
-rw-r--r-- 1 zoe_ai zoe_ai 274  4月  5 18:09 /home/zoe_ai/.ceclaw/knowledge/bridge/approved/20260405_180912_burnin.json

--- CECLAW 側（policies 推送記錄）---
-rw-r--r-- 1 zoe_ai zoe_ai  86  4月  5 18:12 /home/zoe_ai/.ceclaw/knowledge/bridge/policies/20260405_181249.txt
-rw-r--r-- 1 zoe_ai zoe_ai 126  4月  5 18:12 /home/zoe_ai/.ceclaw/knowledge/bridge/policies/20260405_181247.txt
-rw-r--r-- 1 zoe_ai zoe_ai 130  4月  5 18:12 /home/zoe_ai/.ceclaw/knowledge/bridge/policies/20260405_181245.txt
-rw-r--r-- 1 zoe_ai zoe_ai 137  4月  5 18:12 /home/zoe_ai/.ceclaw/knowledge/bridge/policies/20260405_181243.txt
-rw-r--r-- 1 zoe_ai zoe_ai 129  4月  5 18:09 /home/zoe_ai/.ceclaw/knowledge/bridge/policies/20260405_180931.txt
-rw-r--r-- 1 zoe_ai zoe_ai 132  4月  5 18:09 /home/zoe_ai/.ceclaw/knowledge/bridge/policies/20260405_180930.txt
-rw-r--r-- 1 zoe_ai zoe_ai 123  4月  5 18:09 /home/zoe_ai/.ceclaw/knowledge/bridge/policies/20260405_180929.txt
-rw-r--r-- 1 zoe_ai zoe_ai 126  4月  5 18:09 /home/zoe_ai/.ceclaw/knowledge/bridge/policies/20260405_180927.txt
-rw-r--r-- 1 zoe_ai zoe_ai 130  4月  5 18:09 /home/zoe_ai/.ceclaw/knowledge/bridge/policies/20260405_180926.txt
-rw-r--r-- 1 zoe_ai zoe_ai  86  4月  5 18:09 /home/zoe_ai/.ceclaw/knowledge/bridge/policies/20260405_180925.txt

--- Hermes 側（MEMORY.md 最新10筆）---
[2026-04-05 18:09:23] [企業規則] burnin round 2271
[企業政策更新] 財務規範：單筆採購超過一萬元需主管簽核
§
[2026-04-05 18:09:24] [企業規則] burnin round 2272
[企業政策更新] 研發部門規範：每週五下午進行 code review 會議
§
[2026-04-05 18:09:26] [企業規則] burnin round 2273
[企業政策更新] 客服部門規範：所有投訴案件必須在24小時內回覆
§
[2026-04-05 18:09:27] [企業規則] burnin round 2274
[企業政策更新] 行銷部門規範：所有對外文案發布前需主管審核
§
[2026-04-05 18:09:29] [企業規則] burnin round 2275
[企業政策更新] 業務部門規範：報價單需附上有效期限，最長30天
§
[2026-04-05 18:09:30] [企業規則] burnin round 2276
[企業政策更新] HR部門規範：新進員工試用期為三個月
§
[2026-04-05 18:09:31] [企業規則] burnin round 2277
[企業政策更新] 研發部門規範：所有 PR 必須有兩位以上 reviewer 才能合併
§
[2026-04-05 18:12:45] [企業規則] burnin round 1
[企業政策更新] 客服部門規範：所有投訴案件必須在24小時內回覆
§
[2026-04-05 18:12:47] [企業規則] burnin round 2
[企業政策更新] 行銷部門規範：所有對外文案發布前需主管審核
§
[2026-04-05 18:12:49] [企業規則] burnin round 3
[企業政策更新] 業務部門規範：報價單需附上有效期限，最長30天
=========================================
