Log: /home/zoe_ai/ceclaw/scripts/burnin_20260405_224212.log

-----------------------------------------
[1;33m第 1/10 輪 | 部門：customer-support[0m
-----------------------------------------
  [0;34m[→ IN ][0m Hermes 提交：客服部門規範：所有投訴案件必須在24小時內回覆...
  [0;32m[✓][0m pending: 20260405_224212_burnin.json
  [0;34m[→ IN ][0m 主管審核 approve...
  [0;32m[✓][0m 已入庫 dept/customer-support
  [0;34m[← OUT][0m RAG 查詢：客服部門投訴案件的回覆時限是多久？
  [0;32m[← OUT][0m AI 正確引用：根據客服部門規範，所有投訴案件必須在 24 小時內回覆。...
  [0;34m[→ OUT][0m OpenClaw 推送政策到 Hermes...
  [0;32m[← IN ][0m Hermes MEMORY.md 已更新
  ⏱  本輪耗時：2326ms

-----------------------------------------
[1;33m第 2/10 輪 | 部門：marketing[0m
-----------------------------------------
  [0;34m[→ IN ][0m Hermes 提交：行銷部門規範：所有對外文案發布前需主管審核...
  [0;32m[✓][0m pending: 20260405_224214_burnin.json
  [0;34m[→ IN ][0m 主管審核 approve...
  [0;32m[✓][0m 已入庫 dept/marketing
  [0;34m[← OUT][0m RAG 查詢：行銷文案發布前需要什麼程序？
  [0;32m[← OUT][0m AI 正確引用：根據行銷部門規範，所有對外文案發布前需經主管審核。...
  [0;34m[→ OUT][0m OpenClaw 推送政策到 Hermes...
  [0;32m[← IN ][0m Hermes MEMORY.md 已更新
  ⏱  本輪耗時：2117ms

-----------------------------------------
[1;33m第 3/10 輪 | 部門：sales[0m
-----------------------------------------
  [0;34m[→ IN ][0m Hermes 提交：業務部門規範：報價單需附上有效期限，有效期最長為三十天（30...
  [0;32m[✓][0m pending: 20260405_224217_burnin.json
  [0;34m[→ IN ][0m 主管審核 approve...
  [0;32m[✓][0m 已入庫 dept/sales
  [0;34m[← OUT][0m RAG 查詢：業務報價單的有效期限規定是什麼？最長幾天？
  [0;32m[← OUT][0m AI 正確引用：根據業務部門規範，報價單需附上有效期限，有效期最長為三十天（30天）。...
  [0;34m[→ OUT][0m OpenClaw 推送政策到 Hermes...
  [0;32m[← IN ][0m Hermes MEMORY.md 已更新
  ⏱  本輪耗時：2292ms

-----------------------------------------
[1;33m第 4/10 輪 | 部門：hr[0m
-----------------------------------------
  [0;34m[→ IN ][0m Hermes 提交：HR部門規範：新進員工試用期為三個月...
  [0;32m[✓][0m pending: 20260405_224219_burnin.json
  [0;34m[→ IN ][0m 主管審核 approve...
  [0;32m[✓][0m 已入庫 dept/hr
  [0;34m[← OUT][0m RAG 查詢：新進員工試用期多長？
  [0;32m[← OUT][0m AI 正確引用：根據 HR 部門規範，新進員工的試用期為三個月。...
  [0;34m[→ OUT][0m OpenClaw 推送政策到 Hermes...
  [0;32m[← IN ][0m Hermes MEMORY.md 已更新
  ⏱  本輪耗時：2183ms

-----------------------------------------
[1;33m第 5/10 輪 | 部門：engineering[0m
-----------------------------------------
  [0;34m[→ IN ][0m Hermes 提交：研發部門規範：所有 PR 必須有兩位以上 reviewer ...
  [0;32m[✓][0m pending: 20260405_224221_burnin.json
  [0;34m[→ IN ][0m 主管審核 approve...
  [0;32m[✓][0m 已入庫 dept/engineering
  [0;34m[← OUT][0m RAG 查詢：PR 合併需要幾位 reviewer？
  [0;32m[← OUT][0m AI 正確引用：根據研發部門規範，所有 PR 必須有兩位以上 reviewer 才能合併。...
  [0;34m[→ OUT][0m OpenClaw 推送政策到 Hermes...
  [0;32m[← IN ][0m Hermes MEMORY.md 已更新
  ⏱  本輪耗時：2226ms

-----------------------------------------
[1;33m第 6/10 輪 | 部門：security[0m
-----------------------------------------
  [0;34m[→ IN ][0m Hermes 提交：資安規範：禁止將公司資料上傳至個人雲端儲存服務...
  [0;32m[✓][0m pending: 20260405_224223_burnin.json
  [0;34m[→ IN ][0m 主管審核 approve...
  [0;32m[✓][0m 已入庫 dept/security
  [0;34m[← OUT][0m RAG 查詢：公司資料可以上傳個人雲端嗎？
  [0;32m[← OUT][0m AI 正確引用：根據公司的資安規範，禁止將公司資料上傳至個人雲端儲存服務。...
  [0;34m[→ OUT][0m OpenClaw 推送政策到 Hermes...
  [0;32m[← IN ][0m Hermes MEMORY.md 已更新
  ⏱  本輪耗時：2188ms

-----------------------------------------
[1;33m第 7/10 輪 | 部門：finance[0m
-----------------------------------------
  [0;34m[→ IN ][0m Hermes 提交：財務規範：單筆採購超過一萬元需主管簽核...
  [0;32m[✓][0m pending: 20260405_224225_burnin.json
  [0;34m[→ IN ][0m 主管審核 approve...
  [0;32m[✓][0m 已入庫 dept/finance
  [0;34m[← OUT][0m RAG 查詢：採購多少金額以上需要主管簽核？
  [0;32m[← OUT][0m AI 正確引用：根據財務規範，單筆採購超過一萬元需主管簽核。...
  [0;34m[→ OUT][0m OpenClaw 推送政策到 Hermes...
  [0;32m[← IN ][0m Hermes MEMORY.md 已更新
  ⏱  本輪耗時：1989ms

-----------------------------------------
[1;33m第 8/10 輪 | 部門：engineering[0m
-----------------------------------------
  [0;34m[→ IN ][0m Hermes 提交：研發部門規範：每週五下午進行 code review 會議...
  [0;32m[✓][0m pending: 20260405_224227_burnin.json
  [0;34m[→ IN ][0m 主管審核 approve...
  [0;32m[✓][0m 已入庫 dept/engineering
  [0;34m[← OUT][0m RAG 查詢：code review 會議什麼時候開？
  [0;32m[← OUT][0m AI 正確引用：研發部門的 code review 會議是在每週五下午進行。...
  [0;34m[→ OUT][0m OpenClaw 推送政策到 Hermes...
  [0;32m[← IN ][0m Hermes MEMORY.md 已更新
  ⏱  本輪耗時：2088ms

-----------------------------------------
[1;33m第 9/10 輪 | 部門：customer-support[0m
-----------------------------------------
  [0;34m[→ IN ][0m Hermes 提交：客服部門規範：所有投訴案件必須在24小時內回覆...
  [0;32m[✓][0m pending: 20260405_224229_burnin.json
  [0;34m[→ IN ][0m 主管審核 approve...
  [0;32m[✓][0m 已入庫 dept/customer-support
  [0;34m[← OUT][0m RAG 查詢：客服部門投訴案件的回覆時限是多久？
  [0;32m[← OUT][0m AI 正確引用：根據客服部門規範，所有投訴案件必須在 24 小時內回覆。...
  [0;34m[→ OUT][0m OpenClaw 推送政策到 Hermes...
  [0;32m[← IN ][0m Hermes MEMORY.md 已更新
  ⏱  本輪耗時：2103ms

-----------------------------------------
[1;33m第 10/10 輪 | 部門：marketing[0m
-----------------------------------------
  [0;34m[→ IN ][0m Hermes 提交：行銷部門規範：所有對外文案發布前需主管審核...
  [0;32m[✓][0m pending: 20260405_224232_burnin.json
  [0;34m[→ IN ][0m 主管審核 approve...
  [0;32m[✓][0m 已入庫 dept/marketing
  [0;34m[← OUT][0m RAG 查詢：行銷文案發布前需要什麼程序？
  [0;32m[← OUT][0m AI 正確引用：根據行銷部門規範，所有對外文案發布前需經由主管審核。...
  [0;34m[→ OUT][0m OpenClaw 推送政策到 Hermes...
  [0;32m[← IN ][0m Hermes MEMORY.md 已更新
  ⏱  本輪耗時：2190ms

=========================================
 燒機結果
=========================================
 總輪數：10
 [0;32m通過：10[0m
 [0;31m失敗：0[0m
 平均耗時：2170ms
=========================================

=========================================
 雙向溝通證據
=========================================

--- CECLAW 側（approved 入庫記錄）---
-rw-r--r-- 1 zoe_ai zoe_ai 269  4月  5 22:42 /home/zoe_ai/.ceclaw/knowledge/bridge/approved/20260405_224232_burnin.json
-rw-r--r-- 1 zoe_ai zoe_ai 278  4月  5 22:42 /home/zoe_ai/.ceclaw/knowledge/bridge/approved/20260405_224229_burnin.json
-rw-r--r-- 1 zoe_ai zoe_ai 269  4月  5 22:42 /home/zoe_ai/.ceclaw/knowledge/bridge/approved/20260405_224227_burnin.json
-rw-r--r-- 1 zoe_ai zoe_ai 261  4月  5 22:42 /home/zoe_ai/.ceclaw/knowledge/bridge/approved/20260405_224225_burnin.json
-rw-r--r-- 1 zoe_ai zoe_ai 274  4月  5 22:42 /home/zoe_ai/.ceclaw/knowledge/bridge/approved/20260405_224223_burnin.json
-rw-r--r-- 1 zoe_ai zoe_ai 282  4月  5 22:42 /home/zoe_ai/.ceclaw/knowledge/bridge/approved/20260405_224221_burnin.json
-rw-r--r-- 1 zoe_ai zoe_ai 249  4月  5 22:42 /home/zoe_ai/.ceclaw/knowledge/bridge/approved/20260405_224219_burnin.json
-rw-r--r-- 1 zoe_ai zoe_ai 294  4月  5 22:42 /home/zoe_ai/.ceclaw/knowledge/bridge/approved/20260405_224217_burnin.json
-rw-r--r-- 1 zoe_ai zoe_ai 269  4月  5 22:42 /home/zoe_ai/.ceclaw/knowledge/bridge/approved/20260405_224214_burnin.json
-rw-r--r-- 1 zoe_ai zoe_ai 278  4月  5 22:42 /home/zoe_ai/.ceclaw/knowledge/bridge/approved/20260405_224212_burnin.json
-rw-r--r-- 1 zoe_ai zoe_ai 263  4月  5 22:40 /home/zoe_ai/.ceclaw/knowledge/bridge/approved/20260405_224025_test.json
-rw-r--r-- 1 zoe_ai zoe_ai 249  4月  5 22:35 /home/zoe_ai/.ceclaw/knowledge/bridge/approved/20260405_223543_burnin.json
-rw-r--r-- 1 zoe_ai zoe_ai 267  4月  5 22:35 /home/zoe_ai/.ceclaw/knowledge/bridge/approved/20260405_223540_burnin.json
-rw-r--r-- 1 zoe_ai zoe_ai 269  4月  5 22:35 /home/zoe_ai/.ceclaw/knowledge/bridge/approved/20260405_223538_burnin.json
-rw-r--r-- 1 zoe_ai zoe_ai 278  4月  5 22:35 /home/zoe_ai/.ceclaw/knowledge/bridge/approved/20260405_223536_burnin.json
-rw-r--r-- 1 zoe_ai zoe_ai 269  4月  5 22:35 /home/zoe_ai/.ceclaw/knowledge/bridge/approved/20260405_223534_burnin.json
-rw-r--r-- 1 zoe_ai zoe_ai 261  4月  5 22:35 /home/zoe_ai/.ceclaw/knowledge/bridge/approved/20260405_223533_burnin.json
-rw-r--r-- 1 zoe_ai zoe_ai 274  4月  5 22:35 /home/zoe_ai/.ceclaw/knowledge/bridge/approved/20260405_223530_burnin.json
-rw-r--r-- 1 zoe_ai zoe_ai 282  4月  5 22:35 /home/zoe_ai/.ceclaw/knowledge/bridge/approved/20260405_223528_burnin.json
-rw-r--r-- 1 zoe_ai zoe_ai 249  4月  5 22:35 /home/zoe_ai/.ceclaw/knowledge/bridge/approved/20260405_223526_burnin.json

--- CECLAW 側（policies 推送記錄）---
-rw-r--r-- 1 zoe_ai zoe_ai  84  4月  5 22:42 /home/zoe_ai/.ceclaw/knowledge/bridge/policies/20260405_224234.txt
-rw-r--r-- 1 zoe_ai zoe_ai 130  4月  5 22:42 /home/zoe_ai/.ceclaw/knowledge/bridge/policies/20260405_224232.txt
-rw-r--r-- 1 zoe_ai zoe_ai 137  4月  5 22:42 /home/zoe_ai/.ceclaw/knowledge/bridge/policies/20260405_224230.txt
-rw-r--r-- 1 zoe_ai zoe_ai  82  4月  5 22:42 /home/zoe_ai/.ceclaw/knowledge/bridge/policies/20260405_224229.txt
-rw-r--r-- 1 zoe_ai zoe_ai 132  4月  5 22:42 /home/zoe_ai/.ceclaw/knowledge/bridge/policies/20260405_224228.txt
-rw-r--r-- 1 zoe_ai zoe_ai  78  4月  5 22:42 /home/zoe_ai/.ceclaw/knowledge/bridge/policies/20260405_224227.txt
-rw-r--r-- 1 zoe_ai zoe_ai 128  4月  5 22:42 /home/zoe_ai/.ceclaw/knowledge/bridge/policies/20260405_224226.txt
-rw-r--r-- 1 zoe_ai zoe_ai  90  4月  5 22:42 /home/zoe_ai/.ceclaw/knowledge/bridge/policies/20260405_224225.txt
-rw-r--r-- 1 zoe_ai zoe_ai 129  4月  5 22:42 /home/zoe_ai/.ceclaw/knowledge/bridge/policies/20260405_224223.txt
-rw-r--r-- 1 zoe_ai zoe_ai 132  4月  5 22:42 /home/zoe_ai/.ceclaw/knowledge/bridge/policies/20260405_224221.txt

--- Hermes 側（MEMORY.md 最新10筆）---
[2026-04-05 22:42:23] [企業規則] 已採納：dept/security
資安規範：禁止將公司資料上傳至個人雲端儲存服務
§
[2026-04-05 22:42:25] [企業規則] burnin round 6
[企業政策更新] 資安規範：禁止將公司資料上傳至個人雲端儲存服務
§
[2026-04-05 22:42:26] [企業規則] 已採納：dept/finance
財務規範：單筆採購超過一萬元需主管簽核
§
[2026-04-05 22:42:27] [企業規則] burnin round 7
[企業政策更新] 財務規範：單筆採購超過一萬元需主管簽核
§
[2026-04-05 22:42:28] [企業規則] 已採納：dept/engineering
研發部門規範：每週五下午進行 code review 會議
§
[2026-04-05 22:42:29] [企業規則] burnin round 8
[企業政策更新] 研發部門規範：每週五下午進行 code review 會議
§
[2026-04-05 22:42:30] [企業規則] 已採納：dept/customer-support
客服部門規範：所有投訴案件必須在24小時內回覆
§
[2026-04-05 22:42:32] [企業規則] burnin round 9
[企業政策更新] 客服部門規範：所有投訴案件必須在24小時內回覆
§
[2026-04-05 22:42:32] [企業規則] 已採納：dept/marketing
行銷部門規範：所有對外文案發布前需主管審核
§
[2026-04-05 22:42:34] [企業規則] burnin round 10
[企業政策更新] 行銷部門規範：所有對外文案發布前需主管審核
=========================================
