Log: /home/zoe_ai/ceclaw/scripts/burnin_20260405_163417.log

-----------------------------------------
[1;33m第 1/3 輪 | 部門：customer-support[0m
-----------------------------------------
  [0;34m[→ IN ][0m Hermes 提交：客服部門規範：所有投訴案件必須在24小時內回覆...
  [0;32m[✓][0m pending: 20260405_163417_burnin.json
  [0;34m[→ IN ][0m 主管審核 approve...
  [0;32m[✓][0m 已入庫 dept/customer-support
  [0;34m[← OUT][0m RAG 查詢：客服部門投訴案件的回覆時限是多久？
  [0;32m[← OUT][0m AI 正確引用：根據客服部門規範，所有投訴案件必須在 24 小時內回覆。...
  [0;34m[→ OUT][0m OpenClaw 推送政策到 Hermes...
  [0;32m[← IN ][0m Hermes MEMORY.md 已更新
  ⏱  本輪耗時：1656ms

-----------------------------------------
[1;33m第 2/3 輪 | 部門：marketing[0m
-----------------------------------------
  [0;34m[→ IN ][0m Hermes 提交：行銷部門規範：所有對外文案發布前需主管審核...
  [0;32m[✓][0m pending: 20260405_163419_burnin.json
  [0;34m[→ IN ][0m 主管審核 approve...
  [0;32m[✓][0m 已入庫 dept/marketing
  [0;34m[← OUT][0m RAG 查詢：行銷文案發布前需要什麼程序？
  [0;32m[← OUT][0m AI 正確引用：根據企業知識庫規範，所有對外文案發布前，需要經過主管審核。...
  [0;34m[→ OUT][0m OpenClaw 推送政策到 Hermes...
  [0;32m[← IN ][0m Hermes MEMORY.md 已更新
  ⏱  本輪耗時：1686ms

-----------------------------------------
[1;33m第 3/3 輪 | 部門：sales[0m
-----------------------------------------
  [0;34m[→ IN ][0m Hermes 提交：業務部門規範：報價單需附上有效期限，最長30天...
  [0;32m[✓][0m pending: 20260405_163421_burnin.json
  [0;34m[→ IN ][0m 主管審核 approve...
  [0;32m[✓][0m 已入庫 dept/sales
  [0;34m[← OUT][0m RAG 查詢：業務報價單的有效期限規定是什麼？
  [0;32m[← OUT][0m AI 正確引用：根據業務部門規範，報價單需附上有效期限，最長為 30 天。...
  [0;34m[→ OUT][0m OpenClaw 推送政策到 Hermes...
  [0;32m[← IN ][0m Hermes MEMORY.md 已更新
  ⏱  本輪耗時：1638ms

=========================================
 燒機結果
=========================================
 總輪數：3
 [0;32m通過：3[0m
 [0;31m失敗：0[0m
 平均耗時：1660ms
=========================================

=========================================
 雙向溝通證據
=========================================

--- CECLAW 側（approved 入庫記錄）---
-rw-r--r-- 1 zoe_ai zoe_ai 267  4月  5 16:34 /home/zoe_ai/.ceclaw/knowledge/bridge/approved/20260405_163421_burnin.json
-rw-r--r-- 1 zoe_ai zoe_ai 269  4月  5 16:34 /home/zoe_ai/.ceclaw/knowledge/bridge/approved/20260405_163419_burnin.json
-rw-r--r-- 1 zoe_ai zoe_ai 278  4月  5 16:34 /home/zoe_ai/.ceclaw/knowledge/bridge/approved/20260405_163417_burnin.json
-rw-r--r-- 1 zoe_ai zoe_ai 267  4月  5 16:28 /home/zoe_ai/.ceclaw/knowledge/bridge/approved/20260405_162835_burnin.json
-rw-r--r-- 1 zoe_ai zoe_ai 269  4月  5 16:28 /home/zoe_ai/.ceclaw/knowledge/bridge/approved/20260405_162834_burnin.json
-rw-r--r-- 1 zoe_ai zoe_ai 278  4月  5 16:28 /home/zoe_ai/.ceclaw/knowledge/bridge/approved/20260405_162832_burnin.json
-rw-r--r-- 1 zoe_ai zoe_ai 267  4月  5 16:27 /home/zoe_ai/.ceclaw/knowledge/bridge/approved/20260405_162744_burnin.json
-rw-r--r-- 1 zoe_ai zoe_ai 269  4月  5 16:27 /home/zoe_ai/.ceclaw/knowledge/bridge/approved/20260405_162742_burnin.json
-rw-r--r-- 1 zoe_ai zoe_ai 278  4月  5 16:27 /home/zoe_ai/.ceclaw/knowledge/bridge/approved/20260405_162741_burnin.json
-rw-r--r-- 1 zoe_ai zoe_ai 272  4月  5 16:15 /home/zoe_ai/.ceclaw/knowledge/bridge/approved/20260405_161449_kent.json

--- CECLAW 側（policies 推送記錄）---
-rw-r--r-- 1 zoe_ai zoe_ai  86  4月  5 16:34 /home/zoe_ai/.ceclaw/knowledge/bridge/policies/20260405_163422.txt
-rw-r--r-- 1 zoe_ai zoe_ai 126  4月  5 16:34 /home/zoe_ai/.ceclaw/knowledge/bridge/policies/20260405_163421.txt
-rw-r--r-- 1 zoe_ai zoe_ai  84  4月  5 16:34 /home/zoe_ai/.ceclaw/knowledge/bridge/policies/20260405_163420.txt
-rw-r--r-- 1 zoe_ai zoe_ai 130  4月  5 16:34 /home/zoe_ai/.ceclaw/knowledge/bridge/policies/20260405_163419.txt
-rw-r--r-- 1 zoe_ai zoe_ai 137  4月  5 16:34 /home/zoe_ai/.ceclaw/knowledge/bridge/policies/20260405_163417.txt
-rw-r--r-- 1 zoe_ai zoe_ai  86  4月  5 16:28 /home/zoe_ai/.ceclaw/knowledge/bridge/policies/20260405_162837.txt
-rw-r--r-- 1 zoe_ai zoe_ai 126  4月  5 16:28 /home/zoe_ai/.ceclaw/knowledge/bridge/policies/20260405_162836.txt
-rw-r--r-- 1 zoe_ai zoe_ai  84  4月  5 16:28 /home/zoe_ai/.ceclaw/knowledge/bridge/policies/20260405_162835.txt
-rw-r--r-- 1 zoe_ai zoe_ai 130  4月  5 16:28 /home/zoe_ai/.ceclaw/knowledge/bridge/policies/20260405_162834.txt
-rw-r--r-- 1 zoe_ai zoe_ai 137  4月  5 16:28 /home/zoe_ai/.ceclaw/knowledge/bridge/policies/20260405_162832.txt

--- Hermes 側（MEMORY.md 最新10筆）---
[企業規則] burnin round 1
[企業政策更新] 客服部門規範：所有投訴案件必須在24小時內回覆
§
[企業規則] burnin round 2
[企業政策更新] 行銷部門規範：所有對外文案發布前需主管審核
§
[企業規則] burnin round 3
[企業政策更新] 業務部門規範：報價單需附上有效期限，最長30天
§
[企業規則] burnin round 1
[企業政策更新] 客服部門規範：所有投訴案件必須在24小時內回覆
§
[企業規則] burnin round 2
[企業政策更新] 行銷部門規範：所有對外文案發布前需主管審核
§
[企業規則] burnin round 3
[企業政策更新] 業務部門規範：報價單需附上有效期限，最長30天
§
[2026-04-05 16:34:19] [企業規則] burnin round 1
[企業政策更新] 客服部門規範：所有投訴案件必須在24小時內回覆
§
[2026-04-05 16:34:20] [企業規則] burnin round 2
[企業政策更新] 行銷部門規範：所有對外文案發布前需主管審核
§
[2026-04-05 16:34:22] [企業規則] burnin round 3
[企業政策更新] 業務部門規範：報價單需附上有效期限，最長30天
=========================================
