Log: /home/zoe_ai/ceclaw/scripts/shared_burnin_20260406_060330.log
=========================================
 CECLAW 雙向溝通燒機 x 200 輪
=========================================
使用 session: sess_126cf6db3f8247ff8f6ea5612e2ffd58

-----------------------------------------
[1;33m第 1/200 輪[0m
-----------------------------------------
  [0;34m[→ H ][0m Hermes 執行：請用 terminal 執行 date && hostnam...
  [0;32m[✓][0m Hermes 完成（api_calls=2）
  [0;32m[← H→O][0m shared/ h2o: 1 筆待處理
2026-04-06 06:03:47 scan_h2o: processed 1 items
  [0;32m[✓][0m OpenClaw 入庫完成
  [0;32m[O→H ][0m OpenClaw approve → shared/ o2h
2026-04-06 06:03:47 scan_o2h: processed 1 items
  [0;32m[← O ][0m Hermes MEMORY.md 已更新
  ⏱  本輪耗時：17450ms

-----------------------------------------
[1;33m第 2/200 輪[0m
-----------------------------------------
  [0;34m[→ H ][0m Hermes 執行：請用 terminal 執行 uptime，告訴我系統運行時...
  [0;32m[✓][0m Hermes 完成（api_calls=2）
  [0;32m[← H→O][0m shared/ h2o: 1 筆待處理
2026-04-06 06:04:02 scan_h2o: processed 1 items
  [0;32m[✓][0m OpenClaw 入庫完成
  [0;32m[O→H ][0m OpenClaw approve → shared/ o2h
2026-04-06 06:04:03 scan_o2h: processed 1 items
  [0;32m[← O ][0m Hermes MEMORY.md 已更新
  ⏱  本輪耗時：15597ms

-----------------------------------------
[1;33m第 3/200 輪[0m
-----------------------------------------
  [0;34m[→ H ][0m Hermes 執行：請用 terminal 執行 df -h / | tail ...
  [0;32m[✓][0m Hermes 完成（api_calls=2）
  [0;32m[← H→O][0m shared/ h2o: 1 筆待處理
2026-04-06 06:04:21 scan_h2o: processed 1 items
  [0;32m[✓][0m OpenClaw 入庫完成
  [0;32m[O→H ][0m OpenClaw approve → shared/ o2h
2026-04-06 06:04:21 scan_o2h: processed 1 items
  [0;32m[← O ][0m Hermes MEMORY.md 已更新
  ⏱  本輪耗時：18251ms

-----------------------------------------
[1;33m第 4/200 輪[0m
-----------------------------------------
  [0;34m[→ H ][0m Hermes 執行：請用 terminal 執行 free -h | grep ...
  [0;32m[✓][0m Hermes 完成（api_calls=2）
  [0;32m[← H→O][0m shared/ h2o: 1 筆待處理
2026-04-06 06:04:38 scan_h2o: processed 1 items
  [0;32m[✓][0m OpenClaw 入庫完成
  [0;32m[O→H ][0m OpenClaw approve → shared/ o2h
2026-04-06 06:04:39 scan_o2h: processed 1 items
  [0;32m[← O ][0m Hermes MEMORY.md 已更新
  ⏱  本輪耗時：17637ms

-----------------------------------------
[1;33m第 5/200 輪[0m
-----------------------------------------
  [0;34m[→ H ][0m Hermes 執行：請用 terminal 執行 whoami && pwd，告...
  [0;32m[✓][0m Hermes 完成（api_calls=2）
  [0;32m[← H→O][0m shared/ h2o: 1 筆待處理
2026-04-06 06:04:55 scan_h2o: processed 1 items
  [0;32m[✓][0m OpenClaw 入庫完成
  [0;32m[O→H ][0m OpenClaw approve → shared/ o2h
2026-04-06 06:04:55 scan_o2h: processed 1 items
  [0;32m[← O ][0m Hermes MEMORY.md 已更新
  ⏱  本輪耗時：16554ms

-----------------------------------------
[1;33m第 6/200 輪[0m
-----------------------------------------
  [0;34m[→ H ][0m Hermes 執行：請用 terminal 執行 date && hostnam...
  [0;32m[✓][0m Hermes 完成（api_calls=2）
  [0;32m[← H→O][0m shared/ h2o: 1 筆待處理
2026-04-06 06:05:12 scan_h2o: processed 1 items
  [0;32m[✓][0m OpenClaw 入庫完成
  [0;32m[O→H ][0m OpenClaw approve → shared/ o2h
2026-04-06 06:05:12 scan_o2h: processed 1 items
  [0;32m[← O ][0m Hermes MEMORY.md 已更新
  ⏱  本輪耗時：16954ms

-----------------------------------------
[1;33m第 7/200 輪[0m
-----------------------------------------
  [0;34m[→ H ][0m Hermes 執行：請用 terminal 執行 uptime，告訴我系統運行時...
  [0;32m[✓][0m Hermes 完成（api_calls=2）
  [0;32m[← H→O][0m shared/ h2o: 1 筆待處理
2026-04-06 06:05:28 scan_h2o: processed 1 items
  [0;32m[✓][0m OpenClaw 入庫完成
  [0;32m[O→H ][0m OpenClaw approve → shared/ o2h
2026-04-06 06:05:28 scan_o2h: processed 1 items
  [0;32m[← O ][0m Hermes MEMORY.md 已更新
  ⏱  本輪耗時：16272ms

-----------------------------------------
[1;33m第 8/200 輪[0m
-----------------------------------------
  [0;34m[→ H ][0m Hermes 執行：請用 terminal 執行 df -h / | tail ...
  [0;32m[✓][0m Hermes 完成（api_calls=2）
  [0;32m[← H→O][0m shared/ h2o: 1 筆待處理
2026-04-06 06:05:46 scan_h2o: processed 1 items
  [0;32m[✓][0m OpenClaw 入庫完成
  [0;32m[O→H ][0m OpenClaw approve → shared/ o2h
2026-04-06 06:05:47 scan_o2h: processed 1 items
  [0;32m[← O ][0m Hermes MEMORY.md 已更新
  ⏱  本輪耗時：18168ms

-----------------------------------------
[1;33m第 9/200 輪[0m
-----------------------------------------
  [0;34m[→ H ][0m Hermes 執行：請用 terminal 執行 free -h | grep ...
  [0;32m[✓][0m Hermes 完成（api_calls=2）
  [0;32m[← H→O][0m shared/ h2o: 1 筆待處理
2026-04-06 06:06:04 scan_h2o: processed 1 items
  [0;32m[✓][0m OpenClaw 入庫完成
  [0;32m[O→H ][0m OpenClaw approve → shared/ o2h
2026-04-06 06:06:05 scan_o2h: processed 1 items
  [0;32m[← O ][0m Hermes MEMORY.md 已更新
  ⏱  本輪耗時：18094ms

-----------------------------------------
[1;33m第 10/200 輪[0m
-----------------------------------------
  [0;34m[→ H ][0m Hermes 執行：請用 terminal 執行 whoami && pwd，告...
  [0;32m[✓][0m Hermes 完成（api_calls=2）
  [0;32m[← H→O][0m shared/ h2o: 1 筆待處理
2026-04-06 06:06:21 scan_h2o: processed 1 items
  [0;32m[✓][0m OpenClaw 入庫完成
  [0;32m[O→H ][0m OpenClaw approve → shared/ o2h
2026-04-06 06:06:21 scan_o2h: processed 1 items
  [0;32m[← O ][0m Hermes MEMORY.md 已更新
  ⏱  本輪耗時：16636ms

-----------------------------------------
[1;33m第 11/200 輪[0m
-----------------------------------------
  [0;34m[→ H ][0m Hermes 執行：請用 terminal 執行 date && hostnam...
  [0;32m[✓][0m Hermes 完成（api_calls=2）
  [0;32m[← H→O][0m shared/ h2o: 1 筆待處理
2026-04-06 06:06:39 scan_h2o: processed 1 items
  [0;32m[✓][0m OpenClaw 入庫完成
  [0;32m[O→H ][0m OpenClaw approve → shared/ o2h
2026-04-06 06:06:39 scan_o2h: processed 1 items
  [0;32m[← O ][0m Hermes MEMORY.md 已更新
  ⏱  本輪耗時：17540ms

-----------------------------------------
[1;33m第 12/200 輪[0m
-----------------------------------------
  [0;34m[→ H ][0m Hermes 執行：請用 terminal 執行 uptime，告訴我系統運行時...
  [0;32m[✓][0m Hermes 完成（api_calls=2）
  [0;32m[← H→O][0m shared/ h2o: 1 筆待處理
2026-04-06 06:06:55 scan_h2o: processed 1 items
  [0;32m[✓][0m OpenClaw 入庫完成
  [0;32m[O→H ][0m OpenClaw approve → shared/ o2h
2026-04-06 06:06:56 scan_o2h: processed 1 items
  [0;32m[← O ][0m Hermes MEMORY.md 已更新
  ⏱  本輪耗時：16740ms

-----------------------------------------
[1;33m第 13/200 輪[0m
-----------------------------------------
  [0;34m[→ H ][0m Hermes 執行：請用 terminal 執行 df -h / | tail ...
  [0;32m[✓][0m Hermes 完成（api_calls=2）
  [0;32m[← H→O][0m shared/ h2o: 1 筆待處理
2026-04-06 06:07:14 scan_h2o: processed 1 items
  [0;32m[✓][0m OpenClaw 入庫完成
  [0;32m[O→H ][0m OpenClaw approve → shared/ o2h
2026-04-06 06:07:14 scan_o2h: processed 1 items
  [0;32m[← O ][0m Hermes MEMORY.md 已更新
  ⏱  本輪耗時：18450ms

-----------------------------------------
[1;33m第 14/200 輪[0m
-----------------------------------------
  [0;34m[→ H ][0m Hermes 執行：請用 terminal 執行 free -h | grep ...
  [0;32m[✓][0m Hermes 完成（api_calls=2）
  [0;32m[← H→O][0m shared/ h2o: 1 筆待處理
2026-04-06 06:07:32 scan_h2o: processed 1 items
  [0;32m[✓][0m OpenClaw 入庫完成
  [0;32m[O→H ][0m OpenClaw approve → shared/ o2h
2026-04-06 06:07:33 scan_o2h: processed 1 items
  [0;32m[← O ][0m Hermes MEMORY.md 已更新
  ⏱  本輪耗時：18723ms

-----------------------------------------
[1;33m第 15/200 輪[0m
-----------------------------------------
  [0;34m[→ H ][0m Hermes 執行：請用 terminal 執行 whoami && pwd，告...
  [0;32m[✓][0m Hermes 完成（api_calls=2）
  [0;32m[← H→O][0m shared/ h2o: 1 筆待處理
2026-04-06 06:07:50 scan_h2o: processed 1 items
  [0;32m[✓][0m OpenClaw 入庫完成
  [0;32m[O→H ][0m OpenClaw approve → shared/ o2h
2026-04-06 06:07:51 scan_o2h: processed 1 items
  [0;32m[← O ][0m Hermes MEMORY.md 已更新
  ⏱  本輪耗時：17873ms

-----------------------------------------
[1;33m第 16/200 輪[0m
-----------------------------------------
  [0;34m[→ H ][0m Hermes 執行：請用 terminal 執行 date && hostnam...
  [0;32m[✓][0m Hermes 完成（api_calls=2）
  [0;32m[← H→O][0m shared/ h2o: 1 筆待處理
2026-04-06 06:08:08 scan_h2o: processed 1 items
  [0;32m[✓][0m OpenClaw 入庫完成
  [0;32m[O→H ][0m OpenClaw approve → shared/ o2h
2026-04-06 06:08:09 scan_o2h: processed 1 items
  [0;32m[← O ][0m Hermes MEMORY.md 已更新
  ⏱  本輪耗時：18015ms

-----------------------------------------
[1;33m第 17/200 輪[0m
-----------------------------------------
  [0;34m[→ H ][0m Hermes 執行：請用 terminal 執行 uptime，告訴我系統運行時...
  [0;32m[✓][0m Hermes 完成（api_calls=2）
  [0;32m[← H→O][0m shared/ h2o: 1 筆待處理
2026-04-06 06:08:26 scan_h2o: processed 1 items
  [0;32m[✓][0m OpenClaw 入庫完成
  [0;32m[O→H ][0m OpenClaw approve → shared/ o2h
2026-04-06 06:08:26 scan_o2h: processed 1 items
  [0;32m[← O ][0m Hermes MEMORY.md 已更新
  ⏱  本輪耗時：17466ms

-----------------------------------------
[1;33m第 18/200 輪[0m
-----------------------------------------
  [0;34m[→ H ][0m Hermes 執行：請用 terminal 執行 df -h / | tail ...
  [0;32m[✓][0m Hermes 完成（api_calls=2）
  [0;32m[← H→O][0m shared/ h2o: 1 筆待處理
2026-04-06 06:08:45 scan_h2o: processed 1 items
  [0;32m[✓][0m OpenClaw 入庫完成
  [0;32m[O→H ][0m OpenClaw approve → shared/ o2h
2026-04-06 06:08:45 scan_o2h: processed 1 items
  [0;32m[← O ][0m Hermes MEMORY.md 已更新
  ⏱  本輪耗時：19120ms

-----------------------------------------
[1;33m第 19/200 輪[0m
-----------------------------------------
  [0;34m[→ H ][0m Hermes 執行：請用 terminal 執行 free -h | grep ...
  [0;32m[✓][0m Hermes 完成（api_calls=2）
  [0;32m[← H→O][0m shared/ h2o: 1 筆待處理
2026-04-06 06:09:04 scan_h2o: processed 1 items
  [0;32m[✓][0m OpenClaw 入庫完成
  [0;32m[O→H ][0m OpenClaw approve → shared/ o2h
2026-04-06 06:09:05 scan_o2h: processed 1 items
  [0;32m[← O ][0m Hermes MEMORY.md 已更新
  ⏱  本輪耗時：19278ms

-----------------------------------------
[1;33m第 20/200 輪[0m
-----------------------------------------
  [0;34m[→ H ][0m Hermes 執行：請用 terminal 執行 whoami && pwd，告...
  [0;32m[✓][0m Hermes 完成（api_calls=2）
  [0;32m[← H→O][0m shared/ h2o: 1 筆待處理
2026-04-06 06:09:22 scan_h2o: processed 1 items
  [0;32m[✓][0m OpenClaw 入庫完成
  [0;32m[O→H ][0m OpenClaw approve → shared/ o2h
2026-04-06 06:09:22 scan_o2h: processed 1 items
  [0;32m[← O ][0m Hermes MEMORY.md 已更新
  ⏱  本輪耗時：17917ms

-----------------------------------------
[1;33m第 21/200 輪[0m
-----------------------------------------
  [0;34m[→ H ][0m Hermes 執行：請用 terminal 執行 date && hostnam...
  [0;32m[✓][0m Hermes 完成（api_calls=2）
  [0;32m[← H→O][0m shared/ h2o: 1 筆待處理
2026-04-06 06:09:41 scan_h2o: processed 1 items
  [0;32m[✓][0m OpenClaw 入庫完成
  [0;32m[O→H ][0m OpenClaw approve → shared/ o2h
2026-04-06 06:09:41 scan_o2h: processed 1 items
  [0;32m[← O ][0m Hermes MEMORY.md 已更新
  ⏱  本輪耗時：18644ms

-----------------------------------------
[1;33m第 22/200 輪[0m
-----------------------------------------
  [0;34m[→ H ][0m Hermes 執行：請用 terminal 執行 uptime，告訴我系統運行時...
  [0;32m[✓][0m Hermes 完成（api_calls=2）
  [0;32m[← H→O][0m shared/ h2o: 1 筆待處理
2026-04-06 06:09:59 scan_h2o: processed 1 items
  [0;32m[✓][0m OpenClaw 入庫完成
  [0;32m[O→H ][0m OpenClaw approve → shared/ o2h
2026-04-06 06:09:59 scan_o2h: processed 1 items
  [0;32m[← O ][0m Hermes MEMORY.md 已更新
  ⏱  本輪耗時：17730ms

-----------------------------------------
[1;33m第 23/200 輪[0m
-----------------------------------------
  [0;34m[→ H ][0m Hermes 執行：請用 terminal 執行 df -h / | tail ...
  [0;32m[✓][0m Hermes 完成（api_calls=2）
  [0;32m[← H→O][0m shared/ h2o: 1 筆待處理
2026-04-06 06:10:18 scan_h2o: processed 1 items
  [0;32m[✓][0m OpenClaw 入庫完成
  [0;32m[O→H ][0m OpenClaw approve → shared/ o2h
2026-04-06 06:10:18 scan_o2h: processed 1 items
  [0;32m[← O ][0m Hermes MEMORY.md 已更新
  ⏱  本輪耗時：19538ms

-----------------------------------------
[1;33m第 24/200 輪[0m
-----------------------------------------
  [0;34m[→ H ][0m Hermes 執行：請用 terminal 執行 free -h | grep ...
  [0;32m[✓][0m Hermes 完成（api_calls=2）
  [0;32m[← H→O][0m shared/ h2o: 1 筆待處理
2026-04-06 06:10:38 scan_h2o: processed 1 items
  [0;32m[✓][0m OpenClaw 入庫完成
  [0;32m[O→H ][0m OpenClaw approve → shared/ o2h
2026-04-06 06:10:38 scan_o2h: processed 1 items
  [0;32m[← O ][0m Hermes MEMORY.md 已更新
  ⏱  本輪耗時：19847ms

-----------------------------------------
[1;33m第 25/200 輪[0m
-----------------------------------------
  [0;34m[→ H ][0m Hermes 執行：請用 terminal 執行 whoami && pwd，告...
  [0;32m[✓][0m Hermes 完成（api_calls=2）
  [0;32m[← H→O][0m shared/ h2o: 1 筆待處理
2026-04-06 06:10:56 scan_h2o: processed 1 items
  [0;32m[✓][0m OpenClaw 入庫完成
  [0;32m[O→H ][0m OpenClaw approve → shared/ o2h
2026-04-06 06:10:57 scan_o2h: processed 1 items
  [0;32m[← O ][0m Hermes MEMORY.md 已更新
  ⏱  本輪耗時：18519ms

-----------------------------------------
[1;33m第 26/200 輪[0m
-----------------------------------------
  [0;34m[→ H ][0m Hermes 執行：請用 terminal 執行 date && hostnam...
  [0;32m[✓][0m Hermes 完成（api_calls=2）
  [0;32m[← H→O][0m shared/ h2o: 1 筆待處理
2026-04-06 06:11:15 scan_h2o: processed 1 items
  [0;32m[✓][0m OpenClaw 入庫完成
  [0;32m[O→H ][0m OpenClaw approve → shared/ o2h
2026-04-06 06:11:16 scan_o2h: processed 1 items
  [0;32m[← O ][0m Hermes MEMORY.md 已更新
  ⏱  本輪耗時：19028ms

-----------------------------------------
[1;33m第 27/200 輪[0m
-----------------------------------------
  [0;34m[→ H ][0m Hermes 執行：請用 terminal 執行 uptime，告訴我系統運行時...
  [0;32m[✓][0m Hermes 完成（api_calls=2）
  [0;32m[← H→O][0m shared/ h2o: 1 筆待處理
2026-04-06 06:11:34 scan_h2o: processed 1 items
  [0;32m[✓][0m OpenClaw 入庫完成
  [0;32m[O→H ][0m OpenClaw approve → shared/ o2h
2026-04-06 06:11:34 scan_o2h: processed 1 items
  [0;32m[← O ][0m Hermes MEMORY.md 已更新
  ⏱  本輪耗時：18368ms

-----------------------------------------
[1;33m第 28/200 輪[0m
-----------------------------------------
  [0;34m[→ H ][0m Hermes 執行：請用 terminal 執行 df -h / | tail ...
  [0;32m[✓][0m Hermes 完成（api_calls=2）
  [0;32m[← H→O][0m shared/ h2o: 1 筆待處理
2026-04-06 06:11:54 scan_h2o: processed 1 items
  [0;32m[✓][0m OpenClaw 入庫完成
  [0;32m[O→H ][0m OpenClaw approve → shared/ o2h
2026-04-06 06:11:54 scan_o2h: processed 1 items
  [0;32m[← O ][0m Hermes MEMORY.md 已更新
  ⏱  本輪耗時：19943ms

-----------------------------------------
[1;33m第 29/200 輪[0m
-----------------------------------------
  [0;34m[→ H ][0m Hermes 執行：請用 terminal 執行 free -h | grep ...
  [0;32m[✓][0m Hermes 完成（api_calls=2）
  [0;32m[← H→O][0m shared/ h2o: 1 筆待處理
2026-04-06 06:12:14 scan_h2o: processed 1 items
  [0;32m[✓][0m OpenClaw 入庫完成
  [0;32m[O→H ][0m OpenClaw approve → shared/ o2h
2026-04-06 06:12:14 scan_o2h: processed 1 items
  [0;32m[← O ][0m Hermes MEMORY.md 已更新
  ⏱  本輪耗時：20333ms

-----------------------------------------
[1;33m第 30/200 輪[0m
-----------------------------------------
  [0;34m[→ H ][0m Hermes 執行：請用 terminal 執行 whoami && pwd，告...
  [0;32m[✓][0m Hermes 完成（api_calls=2）
  [0;32m[← H→O][0m shared/ h2o: 1 筆待處理
2026-04-06 06:12:33 scan_h2o: processed 1 items
  [0;32m[✓][0m OpenClaw 入庫完成
  [0;32m[O→H ][0m OpenClaw approve → shared/ o2h
2026-04-06 06:12:33 scan_o2h: processed 1 items
  [0;32m[← O ][0m Hermes MEMORY.md 已更新
  ⏱  本輪耗時：18993ms

-----------------------------------------
[1;33m第 31/200 輪[0m
-----------------------------------------
  [0;34m[→ H ][0m Hermes 執行：請用 terminal 執行 date && hostnam...
  [0;32m[✓][0m Hermes 完成（api_calls=2）
  [0;32m[← H→O][0m shared/ h2o: 1 筆待處理
2026-04-06 06:12:54 scan_h2o: processed 1 items
  [0;32m[✓][0m OpenClaw 入庫完成
  [0;32m[O→H ][0m OpenClaw approve → shared/ o2h
2026-04-06 06:12:54 scan_o2h: processed 1 items
  [0;32m[← O ][0m Hermes MEMORY.md 已更新
  ⏱  本輪耗時：20548ms

-----------------------------------------
[1;33m第 32/200 輪[0m
-----------------------------------------
  [0;34m[→ H ][0m Hermes 執行：請用 terminal 執行 uptime，告訴我系統運行時...
  [0;32m[✓][0m Hermes 完成（api_calls=2）
  [0;32m[← H→O][0m shared/ h2o: 1 筆待處理
2026-04-06 06:13:13 scan_h2o: processed 1 items
  [0;32m[✓][0m OpenClaw 入庫完成
  [0;32m[O→H ][0m OpenClaw approve → shared/ o2h
2026-04-06 06:13:13 scan_o2h: processed 1 items
  [0;32m[← O ][0m Hermes MEMORY.md 已更新
  ⏱  本輪耗時：19177ms

-----------------------------------------
[1;33m第 33/200 輪[0m
-----------------------------------------
  [0;34m[→ H ][0m Hermes 執行：請用 terminal 執行 df -h / | tail ...
  [0;32m[✓][0m Hermes 完成（api_calls=2）
  [0;32m[← H→O][0m shared/ h2o: 1 筆待處理
2026-04-06 06:13:34 scan_h2o: processed 1 items
  [0;32m[✓][0m OpenClaw 入庫完成
  [0;32m[O→H ][0m OpenClaw approve → shared/ o2h
2026-04-06 06:13:34 scan_o2h: processed 1 items
  [0;32m[← O ][0m Hermes MEMORY.md 已更新
  ⏱  本輪耗時：20633ms

-----------------------------------------
[1;33m第 34/200 輪[0m
-----------------------------------------
  [0;34m[→ H ][0m Hermes 執行：請用 terminal 執行 free -h | grep ...
  [0;32m[✓][0m Hermes 完成（api_calls=2）
  [0;32m[← H→O][0m shared/ h2o: 1 筆待處理
2026-04-06 06:13:54 scan_h2o: processed 1 items
  [0;32m[✓][0m OpenClaw 入庫完成
  [0;32m[O→H ][0m OpenClaw approve → shared/ o2h
2026-04-06 06:13:55 scan_o2h: processed 1 items
  [0;32m[← O ][0m Hermes MEMORY.md 已更新
  ⏱  本輪耗時：20968ms

-----------------------------------------
[1;33m第 35/200 輪[0m
-----------------------------------------
  [0;34m[→ H ][0m Hermes 執行：請用 terminal 執行 whoami && pwd，告...
  [0;32m[✓][0m Hermes 完成（api_calls=2）
  [0;32m[← H→O][0m shared/ h2o: 1 筆待處理
2026-04-06 06:14:15 scan_h2o: processed 1 items
  [0;32m[✓][0m OpenClaw 入庫完成
  [0;32m[O→H ][0m OpenClaw approve → shared/ o2h
2026-04-06 06:14:15 scan_o2h: processed 1 items
  [0;32m[← O ][0m Hermes MEMORY.md 已更新
  ⏱  本輪耗時：20663ms

-----------------------------------------
[1;33m第 36/200 輪[0m
-----------------------------------------
  [0;34m[→ H ][0m Hermes 執行：請用 terminal 執行 date && hostnam...
  [0;32m[✓][0m Hermes 完成（api_calls=2）
  [0;32m[← H→O][0m shared/ h2o: 1 筆待處理
2026-04-06 06:14:37 scan_h2o: processed 1 items
  [0;32m[✓][0m OpenClaw 入庫完成
  [0;32m[O→H ][0m OpenClaw approve → shared/ o2h
2026-04-06 06:14:38 scan_o2h: processed 1 items
  [0;32m[← O ][0m Hermes MEMORY.md 已更新
  ⏱  本輪耗時：22123ms

-----------------------------------------
[1;33m第 37/200 輪[0m
-----------------------------------------
  [0;34m[→ H ][0m Hermes 執行：請用 terminal 執行 uptime，告訴我系統運行時...
  [0;32m[✓][0m Hermes 完成（api_calls=2）
  [0;32m[← H→O][0m shared/ h2o: 1 筆待處理
2026-04-06 06:14:58 scan_h2o: processed 1 items
  [0;32m[✓][0m OpenClaw 入庫完成
  [0;32m[O→H ][0m OpenClaw approve → shared/ o2h
2026-04-06 06:14:58 scan_o2h: processed 1 items
  [0;32m[← O ][0m Hermes MEMORY.md 已更新
  ⏱  本輪耗時：20248ms

-----------------------------------------
[1;33m第 38/200 輪[0m
-----------------------------------------
  [0;34m[→ H ][0m Hermes 執行：請用 terminal 執行 df -h / | tail ...
  [0;32m[✓][0m Hermes 完成（api_calls=2）
  [0;32m[← H→O][0m shared/ h2o: 1 筆待處理
2026-04-06 06:15:19 scan_h2o: processed 1 items
  [0;32m[✓][0m OpenClaw 入庫完成
  [0;32m[O→H ][0m OpenClaw approve → shared/ o2h
2026-04-06 06:15:20 scan_o2h: processed 1 items
  [0;32m[← O ][0m Hermes MEMORY.md 已更新
  ⏱  本輪耗時：22016ms

-----------------------------------------
[1;33m第 39/200 輪[0m
-----------------------------------------
  [0;34m[→ H ][0m Hermes 執行：請用 terminal 執行 free -h | grep ...
  [0;32m[✓][0m Hermes 完成（api_calls=2）
  [0;32m[← H→O][0m shared/ h2o: 1 筆待處理
2026-04-06 06:15:41 scan_h2o: processed 1 items
  [0;32m[✓][0m OpenClaw 入庫完成
  [0;32m[O→H ][0m OpenClaw approve → shared/ o2h
2026-04-06 06:15:42 scan_o2h: processed 1 items
  [0;32m[← O ][0m Hermes MEMORY.md 已更新
  ⏱  本輪耗時：21793ms

-----------------------------------------
[1;33m第 40/200 輪[0m
-----------------------------------------
  [0;34m[→ H ][0m Hermes 執行：請用 terminal 執行 whoami && pwd，告...
  [0;32m[✓][0m Hermes 完成（api_calls=2）
  [0;32m[← H→O][0m shared/ h2o: 1 筆待處理
2026-04-06 06:15:51 scan_h2o: processed 1 items
  [0;32m[✓][0m OpenClaw 入庫完成
  [0;32m[O→H ][0m OpenClaw approve → shared/ o2h
2026-04-06 06:15:51 scan_o2h: processed 1 items
  [0;32m[← O ][0m Hermes MEMORY.md 已更新
  ⏱  本輪耗時：9677ms

-----------------------------------------
[1;33m第 41/200 輪[0m
-----------------------------------------
  [0;34m[→ H ][0m Hermes 執行：請用 terminal 執行 date && hostnam...
  [0;32m[✓][0m Hermes 完成（api_calls=2）
  [0;32m[← H→O][0m shared/ h2o: 1 筆待處理
2026-04-06 06:16:13 scan_h2o: processed 1 items
  [0;32m[✓][0m OpenClaw 入庫完成
  [0;32m[O→H ][0m OpenClaw approve → shared/ o2h
2026-04-06 06:16:14 scan_o2h: processed 1 items
  [0;32m[← O ][0m Hermes MEMORY.md 已更新
  ⏱  本輪耗時：22526ms

-----------------------------------------
[1;33m第 42/200 輪[0m
-----------------------------------------
  [0;34m[→ H ][0m Hermes 執行：請用 terminal 執行 uptime，告訴我系統運行時...
  [0;32m[✓][0m Hermes 完成（api_calls=2）
  [0;32m[← H→O][0m shared/ h2o: 1 筆待處理
2026-04-06 06:16:34 scan_h2o: processed 1 items
  [0;32m[✓][0m OpenClaw 入庫完成
  [0;32m[O→H ][0m OpenClaw approve → shared/ o2h
2026-04-06 06:16:34 scan_o2h: processed 1 items
  [0;32m[← O ][0m Hermes MEMORY.md 已更新
  ⏱  本輪耗時：20604ms

-----------------------------------------
[1;33m第 43/200 輪[0m
-----------------------------------------
  [0;34m[→ H ][0m Hermes 執行：請用 terminal 執行 df -h / | tail ...
  [0;32m[✓][0m Hermes 完成（api_calls=2）
  [0;32m[← H→O][0m shared/ h2o: 1 筆待處理
2026-04-06 06:16:57 scan_h2o: processed 1 items
  [0;32m[✓][0m OpenClaw 入庫完成
  [0;32m[O→H ][0m OpenClaw approve → shared/ o2h
2026-04-06 06:16:57 scan_o2h: processed 1 items
  [0;32m[← O ][0m Hermes MEMORY.md 已更新
  ⏱  本輪耗時：22664ms

-----------------------------------------
[1;33m第 44/200 輪[0m
-----------------------------------------
  [0;34m[→ H ][0m Hermes 執行：請用 terminal 執行 free -h | grep ...
  [0;32m[✓][0m Hermes 完成（api_calls=2）
  [0;32m[← H→O][0m shared/ h2o: 1 筆待處理
2026-04-06 06:17:20 scan_h2o: processed 1 items
  [0;32m[✓][0m OpenClaw 入庫完成
  [0;32m[O→H ][0m OpenClaw approve → shared/ o2h
2026-04-06 06:17:20 scan_o2h: processed 1 items
  [0;32m[← O ][0m Hermes MEMORY.md 已更新
  ⏱  本輪耗時：22794ms

-----------------------------------------
[1;33m第 45/200 輪[0m
-----------------------------------------
  [0;34m[→ H ][0m Hermes 執行：請用 terminal 執行 whoami && pwd，告...
  [0;32m[✓][0m Hermes 完成（api_calls=2）
  [0;32m[← H→O][0m shared/ h2o: 1 筆待處理
2026-04-06 06:17:41 scan_h2o: processed 1 items
  [0;32m[✓][0m OpenClaw 入庫完成
  [0;32m[O→H ][0m OpenClaw approve → shared/ o2h
2026-04-06 06:17:41 scan_o2h: processed 1 items
  [0;32m[← O ][0m Hermes MEMORY.md 已更新
  ⏱  本輪耗時：21236ms

-----------------------------------------
[1;33m第 46/200 輪[0m
-----------------------------------------
  [0;34m[→ H ][0m Hermes 執行：請用 terminal 執行 date && hostnam...
  [0;32m[✓][0m Hermes 完成（api_calls=2）
  [0;32m[← H→O][0m shared/ h2o: 1 筆待處理
2026-04-06 06:18:03 scan_h2o: processed 1 items
  [0;32m[✓][0m OpenClaw 入庫完成
  [0;32m[O→H ][0m OpenClaw approve → shared/ o2h
2026-04-06 06:18:04 scan_o2h: processed 1 items
  [0;32m[← O ][0m Hermes MEMORY.md 已更新
  ⏱  本輪耗時：22750ms

-----------------------------------------
[1;33m第 47/200 輪[0m
-----------------------------------------
  [0;34m[→ H ][0m Hermes 執行：請用 terminal 執行 uptime，告訴我系統運行時...
  [0;32m[✓][0m Hermes 完成（api_calls=2）
  [0;32m[← H→O][0m shared/ h2o: 1 筆待處理
2026-04-06 06:18:13 scan_h2o: processed 1 items
  [0;32m[✓][0m OpenClaw 入庫完成
  [0;32m[O→H ][0m OpenClaw approve → shared/ o2h
2026-04-06 06:18:13 scan_o2h: processed 1 items
  [0;32m[← O ][0m Hermes MEMORY.md 已更新
  ⏱  本輪耗時：9217ms

-----------------------------------------
[1;33m第 48/200 輪[0m
-----------------------------------------
  [0;34m[→ H ][0m Hermes 執行：請用 terminal 執行 df -h / | tail ...
  [0;32m[✓][0m Hermes 完成（api_calls=2）
  [0;32m[← H→O][0m shared/ h2o: 1 筆待處理
2026-04-06 06:18:37 scan_h2o: processed 1 items
  [0;32m[✓][0m OpenClaw 入庫完成
  [0;32m[O→H ][0m OpenClaw approve → shared/ o2h
2026-04-06 06:18:37 scan_o2h: processed 1 items
  [0;32m[← O ][0m Hermes MEMORY.md 已更新
  ⏱  本輪耗時：23867ms

-----------------------------------------
[1;33m第 49/200 輪[0m
-----------------------------------------
  [0;34m[→ H ][0m Hermes 執行：請用 terminal 執行 free -h | grep ...
  [0;32m[✓][0m Hermes 完成（api_calls=2）
  [0;32m[← H→O][0m shared/ h2o: 1 筆待處理
2026-04-06 06:19:00 scan_h2o: processed 1 items
  [0;32m[✓][0m OpenClaw 入庫完成
  [0;32m[O→H ][0m OpenClaw approve → shared/ o2h
2026-04-06 06:19:00 scan_o2h: processed 1 items
  [0;32m[← O ][0m Hermes MEMORY.md 已更新
  ⏱  本輪耗時：23505ms

-----------------------------------------
[1;33m第 50/200 輪[0m
-----------------------------------------
  [0;34m[→ H ][0m Hermes 執行：請用 terminal 執行 whoami && pwd，告...
  [0;32m[✓][0m Hermes 完成（api_calls=2）
  [0;32m[← H→O][0m shared/ h2o: 1 筆待處理
2026-04-06 06:19:22 scan_h2o: processed 1 items
  [0;32m[✓][0m OpenClaw 入庫完成
  [0;32m[O→H ][0m OpenClaw approve → shared/ o2h
2026-04-06 06:19:22 scan_o2h: processed 1 items
  [0;32m[← O ][0m Hermes MEMORY.md 已更新
  ⏱  本輪耗時：22032ms

-----------------------------------------
[1;33m第 51/200 輪[0m
-----------------------------------------
  [0;34m[→ H ][0m Hermes 執行：請用 terminal 執行 date && hostnam...
  [0;32m[✓][0m Hermes 完成（api_calls=2）
  [0;32m[← H→O][0m shared/ h2o: 1 筆待處理
2026-04-06 06:19:45 scan_h2o: processed 1 items
  [0;32m[✓][0m OpenClaw 入庫完成
  [0;32m[O→H ][0m OpenClaw approve → shared/ o2h
2026-04-06 06:19:45 scan_o2h: processed 1 items
  [0;32m[← O ][0m Hermes MEMORY.md 已更新
  ⏱  本輪耗時：22876ms

-----------------------------------------
[1;33m第 52/200 輪[0m
-----------------------------------------
  [0;34m[→ H ][0m Hermes 執行：請用 terminal 執行 uptime，告訴我系統運行時...
  [0;32m[✓][0m Hermes 完成（api_calls=2）
  [0;32m[← H→O][0m shared/ h2o: 1 筆待處理
2026-04-06 06:20:07 scan_h2o: processed 1 items
  [0;32m[✓][0m OpenClaw 入庫完成
  [0;32m[O→H ][0m OpenClaw approve → shared/ o2h
2026-04-06 06:20:07 scan_o2h: processed 1 items
  [0;32m[← O ][0m Hermes MEMORY.md 已更新
  ⏱  本輪耗時：21676ms

-----------------------------------------
[1;33m第 53/200 輪[0m
-----------------------------------------
  [0;34m[→ H ][0m Hermes 執行：請用 terminal 執行 df -h / | tail ...
  [0;32m[✓][0m Hermes 完成（api_calls=2）
  [0;32m[← H→O][0m shared/ h2o: 1 筆待處理
2026-04-06 06:20:32 scan_h2o: processed 1 items
  [0;32m[✓][0m OpenClaw 入庫完成
  [0;32m[O→H ][0m OpenClaw approve → shared/ o2h
2026-04-06 06:20:32 scan_o2h: processed 1 items
  [0;32m[← O ][0m Hermes MEMORY.md 已更新
  ⏱  本輪耗時：25391ms

-----------------------------------------
[1;33m第 54/200 輪[0m
-----------------------------------------
  [0;34m[→ H ][0m Hermes 執行：請用 terminal 執行 free -h | grep ...
  [0;32m[✓][0m Hermes 完成（api_calls=2）
  [0;32m[← H→O][0m shared/ h2o: 1 筆待處理
2026-04-06 06:20:56 scan_h2o: processed 1 items
  [0;32m[✓][0m OpenClaw 入庫完成
  [0;32m[O→H ][0m OpenClaw approve → shared/ o2h
2026-04-06 06:20:57 scan_o2h: processed 1 items
  [0;32m[← O ][0m Hermes MEMORY.md 已更新
  ⏱  本輪耗時：24116ms

-----------------------------------------
[1;33m第 55/200 輪[0m
-----------------------------------------
  [0;34m[→ H ][0m Hermes 執行：請用 terminal 執行 whoami && pwd，告...
  [0;32m[✓][0m Hermes 完成（api_calls=2）
  [0;32m[← H→O][0m shared/ h2o: 1 筆待處理
2026-04-06 06:21:19 scan_h2o: processed 1 items
  [0;32m[✓][0m OpenClaw 入庫完成
  [0;32m[O→H ][0m OpenClaw approve → shared/ o2h
2026-04-06 06:21:19 scan_o2h: processed 1 items
  [0;32m[← O ][0m Hermes MEMORY.md 已更新
  ⏱  本輪耗時：22825ms

-----------------------------------------
[1;33m第 56/200 輪[0m
-----------------------------------------
  [0;34m[→ H ][0m Hermes 執行：請用 terminal 執行 date && hostnam...
  [0;32m[✓][0m Hermes 完成（api_calls=2）
  [0;32m[← H→O][0m shared/ h2o: 1 筆待處理
2026-04-06 06:21:42 scan_h2o: processed 1 items
  [0;32m[✓][0m OpenClaw 入庫完成
  [0;32m[O→H ][0m OpenClaw approve → shared/ o2h
2026-04-06 06:21:43 scan_o2h: processed 1 items
  [0;32m[← O ][0m Hermes MEMORY.md 已更新
  ⏱  本輪耗時：23319ms

-----------------------------------------
[1;33m第 57/200 輪[0m
-----------------------------------------
  [0;34m[→ H ][0m Hermes 執行：請用 terminal 執行 uptime，告訴我系統運行時...
  [0;32m[✓][0m Hermes 完成（api_calls=2）
  [0;32m[← H→O][0m shared/ h2o: 1 筆待處理
2026-04-06 06:21:52 scan_h2o: processed 1 items
  [0;32m[✓][0m OpenClaw 入庫完成
  [0;32m[O→H ][0m OpenClaw approve → shared/ o2h
2026-04-06 06:21:52 scan_o2h: processed 1 items
  [0;32m[← O ][0m Hermes MEMORY.md 已更新
  ⏱  本輪耗時：9403ms

-----------------------------------------
[1;33m第 58/200 輪[0m
-----------------------------------------
  [0;34m[→ H ][0m Hermes 執行：請用 terminal 執行 df -h / | tail ...
  [0;32m[✓][0m Hermes 完成（api_calls=2）
  [0;32m[← H→O][0m shared/ h2o: 1 筆待處理
2026-04-06 06:22:17 scan_h2o: processed 1 items
  [0;32m[✓][0m OpenClaw 入庫完成
  [0;32m[O→H ][0m OpenClaw approve → shared/ o2h
2026-04-06 06:22:17 scan_o2h: processed 1 items
  [0;32m[← O ][0m Hermes MEMORY.md 已更新
  ⏱  本輪耗時：24960ms

-----------------------------------------
[1;33m第 59/200 輪[0m
-----------------------------------------
  [0;34m[→ H ][0m Hermes 執行：請用 terminal 執行 free -h | grep ...
  [0;32m[✓][0m Hermes 完成（api_calls=2）
  [0;32m[← H→O][0m shared/ h2o: 1 筆待處理
2026-04-06 06:22:41 scan_h2o: processed 1 items
  [0;32m[✓][0m OpenClaw 入庫完成
  [0;32m[O→H ][0m OpenClaw approve → shared/ o2h
2026-04-06 06:22:42 scan_o2h: processed 1 items
  [0;32m[← O ][0m Hermes MEMORY.md 已更新
  ⏱  本輪耗時：24747ms

-----------------------------------------
[1;33m第 60/200 輪[0m
-----------------------------------------
  [0;34m[→ H ][0m Hermes 執行：請用 terminal 執行 whoami && pwd，告...
  [0;32m[✓][0m Hermes 完成（api_calls=2）
  [0;32m[← H→O][0m shared/ h2o: 1 筆待處理
2026-04-06 06:23:06 scan_h2o: processed 1 items
  [0;32m[✓][0m OpenClaw 入庫完成
  [0;32m[O→H ][0m OpenClaw approve → shared/ o2h
2026-04-06 06:23:06 scan_o2h: processed 1 items
  [0;32m[← O ][0m Hermes MEMORY.md 已更新
  ⏱  本輪耗時：24406ms

-----------------------------------------
[1;33m第 61/200 輪[0m
-----------------------------------------
  [0;34m[→ H ][0m Hermes 執行：請用 terminal 執行 date && hostnam...
  [0;32m[✓][0m Hermes 完成（api_calls=2）
  [0;32m[← H→O][0m shared/ h2o: 1 筆待處理
2026-04-06 06:23:30 scan_h2o: processed 1 items
  [0;32m[✓][0m OpenClaw 入庫完成
  [0;32m[O→H ][0m OpenClaw approve → shared/ o2h
2026-04-06 06:23:30 scan_o2h: processed 1 items
  [0;32m[← O ][0m Hermes MEMORY.md 已更新
  ⏱  本輪耗時：23765ms

-----------------------------------------
[1;33m第 62/200 輪[0m
-----------------------------------------
  [0;34m[→ H ][0m Hermes 執行：請用 terminal 執行 uptime，告訴我系統運行時...
  [0;32m[✓][0m Hermes 完成（api_calls=2）
  [0;32m[← H→O][0m shared/ h2o: 1 筆待處理
2026-04-06 06:23:54 scan_h2o: processed 1 items
  [0;32m[✓][0m OpenClaw 入庫完成
  [0;32m[O→H ][0m OpenClaw approve → shared/ o2h
2026-04-06 06:23:54 scan_o2h: processed 1 items
  [0;32m[← O ][0m Hermes MEMORY.md 已更新
  ⏱  本輪耗時：24276ms

-----------------------------------------
[1;33m第 63/200 輪[0m
-----------------------------------------
  [0;34m[→ H ][0m Hermes 執行：請用 terminal 執行 df -h / | tail ...
  [0;32m[✓][0m Hermes 完成（api_calls=2）
  [0;32m[← H→O][0m shared/ h2o: 1 筆待處理
2026-04-06 06:24:19 scan_h2o: processed 1 items
  [0;32m[✓][0m OpenClaw 入庫完成
  [0;32m[O→H ][0m OpenClaw approve → shared/ o2h
2026-04-06 06:24:19 scan_o2h: processed 1 items
  [0;32m[← O ][0m Hermes MEMORY.md 已更新
  ⏱  本輪耗時：24785ms

-----------------------------------------
[1;33m第 64/200 輪[0m
-----------------------------------------
  [0;34m[→ H ][0m Hermes 執行：請用 terminal 執行 free -h | grep ...
  [0;32m[✓][0m Hermes 完成（api_calls=2）
  [0;32m[← H→O][0m shared/ h2o: 1 筆待處理
2026-04-06 06:24:45 scan_h2o: processed 1 items
  [0;32m[✓][0m OpenClaw 入庫完成
  [0;32m[O→H ][0m OpenClaw approve → shared/ o2h
2026-04-06 06:24:45 scan_o2h: processed 1 items
  [0;32m[← O ][0m Hermes MEMORY.md 已更新
  ⏱  本輪耗時：25807ms

-----------------------------------------
[1;33m第 65/200 輪[0m
-----------------------------------------
  [0;34m[→ H ][0m Hermes 執行：請用 terminal 執行 whoami && pwd，告...
  [0;32m[✓][0m Hermes 完成（api_calls=2）
  [0;32m[← H→O][0m shared/ h2o: 1 筆待處理
2026-04-06 06:25:08 scan_h2o: processed 1 items
  [0;32m[✓][0m OpenClaw 入庫完成
  [0;32m[O→H ][0m OpenClaw approve → shared/ o2h
2026-04-06 06:25:09 scan_o2h: processed 1 items
  [0;32m[← O ][0m Hermes MEMORY.md 已更新
  ⏱  本輪耗時：23644ms

-----------------------------------------
[1;33m第 66/200 輪[0m
-----------------------------------------
  [0;34m[→ H ][0m Hermes 執行：請用 terminal 執行 date && hostnam...
  [0;32m[✓][0m Hermes 完成（api_calls=2）
  [0;32m[← H→O][0m shared/ h2o: 1 筆待處理
2026-04-06 06:25:33 scan_h2o: processed 1 items
  [0;32m[✓][0m OpenClaw 入庫完成
  [0;32m[O→H ][0m OpenClaw approve → shared/ o2h
2026-04-06 06:25:34 scan_o2h: processed 1 items
  [0;32m[← O ][0m Hermes MEMORY.md 已更新
  ⏱  本輪耗時：25040ms

-----------------------------------------
[1;33m第 67/200 輪[0m
-----------------------------------------
  [0;34m[→ H ][0m Hermes 執行：請用 terminal 執行 uptime，告訴我系統運行時...
  [0;32m[✓][0m Hermes 完成（api_calls=2）
  [0;32m[← H→O][0m shared/ h2o: 1 筆待處理
2026-04-06 06:26:03 scan_h2o: processed 1 items
  [0;32m[✓][0m OpenClaw 入庫完成
  [0;32m[O→H ][0m OpenClaw approve → shared/ o2h
2026-04-06 06:26:03 scan_o2h: processed 1 items
  [0;32m[← O ][0m Hermes MEMORY.md 已更新
  ⏱  本輪耗時：29621ms

-----------------------------------------
[1;33m第 68/200 輪[0m
-----------------------------------------
  [0;34m[→ H ][0m Hermes 執行：請用 terminal 執行 df -h / | tail ...
  [0;32m[✓][0m Hermes 完成（api_calls=2）
  [0;32m[← H→O][0m shared/ h2o: 1 筆待處理
2026-04-06 06:26:29 scan_h2o: processed 1 items
  [0;32m[✓][0m OpenClaw 入庫完成
  [0;32m[O→H ][0m OpenClaw approve → shared/ o2h
2026-04-06 06:26:30 scan_o2h: processed 1 items
  [0;32m[← O ][0m Hermes MEMORY.md 已更新
  ⏱  本輪耗時：26516ms

-----------------------------------------
[1;33m第 69/200 輪[0m
-----------------------------------------
  [0;34m[→ H ][0m Hermes 執行：請用 terminal 執行 free -h | grep ...
  [0;32m[✓][0m Hermes 完成（api_calls=2）
  [0;32m[← H→O][0m shared/ h2o: 1 筆待處理
2026-04-06 06:26:55 scan_h2o: processed 1 items
  [0;32m[✓][0m OpenClaw 入庫完成
  [0;32m[O→H ][0m OpenClaw approve → shared/ o2h
2026-04-06 06:26:55 scan_o2h: processed 1 items
  [0;32m[← O ][0m Hermes MEMORY.md 已更新
  ⏱  本輪耗時：25647ms

-----------------------------------------
[1;33m第 70/200 輪[0m
-----------------------------------------
  [0;34m[→ H ][0m Hermes 執行：請用 terminal 執行 whoami && pwd，告...
  [0;32m[✓][0m Hermes 完成（api_calls=2）
  [0;32m[← H→O][0m shared/ h2o: 1 筆待處理
2026-04-06 06:27:19 scan_h2o: processed 1 items
  [0;32m[✓][0m OpenClaw 入庫完成
  [0;32m[O→H ][0m OpenClaw approve → shared/ o2h
2026-04-06 06:27:20 scan_o2h: processed 1 items
  [0;32m[← O ][0m Hermes MEMORY.md 已更新
  ⏱  本輪耗時：24316ms

-----------------------------------------
[1;33m第 71/200 輪[0m
-----------------------------------------
  [0;34m[→ H ][0m Hermes 執行：請用 terminal 執行 date && hostnam...
  [0;32m[✓][0m Hermes 完成（api_calls=2）
  [0;32m[← H→O][0m shared/ h2o: 1 筆待處理
2026-04-06 06:27:45 scan_h2o: processed 1 items
  [0;32m[✓][0m OpenClaw 入庫完成
  [0;32m[O→H ][0m OpenClaw approve → shared/ o2h
2026-04-06 06:27:46 scan_o2h: processed 1 items
  [0;32m[← O ][0m Hermes MEMORY.md 已更新
  ⏱  本輪耗時：25994ms

-----------------------------------------
[1;33m第 72/200 輪[0m
-----------------------------------------
  [0;34m[→ H ][0m Hermes 執行：請用 terminal 執行 uptime，告訴我系統運行時...
  [0;32m[✓][0m Hermes 完成（api_calls=2）
  [0;32m[← H→O][0m shared/ h2o: 1 筆待處理
2026-04-06 06:28:10 scan_h2o: processed 1 items
  [0;32m[✓][0m OpenClaw 入庫完成
  [0;32m[O→H ][0m OpenClaw approve → shared/ o2h
2026-04-06 06:28:10 scan_o2h: processed 1 items
  [0;32m[← O ][0m Hermes MEMORY.md 已更新
  ⏱  本輪耗時：24242ms

-----------------------------------------
[1;33m第 73/200 輪[0m
-----------------------------------------
  [0;34m[→ H ][0m Hermes 執行：請用 terminal 執行 df -h / | tail ...
  [0;32m[✓][0m Hermes 完成（api_calls=2）
  [0;32m[← H→O][0m shared/ h2o: 1 筆待處理
2026-04-06 06:28:36 scan_h2o: processed 1 items
  [0;32m[✓][0m OpenClaw 入庫完成
  [0;32m[O→H ][0m OpenClaw approve → shared/ o2h
2026-04-06 06:28:36 scan_o2h: processed 1 items
  [0;32m[← O ][0m Hermes MEMORY.md 已更新
  ⏱  本輪耗時：26026ms

-----------------------------------------
[1;33m第 74/200 輪[0m
-----------------------------------------
  [0;34m[→ H ][0m Hermes 執行：請用 terminal 執行 free -h | grep ...
  [0;32m[✓][0m Hermes 完成（api_calls=2）
  [0;32m[← H→O][0m shared/ h2o: 1 筆待處理
2026-04-06 06:29:02 scan_h2o: processed 1 items
  [0;32m[✓][0m OpenClaw 入庫完成
  [0;32m[O→H ][0m OpenClaw approve → shared/ o2h
2026-04-06 06:29:02 scan_o2h: processed 1 items
  [0;32m[← O ][0m Hermes MEMORY.md 已更新
  ⏱  本輪耗時：26311ms

-----------------------------------------
[1;33m第 75/200 輪[0m
-----------------------------------------
  [0;34m[→ H ][0m Hermes 執行：請用 terminal 執行 whoami && pwd，告...
  [0;32m[✓][0m Hermes 完成（api_calls=2）
  [0;32m[← H→O][0m shared/ h2o: 1 筆待處理
2026-04-06 06:29:28 scan_h2o: processed 1 items
  [0;32m[✓][0m OpenClaw 入庫完成
  [0;32m[O→H ][0m OpenClaw approve → shared/ o2h
2026-04-06 06:29:28 scan_o2h: processed 1 items
  [0;32m[← O ][0m Hermes MEMORY.md 已更新
  ⏱  本輪耗時：25696ms

-----------------------------------------
[1;33m第 76/200 輪[0m
-----------------------------------------
  [0;34m[→ H ][0m Hermes 執行：請用 terminal 執行 date && hostnam...
  [0;32m[✓][0m Hermes 完成（api_calls=2）
  [0;32m[← H→O][0m shared/ h2o: 1 筆待處理
2026-04-06 06:29:53 scan_h2o: processed 1 items
  [0;32m[✓][0m OpenClaw 入庫完成
  [0;32m[O→H ][0m OpenClaw approve → shared/ o2h
2026-04-06 06:29:53 scan_o2h: processed 1 items
  [0;32m[← O ][0m Hermes MEMORY.md 已更新
  ⏱  本輪耗時：25408ms

-----------------------------------------
[1;33m第 77/200 輪[0m
-----------------------------------------
  [0;34m[→ H ][0m Hermes 執行：請用 terminal 執行 uptime，告訴我系統運行時...
  [0;32m[✓][0m Hermes 完成（api_calls=2）
  [0;32m[← H→O][0m shared/ h2o: 1 筆待處理
2026-04-06 06:30:18 scan_h2o: processed 1 items
  [0;32m[✓][0m OpenClaw 入庫完成
  [0;32m[O→H ][0m OpenClaw approve → shared/ o2h
2026-04-06 06:30:18 scan_o2h: processed 1 items
  [0;32m[← O ][0m Hermes MEMORY.md 已更新
  ⏱  本輪耗時：24802ms

-----------------------------------------
[1;33m第 78/200 輪[0m
-----------------------------------------
  [0;34m[→ H ][0m Hermes 執行：請用 terminal 執行 df -h / | tail ...
  [0;32m[✓][0m Hermes 完成（api_calls=2）
  [0;32m[← H→O][0m shared/ h2o: 1 筆待處理
2026-04-06 06:30:45 scan_h2o: processed 1 items
  [0;32m[✓][0m OpenClaw 入庫完成
  [0;32m[O→H ][0m OpenClaw approve → shared/ o2h
2026-04-06 06:30:45 scan_o2h: processed 1 items
  [0;32m[← O ][0m Hermes MEMORY.md 已更新
  ⏱  本輪耗時：26861ms

-----------------------------------------
[1;33m第 79/200 輪[0m
-----------------------------------------
  [0;34m[→ H ][0m Hermes 執行：請用 terminal 執行 free -h | grep ...
  [0;32m[✓][0m Hermes 完成（api_calls=2）
  [0;32m[← H→O][0m shared/ h2o: 1 筆待處理
2026-04-06 06:31:12 scan_h2o: processed 1 items
  [0;32m[✓][0m OpenClaw 入庫完成
  [0;32m[O→H ][0m OpenClaw approve → shared/ o2h
2026-04-06 06:31:12 scan_o2h: processed 1 items
  [0;32m[← O ][0m Hermes MEMORY.md 已更新
  ⏱  本輪耗時：26866ms

-----------------------------------------
[1;33m第 80/200 輪[0m
-----------------------------------------
  [0;34m[→ H ][0m Hermes 執行：請用 terminal 執行 whoami && pwd，告...
  [0;32m[✓][0m Hermes 完成（api_calls=2）
  [0;32m[← H→O][0m shared/ h2o: 1 筆待處理
2026-04-06 06:31:38 scan_h2o: processed 1 items
  [0;32m[✓][0m OpenClaw 入庫完成
  [0;32m[O→H ][0m OpenClaw approve → shared/ o2h
2026-04-06 06:31:38 scan_o2h: processed 1 items
  [0;32m[← O ][0m Hermes MEMORY.md 已更新
  ⏱  本輪耗時：25977ms

-----------------------------------------
[1;33m第 81/200 輪[0m
-----------------------------------------
  [0;34m[→ H ][0m Hermes 執行：請用 terminal 執行 date && hostnam...
  [0;32m[✓][0m Hermes 完成（api_calls=2）
  [0;32m[← H→O][0m shared/ h2o: 1 筆待處理
2026-04-06 06:32:05 scan_h2o: processed 1 items
  [0;32m[✓][0m OpenClaw 入庫完成
  [0;32m[O→H ][0m OpenClaw approve → shared/ o2h
2026-04-06 06:32:06 scan_o2h: processed 1 items
  [0;32m[← O ][0m Hermes MEMORY.md 已更新
  ⏱  本輪耗時：27676ms

-----------------------------------------
[1;33m第 82/200 輪[0m
-----------------------------------------
  [0;34m[→ H ][0m Hermes 執行：請用 terminal 執行 uptime，告訴我系統運行時...
  [0;32m[✓][0m Hermes 完成（api_calls=2）
  [0;32m[← H→O][0m shared/ h2o: 1 筆待處理
2026-04-06 06:32:31 scan_h2o: processed 1 items
  [0;32m[✓][0m OpenClaw 入庫完成
  [0;32m[O→H ][0m OpenClaw approve → shared/ o2h
2026-04-06 06:32:31 scan_o2h: processed 1 items
  [0;32m[← O ][0m Hermes MEMORY.md 已更新
  ⏱  本輪耗時：25487ms

-----------------------------------------
[1;33m第 83/200 輪[0m
-----------------------------------------
  [0;34m[→ H ][0m Hermes 執行：請用 terminal 執行 df -h / | tail ...
  [0;32m[✓][0m Hermes 完成（api_calls=2）
  [0;32m[← H→O][0m shared/ h2o: 1 筆待處理
2026-04-06 06:32:58 scan_h2o: processed 1 items
  [0;32m[✓][0m OpenClaw 入庫完成
  [0;32m[O→H ][0m OpenClaw approve → shared/ o2h
2026-04-06 06:32:59 scan_o2h: processed 1 items
  [0;32m[← O ][0m Hermes MEMORY.md 已更新
  ⏱  本輪耗時：27599ms

-----------------------------------------
[1;33m第 84/200 輪[0m
-----------------------------------------
  [0;34m[→ H ][0m Hermes 執行：請用 terminal 執行 free -h | grep ...
  [0;32m[✓][0m Hermes 完成（api_calls=2）
  [0;32m[← H→O][0m shared/ h2o: 1 筆待處理
2026-04-06 06:33:26 scan_h2o: processed 1 items
  [0;32m[✓][0m OpenClaw 入庫完成
  [0;32m[O→H ][0m OpenClaw approve → shared/ o2h
2026-04-06 06:33:26 scan_o2h: processed 1 items
  [0;32m[← O ][0m Hermes MEMORY.md 已更新
  ⏱  本輪耗時：27715ms

-----------------------------------------
[1;33m第 85/200 輪[0m
-----------------------------------------
  [0;34m[→ H ][0m Hermes 執行：請用 terminal 執行 whoami && pwd，告...
  [0;32m[✓][0m Hermes 完成（api_calls=2）
  [0;32m[← H→O][0m shared/ h2o: 1 筆待處理
2026-04-06 06:33:52 scan_h2o: processed 1 items
  [0;32m[✓][0m OpenClaw 入庫完成
  [0;32m[O→H ][0m OpenClaw approve → shared/ o2h
2026-04-06 06:33:54 scan_o2h: processed 1 items
  [0;32m[← O ][0m Hermes MEMORY.md 已更新
  ⏱  本輪耗時：27176ms

-----------------------------------------
[1;33m第 86/200 輪[0m
-----------------------------------------
  [0;34m[→ H ][0m Hermes 執行：請用 terminal 執行 date && hostnam...
  [0;32m[✓][0m Hermes 完成（api_calls=2）
  [0;32m[← H→O][0m shared/ h2o: 1 筆待處理
2026-04-06 06:34:20 scan_h2o: processed 1 items
  [0;32m[✓][0m OpenClaw 入庫完成
  [0;32m[O→H ][0m OpenClaw approve → shared/ o2h
2026-04-06 06:34:20 scan_o2h: processed 1 items
  [0;32m[← O ][0m Hermes MEMORY.md 已更新
  ⏱  本輪耗時：26864ms

-----------------------------------------
[1;33m第 87/200 輪[0m
-----------------------------------------
  [0;34m[→ H ][0m Hermes 執行：請用 terminal 執行 uptime，告訴我系統運行時...
  [0;32m[✓][0m Hermes 完成（api_calls=2）
  [0;32m[← H→O][0m shared/ h2o: 1 筆待處理
2026-04-06 06:34:46 scan_h2o: processed 1 items
  [0;32m[✓][0m OpenClaw 入庫完成
  [0;32m[O→H ][0m OpenClaw approve → shared/ o2h
2026-04-06 06:34:47 scan_o2h: processed 1 items
  [0;32m[← O ][0m Hermes MEMORY.md 已更新
  ⏱  本輪耗時：26197ms

-----------------------------------------
[1;33m第 88/200 輪[0m
-----------------------------------------
  [0;34m[→ H ][0m Hermes 執行：請用 terminal 執行 df -h / | tail ...
  [0;32m[✓][0m Hermes 完成（api_calls=2）
  [0;32m[← H→O][0m shared/ h2o: 1 筆待處理
2026-04-06 06:35:14 scan_h2o: processed 1 items
  [0;32m[✓][0m OpenClaw 入庫完成
  [0;32m[O→H ][0m OpenClaw approve → shared/ o2h
2026-04-06 06:35:15 scan_o2h: processed 1 items
  [0;32m[← O ][0m Hermes MEMORY.md 已更新
  ⏱  本輪耗時：28001ms

-----------------------------------------
[1;33m第 89/200 輪[0m
-----------------------------------------
  [0;34m[→ H ][0m Hermes 執行：請用 terminal 執行 free -h | grep ...
  [0;32m[✓][0m Hermes 完成（api_calls=2）
  [0;32m[← H→O][0m shared/ h2o: 1 筆待處理
2026-04-06 06:35:44 scan_h2o: processed 1 items
  [0;32m[✓][0m OpenClaw 入庫完成
  [0;32m[O→H ][0m OpenClaw approve → shared/ o2h
2026-04-06 06:35:44 scan_o2h: processed 1 items
  [0;32m[← O ][0m Hermes MEMORY.md 已更新
  ⏱  本輪耗時：29569ms

-----------------------------------------
[1;33m第 90/200 輪[0m
-----------------------------------------
  [0;34m[→ H ][0m Hermes 執行：請用 terminal 執行 whoami && pwd，告...
  [0;32m[✓][0m Hermes 完成（api_calls=2）
  [0;32m[← H→O][0m shared/ h2o: 1 筆待處理
2026-04-06 06:36:11 scan_h2o: processed 1 items
  [0;32m[✓][0m OpenClaw 入庫完成
  [0;32m[O→H ][0m OpenClaw approve → shared/ o2h
2026-04-06 06:36:11 scan_o2h: processed 1 items
  [0;32m[← O ][0m Hermes MEMORY.md 已更新
  ⏱  本輪耗時：26951ms

-----------------------------------------
[1;33m第 91/200 輪[0m
-----------------------------------------
  [0;34m[→ H ][0m Hermes 執行：請用 terminal 執行 date && hostnam...
  [0;32m[✓][0m Hermes 完成（api_calls=2）
  [0;32m[← H→O][0m shared/ h2o: 1 筆待處理
2026-04-06 06:36:38 scan_h2o: processed 1 items
  [0;32m[✓][0m OpenClaw 入庫完成
  [0;32m[O→H ][0m OpenClaw approve → shared/ o2h
2026-04-06 06:36:38 scan_o2h: processed 1 items
  [0;32m[← O ][0m Hermes MEMORY.md 已更新
  ⏱  本輪耗時：27255ms

-----------------------------------------
[1;33m第 92/200 輪[0m
-----------------------------------------
  [0;34m[→ H ][0m Hermes 執行：請用 terminal 執行 uptime，告訴我系統運行時...
  [0;32m[✓][0m Hermes 完成（api_calls=2）
  [0;32m[← H→O][0m shared/ h2o: 1 筆待處理
2026-04-06 06:37:05 scan_h2o: processed 1 items
  [0;32m[✓][0m OpenClaw 入庫完成
  [0;32m[O→H ][0m OpenClaw approve → shared/ o2h
2026-04-06 06:37:05 scan_o2h: processed 1 items
  [0;32m[← O ][0m Hermes MEMORY.md 已更新
  ⏱  本輪耗時：26630ms

-----------------------------------------
[1;33m第 93/200 輪[0m
-----------------------------------------
  [0;34m[→ H ][0m Hermes 執行：請用 terminal 執行 df -h / | tail ...
  [0;32m[✓][0m Hermes 完成（api_calls=2）
  [0;32m[← H→O][0m shared/ h2o: 1 筆待處理
2026-04-06 06:37:33 scan_h2o: processed 1 items
  [0;32m[✓][0m OpenClaw 入庫完成
  [0;32m[O→H ][0m OpenClaw approve → shared/ o2h
2026-04-06 06:37:34 scan_o2h: processed 1 items
  [0;32m[← O ][0m Hermes MEMORY.md 已更新
  ⏱  本輪耗時：28768ms

-----------------------------------------
[1;33m第 94/200 輪[0m
-----------------------------------------
  [0;34m[→ H ][0m Hermes 執行：請用 terminal 執行 free -h | grep ...
  [0;32m[✓][0m Hermes 完成（api_calls=2）
  [0;32m[← H→O][0m shared/ h2o: 1 筆待處理
2026-04-06 06:38:03 scan_h2o: processed 1 items
  [0;32m[✓][0m OpenClaw 入庫完成
  [0;32m[O→H ][0m OpenClaw approve → shared/ o2h
2026-04-06 06:38:03 scan_o2h: processed 1 items
  [0;32m[← O ][0m Hermes MEMORY.md 已更新
  ⏱  本輪耗時：29401ms

-----------------------------------------
[1;33m第 95/200 輪[0m
-----------------------------------------
  [0;34m[→ H ][0m Hermes 執行：請用 terminal 執行 whoami && pwd，告...
  [0;32m[✓][0m Hermes 完成（api_calls=2）
  [0;32m[← H→O][0m shared/ h2o: 1 筆待處理
2026-04-06 06:38:31 scan_h2o: processed 1 items
  [0;32m[✓][0m OpenClaw 入庫完成
  [0;32m[O→H ][0m OpenClaw approve → shared/ o2h
2026-04-06 06:38:32 scan_o2h: processed 1 items
  [0;32m[← O ][0m Hermes MEMORY.md 已更新
  ⏱  本輪耗時：28355ms

-----------------------------------------
[1;33m第 96/200 輪[0m
-----------------------------------------
  [0;34m[→ H ][0m Hermes 執行：請用 terminal 執行 date && hostnam...
  [0;32m[✓][0m Hermes 完成（api_calls=2）
  [0;32m[← H→O][0m shared/ h2o: 1 筆待處理
2026-04-06 06:39:00 scan_h2o: processed 1 items
  [0;32m[✓][0m OpenClaw 入庫完成
  [0;32m[O→H ][0m OpenClaw approve → shared/ o2h
2026-04-06 06:39:00 scan_o2h: processed 1 items
  [0;32m[← O ][0m Hermes MEMORY.md 已更新
  ⏱  本輪耗時：28893ms

-----------------------------------------
[1;33m第 97/200 輪[0m
-----------------------------------------
  [0;34m[→ H ][0m Hermes 執行：請用 terminal 執行 uptime，告訴我系統運行時...
  [0;32m[✓][0m Hermes 完成（api_calls=2）
  [0;32m[← H→O][0m shared/ h2o: 1 筆待處理
2026-04-06 06:39:27 scan_h2o: processed 1 items
  [0;32m[✓][0m OpenClaw 入庫完成
  [0;32m[O→H ][0m OpenClaw approve → shared/ o2h
2026-04-06 06:39:28 scan_o2h: processed 1 items
  [0;32m[← O ][0m Hermes MEMORY.md 已更新
  ⏱  本輪耗時：27229ms

-----------------------------------------
[1;33m第 98/200 輪[0m
-----------------------------------------
  [0;34m[→ H ][0m Hermes 執行：請用 terminal 執行 df -h / | tail ...
  [0;32m[✓][0m Hermes 完成（api_calls=2）
  [0;32m[← H→O][0m shared/ h2o: 1 筆待處理
2026-04-06 06:39:56 scan_h2o: processed 1 items
  [0;32m[✓][0m OpenClaw 入庫完成
  [0;32m[O→H ][0m OpenClaw approve → shared/ o2h
2026-04-06 06:39:57 scan_o2h: processed 1 items
  [0;32m[← O ][0m Hermes MEMORY.md 已更新
  ⏱  本輪耗時：29190ms

-----------------------------------------
[1;33m第 99/200 輪[0m
-----------------------------------------
  [0;34m[→ H ][0m Hermes 執行：請用 terminal 執行 free -h | grep ...
  [0;32m[✓][0m Hermes 完成（api_calls=2）
  [0;32m[← H→O][0m shared/ h2o: 1 筆待處理
2026-04-06 06:40:26 scan_h2o: processed 1 items
  [0;32m[✓][0m OpenClaw 入庫完成
  [0;32m[O→H ][0m OpenClaw approve → shared/ o2h
2026-04-06 06:40:26 scan_o2h: processed 1 items
  [0;32m[← O ][0m Hermes MEMORY.md 已更新
  ⏱  本輪耗時：29319ms

-----------------------------------------
[1;33m第 100/200 輪[0m
-----------------------------------------
  [0;34m[→ H ][0m Hermes 執行：請用 terminal 執行 whoami && pwd，告...
  [0;32m[✓][0m Hermes 完成（api_calls=2）
  [0;32m[← H→O][0m shared/ h2o: 1 筆待處理
2026-04-06 06:40:54 scan_h2o: processed 1 items
  [0;32m[✓][0m OpenClaw 入庫完成
  [0;32m[O→H ][0m OpenClaw approve → shared/ o2h
2026-04-06 06:40:55 scan_o2h: processed 1 items
  [0;32m[← O ][0m Hermes MEMORY.md 已更新
  ⏱  本輪耗時：28399ms

-----------------------------------------
[1;33m第 101/200 輪[0m
-----------------------------------------
  [0;34m[→ H ][0m Hermes 執行：請用 terminal 執行 date && hostnam...
  [0;32m[✓][0m Hermes 完成（api_calls=2）
  [0;32m[← H→O][0m shared/ h2o: 1 筆待處理
2026-04-06 06:41:23 scan_h2o: processed 1 items
  [0;32m[✓][0m OpenClaw 入庫完成
  [0;32m[O→H ][0m OpenClaw approve → shared/ o2h
2026-04-06 06:41:23 scan_o2h: processed 1 items
  [0;32m[← O ][0m Hermes MEMORY.md 已更新
  ⏱  本輪耗時：28643ms

-----------------------------------------
[1;33m第 102/200 輪[0m
-----------------------------------------
  [0;34m[→ H ][0m Hermes 執行：請用 terminal 執行 uptime，告訴我系統運行時...
  [0;32m[✓][0m Hermes 完成（api_calls=2）
  [0;32m[← H→O][0m shared/ h2o: 1 筆待處理
2026-04-06 06:41:51 scan_h2o: processed 1 items
  [0;32m[✓][0m OpenClaw 入庫完成
  [0;32m[O→H ][0m OpenClaw approve → shared/ o2h
2026-04-06 06:41:52 scan_o2h: processed 1 items
  [0;32m[← O ][0m Hermes MEMORY.md 已更新
  ⏱  本輪耗時：28331ms

-----------------------------------------
[1;33m第 103/200 輪[0m
-----------------------------------------
  [0;34m[→ H ][0m Hermes 執行：請用 terminal 執行 df -h / | tail ...
  [0;32m[✓][0m Hermes 完成（api_calls=2）
  [0;32m[← H→O][0m shared/ h2o: 1 筆待處理
2026-04-06 06:42:21 scan_h2o: processed 1 items
  [0;32m[✓][0m OpenClaw 入庫完成
  [0;32m[O→H ][0m OpenClaw approve → shared/ o2h
2026-04-06 06:42:21 scan_o2h: processed 1 items
  [0;32m[← O ][0m Hermes MEMORY.md 已更新
  ⏱  本輪耗時：29579ms

-----------------------------------------
[1;33m第 104/200 輪[0m
-----------------------------------------
  [0;34m[→ H ][0m Hermes 執行：請用 terminal 執行 free -h | grep ...
  [0;32m[✓][0m Hermes 完成（api_calls=2）
  [0;32m[← H→O][0m shared/ h2o: 1 筆待處理
2026-04-06 06:42:52 scan_h2o: processed 1 items
  [0;32m[✓][0m OpenClaw 入庫完成
  [0;32m[O→H ][0m OpenClaw approve → shared/ o2h
2026-04-06 06:42:52 scan_o2h: processed 1 items
  [0;32m[← O ][0m Hermes MEMORY.md 已更新
  ⏱  本輪耗時：31056ms

-----------------------------------------
[1;33m第 105/200 輪[0m
-----------------------------------------
  [0;34m[→ H ][0m Hermes 執行：請用 terminal 執行 whoami && pwd，告...
  [0;32m[✓][0m Hermes 完成（api_calls=2）
  [0;32m[← H→O][0m shared/ h2o: 1 筆待處理
2026-04-06 06:43:21 scan_h2o: processed 1 items
  [0;32m[✓][0m OpenClaw 入庫完成
  [0;32m[O→H ][0m OpenClaw approve → shared/ o2h
2026-04-06 06:43:21 scan_o2h: processed 1 items
  [0;32m[← O ][0m Hermes MEMORY.md 已更新
  ⏱  本輪耗時：28906ms

-----------------------------------------
[1;33m第 106/200 輪[0m
-----------------------------------------
  [0;34m[→ H ][0m Hermes 執行：請用 terminal 執行 date && hostnam...
  [0;32m[✓][0m Hermes 完成（api_calls=2）
  [0;32m[← H→O][0m shared/ h2o: 1 筆待處理
2026-04-06 06:43:50 scan_h2o: processed 1 items
  [0;32m[✓][0m OpenClaw 入庫完成
  [0;32m[O→H ][0m OpenClaw approve → shared/ o2h
2026-04-06 06:43:50 scan_o2h: processed 1 items
  [0;32m[← O ][0m Hermes MEMORY.md 已更新
  ⏱  本輪耗時：29222ms

-----------------------------------------
[1;33m第 107/200 輪[0m
-----------------------------------------
  [0;34m[→ H ][0m Hermes 執行：請用 terminal 執行 uptime，告訴我系統運行時...
  [0;32m[✓][0m Hermes 完成（api_calls=2）
  [0;32m[← H→O][0m shared/ h2o: 1 筆待處理
2026-04-06 06:44:19 scan_h2o: processed 1 items
  [0;32m[✓][0m OpenClaw 入庫完成
  [0;32m[O→H ][0m OpenClaw approve → shared/ o2h
2026-04-06 06:44:19 scan_o2h: processed 1 items
  [0;32m[← O ][0m Hermes MEMORY.md 已更新
  ⏱  本輪耗時：28875ms

-----------------------------------------
[1;33m第 108/200 輪[0m
-----------------------------------------
  [0;34m[→ H ][0m Hermes 執行：請用 terminal 執行 df -h / | tail ...
  [0;32m[✓][0m Hermes 完成（api_calls=2）
  [0;32m[← H→O][0m shared/ h2o: 1 筆待處理
2026-04-06 06:44:50 scan_h2o: processed 1 items
  [0;32m[✓][0m OpenClaw 入庫完成
  [0;32m[O→H ][0m OpenClaw approve → shared/ o2h
2026-04-06 06:44:50 scan_o2h: processed 1 items
  [0;32m[← O ][0m Hermes MEMORY.md 已更新
  ⏱  本輪耗時：31050ms

-----------------------------------------
[1;33m第 109/200 輪[0m
-----------------------------------------
  [0;34m[→ H ][0m Hermes 執行：請用 terminal 執行 free -h | grep ...
  [0;32m[✓][0m Hermes 完成（api_calls=2）
  [0;32m[← H→O][0m shared/ h2o: 1 筆待處理
2026-04-06 06:45:22 scan_h2o: processed 1 items
  [0;32m[✓][0m OpenClaw 入庫完成
  [0;32m[O→H ][0m OpenClaw approve → shared/ o2h
2026-04-06 06:45:22 scan_o2h: processed 1 items
  [0;32m[← O ][0m Hermes MEMORY.md 已更新
  ⏱  本輪耗時：31629ms

-----------------------------------------
[1;33m第 110/200 輪[0m
-----------------------------------------
  [0;34m[→ H ][0m Hermes 執行：請用 terminal 執行 whoami && pwd，告...
  [0;32m[✓][0m Hermes 完成（api_calls=2）
  [0;32m[← H→O][0m shared/ h2o: 1 筆待處理
2026-04-06 06:45:52 scan_h2o: processed 1 items
  [0;32m[✓][0m OpenClaw 入庫完成
  [0;32m[O→H ][0m OpenClaw approve → shared/ o2h
2026-04-06 06:45:52 scan_o2h: processed 1 items
  [0;32m[← O ][0m Hermes MEMORY.md 已更新
  ⏱  本輪耗時：30474ms

-----------------------------------------
[1;33m第 111/200 輪[0m
-----------------------------------------
  [0;34m[→ H ][0m Hermes 執行：請用 terminal 執行 date && hostnam...
  [0;32m[✓][0m Hermes 完成（api_calls=2）
  [0;32m[← H→O][0m shared/ h2o: 1 筆待處理
2026-04-06 06:46:22 scan_h2o: processed 1 items
  [0;32m[✓][0m OpenClaw 入庫完成
  [0;32m[O→H ][0m OpenClaw approve → shared/ o2h
2026-04-06 06:46:22 scan_o2h: processed 1 items
  [0;32m[← O ][0m Hermes MEMORY.md 已更新
  ⏱  本輪耗時：29769ms

-----------------------------------------
[1;33m第 112/200 輪[0m
-----------------------------------------
  [0;34m[→ H ][0m Hermes 執行：請用 terminal 執行 uptime，告訴我系統運行時...
  [0;32m[✓][0m Hermes 完成（api_calls=2）
  [0;32m[← H→O][0m shared/ h2o: 1 筆待處理
2026-04-06 06:46:51 scan_h2o: processed 1 items
  [0;32m[✓][0m OpenClaw 入庫完成
  [0;32m[O→H ][0m OpenClaw approve → shared/ o2h
2026-04-06 06:46:51 scan_o2h: processed 1 items
  [0;32m[← O ][0m Hermes MEMORY.md 已更新
  ⏱  本輪耗時：29366ms

-----------------------------------------
[1;33m第 113/200 輪[0m
-----------------------------------------
  [0;34m[→ H ][0m Hermes 執行：請用 terminal 執行 df -h / | tail ...
  [0;32m[✓][0m Hermes 完成（api_calls=2）
  [0;32m[← H→O][0m shared/ h2o: 1 筆待處理
2026-04-06 06:47:22 scan_h2o: processed 1 items
  [0;32m[✓][0m OpenClaw 入庫完成
  [0;32m[O→H ][0m OpenClaw approve → shared/ o2h
2026-04-06 06:47:22 scan_o2h: processed 1 items
  [0;32m[← O ][0m Hermes MEMORY.md 已更新
  ⏱  本輪耗時：31017ms

-----------------------------------------
[1;33m第 114/200 輪[0m
-----------------------------------------
  [0;34m[→ H ][0m Hermes 執行：請用 terminal 執行 free -h | grep ...
  [0;32m[✓][0m Hermes 完成（api_calls=2）
  [0;32m[← H→O][0m shared/ h2o: 1 筆待處理
2026-04-06 06:47:53 scan_h2o: processed 1 items
  [0;32m[✓][0m OpenClaw 入庫完成
  [0;32m[O→H ][0m OpenClaw approve → shared/ o2h
2026-04-06 06:47:54 scan_o2h: processed 1 items
  [0;32m[← O ][0m Hermes MEMORY.md 已更新
  ⏱  本輪耗時：31255ms

-----------------------------------------
[1;33m第 115/200 輪[0m
-----------------------------------------
  [0;34m[→ H ][0m Hermes 執行：請用 terminal 執行 whoami && pwd，告...
  [0;32m[✓][0m Hermes 完成（api_calls=2）
  [0;32m[← H→O][0m shared/ h2o: 1 筆待處理
2026-04-06 06:48:23 scan_h2o: processed 1 items
  [0;32m[✓][0m OpenClaw 入庫完成
  [0;32m[O→H ][0m OpenClaw approve → shared/ o2h
2026-04-06 06:48:24 scan_o2h: processed 1 items
  [0;32m[← O ][0m Hermes MEMORY.md 已更新
  ⏱  本輪耗時：30690ms

-----------------------------------------
[1;33m第 116/200 輪[0m
-----------------------------------------
  [0;34m[→ H ][0m Hermes 執行：請用 terminal 執行 date && hostnam...
  [0;32m[✓][0m Hermes 完成（api_calls=2）
  [0;32m[← H→O][0m shared/ h2o: 1 筆待處理
2026-04-06 06:48:55 scan_h2o: processed 1 items
  [0;32m[✓][0m OpenClaw 入庫完成
  [0;32m[O→H ][0m OpenClaw approve → shared/ o2h
2026-04-06 06:48:56 scan_o2h: processed 1 items
  [0;32m[← O ][0m Hermes MEMORY.md 已更新
  ⏱  本輪耗時：31406ms

-----------------------------------------
[1;33m第 117/200 輪[0m
-----------------------------------------
  [0;34m[→ H ][0m Hermes 執行：請用 terminal 執行 uptime，告訴我系統運行時...
  [0;32m[✓][0m Hermes 完成（api_calls=2）
  [0;32m[← H→O][0m shared/ h2o: 1 筆待處理
2026-04-06 06:49:25 scan_h2o: processed 1 items
  [0;32m[✓][0m OpenClaw 入庫完成
  [0;32m[O→H ][0m OpenClaw approve → shared/ o2h
2026-04-06 06:49:25 scan_o2h: processed 1 items
  [0;32m[← O ][0m Hermes MEMORY.md 已更新
  ⏱  本輪耗時：29419ms

-----------------------------------------
[1;33m第 118/200 輪[0m
-----------------------------------------
  [0;34m[→ H ][0m Hermes 執行：請用 terminal 執行 df -h / | tail ...
  [0;32m[✓][0m Hermes 完成（api_calls=2）
  [0;32m[← H→O][0m shared/ h2o: 1 筆待處理
2026-04-06 06:49:58 scan_h2o: processed 1 items
  [0;32m[✓][0m OpenClaw 入庫完成
  [0;32m[O→H ][0m OpenClaw approve → shared/ o2h
2026-04-06 06:49:59 scan_o2h: processed 1 items
  [0;32m[← O ][0m Hermes MEMORY.md 已更新
  ⏱  本輪耗時：33768ms

-----------------------------------------
[1;33m第 119/200 輪[0m
-----------------------------------------
  [0;34m[→ H ][0m Hermes 執行：請用 terminal 執行 free -h | grep ...
  [0;32m[✓][0m Hermes 完成（api_calls=2）
  [0;32m[← H→O][0m shared/ h2o: 1 筆待處理
2026-04-06 06:50:31 scan_h2o: processed 1 items
  [0;32m[✓][0m OpenClaw 入庫完成
  [0;32m[O→H ][0m OpenClaw approve → shared/ o2h
2026-04-06 06:50:31 scan_o2h: processed 1 items
  [0;32m[← O ][0m Hermes MEMORY.md 已更新
  ⏱  本輪耗時：32054ms

-----------------------------------------
[1;33m第 120/200 輪[0m
-----------------------------------------
  [0;34m[→ H ][0m Hermes 執行：請用 terminal 執行 whoami && pwd，告...
  [0;32m[✓][0m Hermes 完成（api_calls=2）
  [0;32m[← H→O][0m shared/ h2o: 1 筆待處理
2026-04-06 06:51:02 scan_h2o: processed 1 items
  [0;32m[✓][0m OpenClaw 入庫完成
  [0;32m[O→H ][0m OpenClaw approve → shared/ o2h
2026-04-06 06:51:02 scan_o2h: processed 1 items
  [0;32m[← O ][0m Hermes MEMORY.md 已更新
  ⏱  本輪耗時：30785ms

-----------------------------------------
[1;33m第 121/200 輪[0m
-----------------------------------------
  [0;34m[→ H ][0m Hermes 執行：請用 terminal 執行 date && hostnam...
  [0;32m[✓][0m Hermes 完成（api_calls=2）
  [0;32m[← H→O][0m shared/ h2o: 1 筆待處理
2026-04-06 06:51:33 scan_h2o: processed 1 items
  [0;32m[✓][0m OpenClaw 入庫完成
  [0;32m[O→H ][0m OpenClaw approve → shared/ o2h
2026-04-06 06:51:34 scan_o2h: processed 1 items
  [0;32m[← O ][0m Hermes MEMORY.md 已更新
  ⏱  本輪耗時：31672ms

-----------------------------------------
[1;33m第 122/200 輪[0m
-----------------------------------------
  [0;34m[→ H ][0m Hermes 執行：請用 terminal 執行 uptime，告訴我系統運行時...
  [0;32m[✓][0m Hermes 完成（api_calls=2）
  [0;32m[← H→O][0m shared/ h2o: 1 筆待處理
2026-04-06 06:52:04 scan_h2o: processed 1 items
  [0;32m[✓][0m OpenClaw 入庫完成
  [0;32m[O→H ][0m OpenClaw approve → shared/ o2h
2026-04-06 06:52:05 scan_o2h: processed 1 items
  [0;32m[← O ][0m Hermes MEMORY.md 已更新
  ⏱  本輪耗時：31413ms

-----------------------------------------
[1;33m第 123/200 輪[0m
-----------------------------------------
  [0;34m[→ H ][0m Hermes 執行：請用 terminal 執行 df -h / | tail ...
  [0;32m[✓][0m Hermes 完成（api_calls=2）
  [0;32m[← H→O][0m shared/ h2o: 1 筆待處理
2026-04-06 06:52:37 scan_h2o: processed 1 items
  [0;32m[✓][0m OpenClaw 入庫完成
  [0;32m[O→H ][0m OpenClaw approve → shared/ o2h
2026-04-06 06:52:37 scan_o2h: processed 1 items
  [0;32m[← O ][0m Hermes MEMORY.md 已更新
  ⏱  本輪耗時：31927ms

-----------------------------------------
[1;33m第 124/200 輪[0m
-----------------------------------------
  [0;34m[→ H ][0m Hermes 執行：請用 terminal 執行 free -h | grep ...
  [0;32m[✓][0m Hermes 完成（api_calls=2）
  [0;32m[← H→O][0m shared/ h2o: 1 筆待處理
2026-04-06 06:53:09 scan_h2o: processed 1 items
  [0;32m[✓][0m OpenClaw 入庫完成
  [0;32m[O→H ][0m OpenClaw approve → shared/ o2h
2026-04-06 06:53:09 scan_o2h: processed 1 items
  [0;32m[← O ][0m Hermes MEMORY.md 已更新
  ⏱  本輪耗時：32063ms

-----------------------------------------
[1;33m第 125/200 輪[0m
-----------------------------------------
  [0;34m[→ H ][0m Hermes 執行：請用 terminal 執行 whoami && pwd，告...
  [0;32m[✓][0m Hermes 完成（api_calls=2）
  [0;32m[← H→O][0m shared/ h2o: 1 筆待處理
2026-04-06 06:53:40 scan_h2o: processed 1 items
  [0;32m[✓][0m OpenClaw 入庫完成
  [0;32m[O→H ][0m OpenClaw approve → shared/ o2h
2026-04-06 06:53:40 scan_o2h: processed 1 items
  [0;32m[← O ][0m Hermes MEMORY.md 已更新
  ⏱  本輪耗時：31255ms

-----------------------------------------
[1;33m第 126/200 輪[0m
-----------------------------------------
  [0;34m[→ H ][0m Hermes 執行：請用 terminal 執行 date && hostnam...
  [0;32m[✓][0m Hermes 完成（api_calls=2）
  [0;32m[← H→O][0m shared/ h2o: 1 筆待處理
2026-04-06 06:54:12 scan_h2o: processed 1 items
  [0;32m[✓][0m OpenClaw 入庫完成
  [0;32m[O→H ][0m OpenClaw approve → shared/ o2h
2026-04-06 06:54:13 scan_o2h: processed 1 items
  [0;32m[← O ][0m Hermes MEMORY.md 已更新
  ⏱  本輪耗時：32387ms

-----------------------------------------
[1;33m第 127/200 輪[0m
-----------------------------------------
  [0;34m[→ H ][0m Hermes 執行：請用 terminal 執行 uptime，告訴我系統運行時...
  [0;32m[✓][0m Hermes 完成（api_calls=2）
  [0;32m[← H→O][0m shared/ h2o: 1 筆待處理
2026-04-06 06:54:44 scan_h2o: processed 1 items
  [0;32m[✓][0m OpenClaw 入庫完成
  [0;32m[O→H ][0m OpenClaw approve → shared/ o2h
2026-04-06 06:54:44 scan_o2h: processed 1 items
  [0;32m[← O ][0m Hermes MEMORY.md 已更新
  ⏱  本輪耗時：31381ms

-----------------------------------------
[1;33m第 128/200 輪[0m
-----------------------------------------
  [0;34m[→ H ][0m Hermes 執行：請用 terminal 執行 df -h / | tail ...
  [0;32m[✓][0m Hermes 完成（api_calls=2）
  [0;32m[← H→O][0m shared/ h2o: 1 筆待處理
2026-04-06 06:55:17 scan_h2o: processed 1 items
  [0;32m[✓][0m OpenClaw 入庫完成
  [0;32m[O→H ][0m OpenClaw approve → shared/ o2h
2026-04-06 06:55:17 scan_o2h: processed 1 items
  [0;32m[← O ][0m Hermes MEMORY.md 已更新
  ⏱  本輪耗時：32892ms

-----------------------------------------
[1;33m第 129/200 輪[0m
-----------------------------------------
  [0;34m[→ H ][0m Hermes 執行：請用 terminal 執行 free -h | grep ...
  [0;32m[✓][0m Hermes 完成（api_calls=2）
  [0;32m[← H→O][0m shared/ h2o: 1 筆待處理
2026-04-06 06:55:58 scan_h2o: processed 1 items
  [0;32m[✓][0m OpenClaw 入庫完成
  [0;32m[O→H ][0m OpenClaw approve → shared/ o2h
2026-04-06 06:55:58 scan_o2h: processed 1 items
  [0;32m[← O ][0m Hermes MEMORY.md 已更新
  ⏱  本輪耗時：41406ms

-----------------------------------------
[1;33m第 130/200 輪[0m
-----------------------------------------
  [0;34m[→ H ][0m Hermes 執行：請用 terminal 執行 whoami && pwd，告...
  [0;32m[✓][0m Hermes 完成（api_calls=2）
  [0;32m[← H→O][0m shared/ h2o: 1 筆待處理
2026-04-06 06:56:31 scan_h2o: processed 1 items
  [0;32m[✓][0m OpenClaw 入庫完成
  [0;32m[O→H ][0m OpenClaw approve → shared/ o2h
2026-04-06 06:56:31 scan_o2h: processed 1 items
  [0;32m[← O ][0m Hermes MEMORY.md 已更新
  ⏱  本輪耗時：32538ms

-----------------------------------------
[1;33m第 131/200 輪[0m
-----------------------------------------
  [0;34m[→ H ][0m Hermes 執行：請用 terminal 執行 date && hostnam...
  [0;32m[✓][0m Hermes 完成（api_calls=2）
  [0;32m[← H→O][0m shared/ h2o: 1 筆待處理
2026-04-06 06:57:03 scan_h2o: processed 1 items
  [0;32m[✓][0m OpenClaw 入庫完成
  [0;32m[O→H ][0m OpenClaw approve → shared/ o2h
2026-04-06 06:57:04 scan_o2h: processed 1 items
  [0;32m[← O ][0m Hermes MEMORY.md 已更新
  ⏱  本輪耗時：32693ms

-----------------------------------------
[1;33m第 132/200 輪[0m
-----------------------------------------
  [0;34m[→ H ][0m Hermes 執行：請用 terminal 執行 uptime，告訴我系統運行時...
  [0;32m[✓][0m Hermes 完成（api_calls=2）
  [0;32m[← H→O][0m shared/ h2o: 1 筆待處理
2026-04-06 06:57:35 scan_h2o: processed 1 items
  [0;32m[✓][0m OpenClaw 入庫完成
  [0;32m[O→H ][0m OpenClaw approve → shared/ o2h
2026-04-06 06:57:35 scan_o2h: processed 1 items
  [0;32m[← O ][0m Hermes MEMORY.md 已更新
  ⏱  本輪耗時：31439ms

-----------------------------------------
[1;33m第 133/200 輪[0m
-----------------------------------------
  [0;34m[→ H ][0m Hermes 執行：請用 terminal 執行 df -h / | tail ...
  [0;32m[✓][0m Hermes 完成（api_calls=2）
  [0;32m[← H→O][0m shared/ h2o: 1 筆待處理
2026-04-06 06:58:09 scan_h2o: processed 1 items
  [0;32m[✓][0m OpenClaw 入庫完成
  [0;32m[O→H ][0m OpenClaw approve → shared/ o2h
2026-04-06 06:58:09 scan_o2h: processed 1 items
  [0;32m[← O ][0m Hermes MEMORY.md 已更新
  ⏱  本輪耗時：33856ms

-----------------------------------------
[1;33m第 134/200 輪[0m
-----------------------------------------
  [0;34m[→ H ][0m Hermes 執行：請用 terminal 執行 free -h | grep ...
  [0;32m[✓][0m Hermes 完成（api_calls=2）
  [0;32m[← H→O][0m shared/ h2o: 1 筆待處理
2026-04-06 06:58:43 scan_h2o: processed 1 items
  [0;32m[✓][0m OpenClaw 入庫完成
  [0;32m[O→H ][0m OpenClaw approve → shared/ o2h
2026-04-06 06:58:43 scan_o2h: processed 1 items
  [0;32m[← O ][0m Hermes MEMORY.md 已更新
  ⏱  本輪耗時：34159ms

-----------------------------------------
[1;33m第 135/200 輪[0m
-----------------------------------------
  [0;34m[→ H ][0m Hermes 執行：請用 terminal 執行 whoami && pwd，告...
  [0;32m[✓][0m Hermes 完成（api_calls=2）
  [0;32m[← H→O][0m shared/ h2o: 1 筆待處理
2026-04-06 06:59:15 scan_h2o: processed 1 items
  [0;32m[✓][0m OpenClaw 入庫完成
  [0;32m[O→H ][0m OpenClaw approve → shared/ o2h
2026-04-06 06:59:16 scan_o2h: processed 1 items
  [0;32m[← O ][0m Hermes MEMORY.md 已更新
  ⏱  本輪耗時：32797ms

-----------------------------------------
[1;33m第 136/200 輪[0m
-----------------------------------------
  [0;34m[→ H ][0m Hermes 執行：請用 terminal 執行 date && hostnam...
  [0;32m[✓][0m Hermes 完成（api_calls=2）
  [0;32m[← H→O][0m shared/ h2o: 1 筆待處理
2026-04-06 06:59:49 scan_h2o: processed 1 items
  [0;32m[✓][0m OpenClaw 入庫完成
  [0;32m[O→H ][0m OpenClaw approve → shared/ o2h
2026-04-06 06:59:49 scan_o2h: processed 1 items
  [0;32m[← O ][0m Hermes MEMORY.md 已更新
  ⏱  本輪耗時：33597ms

-----------------------------------------
[1;33m第 137/200 輪[0m
-----------------------------------------
  [0;34m[→ H ][0m Hermes 執行：請用 terminal 執行 uptime，告訴我系統運行時...
  [0;32m[✓][0m Hermes 完成（api_calls=2）
  [0;32m[← H→O][0m shared/ h2o: 1 筆待處理
2026-04-06 07:00:22 scan_h2o: processed 1 items
  [0;32m[✓][0m OpenClaw 入庫完成
  [0;32m[O→H ][0m OpenClaw approve → shared/ o2h
2026-04-06 07:00:22 scan_o2h: processed 1 items
  [0;32m[← O ][0m Hermes MEMORY.md 已更新
  ⏱  本輪耗時：32928ms

-----------------------------------------
[1;33m第 138/200 輪[0m
-----------------------------------------
  [0;34m[→ H ][0m Hermes 執行：請用 terminal 執行 df -h / | tail ...
  [0;32m[✓][0m Hermes 完成（api_calls=2）
  [0;32m[← H→O][0m shared/ h2o: 1 筆待處理
2026-04-06 07:00:57 scan_h2o: processed 1 items
  [0;32m[✓][0m OpenClaw 入庫完成
  [0;32m[O→H ][0m OpenClaw approve → shared/ o2h
2026-04-06 07:00:57 scan_o2h: processed 1 items
  [0;32m[← O ][0m Hermes MEMORY.md 已更新
  ⏱  本輪耗時：35175ms

-----------------------------------------
[1;33m第 139/200 輪[0m
-----------------------------------------
  [0;34m[→ H ][0m Hermes 執行：請用 terminal 執行 free -h | grep ...
  [0;32m[✓][0m Hermes 完成（api_calls=2）
  [0;32m[← H→O][0m shared/ h2o: 1 筆待處理
2026-04-06 07:01:32 scan_h2o: processed 1 items
  [0;32m[✓][0m OpenClaw 入庫完成
  [0;32m[O→H ][0m OpenClaw approve → shared/ o2h
2026-04-06 07:01:32 scan_o2h: processed 1 items
  [0;32m[← O ][0m Hermes MEMORY.md 已更新
  ⏱  本輪耗時：34753ms

-----------------------------------------
[1;33m第 140/200 輪[0m
-----------------------------------------
  [0;34m[→ H ][0m Hermes 執行：請用 terminal 執行 whoami && pwd，告...
  [0;32m[✓][0m Hermes 完成（api_calls=2）
  [0;32m[← H→O][0m shared/ h2o: 1 筆待處理
2026-04-06 07:02:06 scan_h2o: processed 1 items
  [0;32m[✓][0m OpenClaw 入庫完成
  [0;32m[O→H ][0m OpenClaw approve → shared/ o2h
2026-04-06 07:02:06 scan_o2h: processed 1 items
  [0;32m[← O ][0m Hermes MEMORY.md 已更新
  ⏱  本輪耗時：33577ms

-----------------------------------------
[1;33m第 141/200 輪[0m
-----------------------------------------
  [0;34m[→ H ][0m Hermes 執行：請用 terminal 執行 date && hostnam...
  [0;32m[✓][0m Hermes 完成（api_calls=2）
  [0;32m[← H→O][0m shared/ h2o: 1 筆待處理
2026-04-06 07:02:40 scan_h2o: processed 1 items
  [0;32m[✓][0m OpenClaw 入庫完成
  [0;32m[O→H ][0m OpenClaw approve → shared/ o2h
2026-04-06 07:02:40 scan_o2h: processed 1 items
  [0;32m[← O ][0m Hermes MEMORY.md 已更新
  ⏱  本輪耗時：34073ms

-----------------------------------------
[1;33m第 142/200 輪[0m
-----------------------------------------
  [0;34m[→ H ][0m Hermes 執行：請用 terminal 執行 uptime，告訴我系統運行時...
  [0;32m[✓][0m Hermes 完成（api_calls=2）
  [0;32m[← H→O][0m shared/ h2o: 1 筆待處理
2026-04-06 07:03:13 scan_h2o: processed 1 items
  [0;32m[✓][0m OpenClaw 入庫完成
  [0;32m[O→H ][0m OpenClaw approve → shared/ o2h
2026-04-06 07:03:13 scan_o2h: processed 1 items
  [0;32m[← O ][0m Hermes MEMORY.md 已更新
  ⏱  本輪耗時：33254ms

-----------------------------------------
[1;33m第 143/200 輪[0m
-----------------------------------------
  [0;34m[→ H ][0m Hermes 執行：請用 terminal 執行 df -h / | tail ...
  [0;32m[✓][0m Hermes 完成（api_calls=2）
  [0;32m[← H→O][0m shared/ h2o: 1 筆待處理
2026-04-06 07:03:48 scan_h2o: processed 1 items
  [0;32m[✓][0m OpenClaw 入庫完成
  [0;32m[O→H ][0m OpenClaw approve → shared/ o2h
2026-04-06 07:03:48 scan_o2h: processed 1 items
  [0;32m[← O ][0m Hermes MEMORY.md 已更新
  ⏱  本輪耗時：35247ms

-----------------------------------------
[1;33m第 144/200 輪[0m
-----------------------------------------
  [0;34m[→ H ][0m Hermes 執行：請用 terminal 執行 free -h | grep ...
  [0;32m[✓][0m Hermes 完成（api_calls=2）
  [0;32m[← H→O][0m shared/ h2o: 1 筆待處理
2026-04-06 07:04:24 scan_h2o: processed 1 items
  [0;32m[✓][0m OpenClaw 入庫完成
  [0;32m[O→H ][0m OpenClaw approve → shared/ o2h
2026-04-06 07:04:24 scan_o2h: processed 1 items
  [0;32m[← O ][0m Hermes MEMORY.md 已更新
  ⏱  本輪耗時：35633ms

-----------------------------------------
[1;33m第 145/200 輪[0m
-----------------------------------------
  [0;34m[→ H ][0m Hermes 執行：請用 terminal 執行 whoami && pwd，告...
  [0;32m[✓][0m Hermes 完成（api_calls=2）
  [0;32m[← H→O][0m shared/ h2o: 1 筆待處理
2026-04-06 07:04:58 scan_h2o: processed 1 items
  [0;32m[✓][0m OpenClaw 入庫完成
  [0;32m[O→H ][0m OpenClaw approve → shared/ o2h
2026-04-06 07:04:59 scan_o2h: processed 1 items
  [0;32m[← O ][0m Hermes MEMORY.md 已更新
  ⏱  本輪耗時：34481ms

-----------------------------------------
[1;33m第 146/200 輪[0m
-----------------------------------------
  [0;34m[→ H ][0m Hermes 執行：請用 terminal 執行 date && hostnam...
  [0;32m[✓][0m Hermes 完成（api_calls=2）
  [0;32m[← H→O][0m shared/ h2o: 1 筆待處理
2026-04-06 07:05:33 scan_h2o: processed 1 items
  [0;32m[✓][0m OpenClaw 入庫完成
  [0;32m[O→H ][0m OpenClaw approve → shared/ o2h
2026-04-06 07:05:33 scan_o2h: processed 1 items
  [0;32m[← O ][0m Hermes MEMORY.md 已更新
  ⏱  本輪耗時：34987ms

-----------------------------------------
[1;33m第 147/200 輪[0m
-----------------------------------------
  [0;34m[→ H ][0m Hermes 執行：請用 terminal 執行 uptime，告訴我系統運行時...
  [0;32m[✓][0m Hermes 完成（api_calls=2）
  [0;32m[← H→O][0m shared/ h2o: 1 筆待處理
2026-04-06 07:06:07 scan_h2o: processed 1 items
  [0;32m[✓][0m OpenClaw 入庫完成
  [0;32m[O→H ][0m OpenClaw approve → shared/ o2h
2026-04-06 07:06:08 scan_o2h: processed 1 items
  [0;32m[← O ][0m Hermes MEMORY.md 已更新
  ⏱  本輪耗時：34015ms

-----------------------------------------
[1;33m第 148/200 輪[0m
-----------------------------------------
  [0;34m[→ H ][0m Hermes 執行：請用 terminal 執行 df -h / | tail ...
  [0;32m[✓][0m Hermes 完成（api_calls=2）
  [0;32m[← H→O][0m shared/ h2o: 1 筆待處理
2026-04-06 07:06:43 scan_h2o: processed 1 items
  [0;32m[✓][0m OpenClaw 入庫完成
  [0;32m[O→H ][0m OpenClaw approve → shared/ o2h
2026-04-06 07:06:44 scan_o2h: processed 1 items
  [0;32m[← O ][0m Hermes MEMORY.md 已更新
  ⏱  本輪耗時：35995ms

-----------------------------------------
[1;33m第 149/200 輪[0m
-----------------------------------------
  [0;34m[→ H ][0m Hermes 執行：請用 terminal 執行 free -h | grep ...
  [0;32m[✓][0m Hermes 完成（api_calls=2）
  [0;32m[← H→O][0m shared/ h2o: 1 筆待處理
2026-04-06 07:07:20 scan_h2o: processed 1 items
  [0;32m[✓][0m OpenClaw 入庫完成
  [0;32m[O→H ][0m OpenClaw approve → shared/ o2h
2026-04-06 07:07:20 scan_o2h: processed 1 items
  [0;32m[← O ][0m Hermes MEMORY.md 已更新
  ⏱  本輪耗時：36399ms

-----------------------------------------
[1;33m第 150/200 輪[0m
-----------------------------------------
  [0;34m[→ H ][0m Hermes 執行：請用 terminal 執行 whoami && pwd，告...
  [0;32m[✓][0m Hermes 完成（api_calls=2）
  [0;32m[← H→O][0m shared/ h2o: 1 筆待處理
2026-04-06 07:07:55 scan_h2o: processed 1 items
  [0;32m[✓][0m OpenClaw 入庫完成
  [0;32m[O→H ][0m OpenClaw approve → shared/ o2h
2026-04-06 07:07:55 scan_o2h: processed 1 items
  [0;32m[← O ][0m Hermes MEMORY.md 已更新
  ⏱  本輪耗時：35112ms

-----------------------------------------
[1;33m第 151/200 輪[0m
-----------------------------------------
  [0;34m[→ H ][0m Hermes 執行：請用 terminal 執行 date && hostnam...
  [0;32m[✓][0m Hermes 完成（api_calls=2）
  [0;32m[← H→O][0m shared/ h2o: 1 筆待處理
2026-04-06 07:08:30 scan_h2o: processed 1 items
  [0;32m[✓][0m OpenClaw 入庫完成
  [0;32m[O→H ][0m OpenClaw approve → shared/ o2h
2026-04-06 07:08:30 scan_o2h: processed 1 items
  [0;32m[← O ][0m Hermes MEMORY.md 已更新
  ⏱  本輪耗時：35349ms

-----------------------------------------
[1;33m第 152/200 輪[0m
-----------------------------------------
  [0;34m[→ H ][0m Hermes 執行：請用 terminal 執行 uptime，告訴我系統運行時...
  [0;32m[✓][0m Hermes 完成（api_calls=2）
  [0;32m[← H→O][0m shared/ h2o: 1 筆待處理
2026-04-06 07:09:05 scan_h2o: processed 1 items
  [0;32m[✓][0m OpenClaw 入庫完成
  [0;32m[O→H ][0m OpenClaw approve → shared/ o2h
2026-04-06 07:09:05 scan_o2h: processed 1 items
  [0;32m[← O ][0m Hermes MEMORY.md 已更新
  ⏱  本輪耗時：34460ms

-----------------------------------------
[1;33m第 153/200 輪[0m
-----------------------------------------
  [0;34m[→ H ][0m Hermes 執行：請用 terminal 執行 df -h / | tail ...
  [0;32m[✓][0m Hermes 完成（api_calls=2）
  [0;32m[← H→O][0m shared/ h2o: 1 筆待處理
2026-04-06 07:09:41 scan_h2o: processed 1 items
  [0;32m[✓][0m OpenClaw 入庫完成
  [0;32m[O→H ][0m OpenClaw approve → shared/ o2h
2026-04-06 07:09:41 scan_o2h: processed 1 items
  [0;32m[← O ][0m Hermes MEMORY.md 已更新
  ⏱  本輪耗時：36476ms

-----------------------------------------
[1;33m第 154/200 輪[0m
-----------------------------------------
  [0;34m[→ H ][0m Hermes 執行：請用 terminal 執行 free -h | grep ...
  [0;32m[✓][0m Hermes 完成（api_calls=2）
  [0;32m[← H→O][0m shared/ h2o: 1 筆待處理
2026-04-06 07:10:18 scan_h2o: processed 1 items
  [0;32m[✓][0m OpenClaw 入庫完成
  [0;32m[O→H ][0m OpenClaw approve → shared/ o2h
2026-04-06 07:10:18 scan_o2h: processed 1 items
  [0;32m[← O ][0m Hermes MEMORY.md 已更新
  ⏱  本輪耗時：36771ms

-----------------------------------------
[1;33m第 155/200 輪[0m
-----------------------------------------
  [0;34m[→ H ][0m Hermes 執行：請用 terminal 執行 whoami && pwd，告...
  [0;32m[✓][0m Hermes 完成（api_calls=2）
  [0;32m[← H→O][0m shared/ h2o: 1 筆待處理
2026-04-06 07:10:53 scan_h2o: processed 1 items
  [0;32m[✓][0m OpenClaw 入庫完成
  [0;32m[O→H ][0m OpenClaw approve → shared/ o2h
2026-04-06 07:10:53 scan_o2h: processed 1 items
  [0;32m[← O ][0m Hermes MEMORY.md 已更新
  ⏱  本輪耗時：35394ms

-----------------------------------------
[1;33m第 156/200 輪[0m
-----------------------------------------
  [0;34m[→ H ][0m Hermes 執行：請用 terminal 執行 date && hostnam...
  [0;32m[✓][0m Hermes 完成（api_calls=2）
  [0;32m[← H→O][0m shared/ h2o: 1 筆待處理
2026-04-06 07:11:29 scan_h2o: processed 1 items
  [0;32m[✓][0m OpenClaw 入庫完成
  [0;32m[O→H ][0m OpenClaw approve → shared/ o2h
2026-04-06 07:11:30 scan_o2h: processed 1 items
  [0;32m[← O ][0m Hermes MEMORY.md 已更新
  ⏱  本輪耗時：36158ms

-----------------------------------------
[1;33m第 157/200 輪[0m
-----------------------------------------
  [0;34m[→ H ][0m Hermes 執行：請用 terminal 執行 uptime，告訴我系統運行時...
  [0;32m[✓][0m Hermes 完成（api_calls=2）
  [0;32m[← H→O][0m shared/ h2o: 1 筆待處理
2026-04-06 07:12:04 scan_h2o: processed 1 items
  [0;32m[✓][0m OpenClaw 入庫完成
  [0;32m[O→H ][0m OpenClaw approve → shared/ o2h
2026-04-06 07:12:05 scan_o2h: processed 1 items
  [0;32m[← O ][0m Hermes MEMORY.md 已更新
  ⏱  本輪耗時：35130ms

-----------------------------------------
[1;33m第 158/200 輪[0m
-----------------------------------------
  [0;34m[→ H ][0m Hermes 執行：請用 terminal 執行 df -h / | tail ...
  [0;32m[✓][0m Hermes 完成（api_calls=2）
  [0;32m[← H→O][0m shared/ h2o: 1 筆待處理
2026-04-06 07:12:42 scan_h2o: processed 1 items
  [0;32m[✓][0m OpenClaw 入庫完成
  [0;32m[O→H ][0m OpenClaw approve → shared/ o2h
2026-04-06 07:12:42 scan_o2h: processed 1 items
  [0;32m[← O ][0m Hermes MEMORY.md 已更新
  ⏱  本輪耗時：37274ms

-----------------------------------------
[1;33m第 159/200 輪[0m
-----------------------------------------
  [0;34m[→ H ][0m Hermes 執行：請用 terminal 執行 free -h | grep ...
  [0;32m[✓][0m Hermes 完成（api_calls=2）
  [0;32m[← H→O][0m shared/ h2o: 1 筆待處理
2026-04-06 07:13:19 scan_h2o: processed 1 items
  [0;32m[✓][0m OpenClaw 入庫完成
  [0;32m[O→H ][0m OpenClaw approve → shared/ o2h
2026-04-06 07:13:20 scan_o2h: processed 1 items
  [0;32m[← O ][0m Hermes MEMORY.md 已更新
  ⏱  本輪耗時：37483ms

-----------------------------------------
[1;33m第 160/200 輪[0m
-----------------------------------------
  [0;34m[→ H ][0m Hermes 執行：請用 terminal 執行 whoami && pwd，告...
  [0;32m[✓][0m Hermes 完成（api_calls=2）
  [0;32m[← H→O][0m shared/ h2o: 1 筆待處理
2026-04-06 07:13:55 scan_h2o: processed 1 items
  [0;32m[✓][0m OpenClaw 入庫完成
  [0;32m[O→H ][0m OpenClaw approve → shared/ o2h
2026-04-06 07:13:56 scan_o2h: processed 1 items
  [0;32m[← O ][0m Hermes MEMORY.md 已更新
  ⏱  本輪耗時：36171ms

-----------------------------------------
[1;33m第 161/200 輪[0m
-----------------------------------------
  [0;34m[→ H ][0m Hermes 執行：請用 terminal 執行 date && hostnam...
  [0;32m[✓][0m Hermes 完成（api_calls=2）
  [0;32m[← H→O][0m shared/ h2o: 1 筆待處理
2026-04-06 07:14:32 scan_h2o: processed 1 items
  [0;32m[✓][0m OpenClaw 入庫完成
  [0;32m[O→H ][0m OpenClaw approve → shared/ o2h
2026-04-06 07:14:32 scan_o2h: processed 1 items
  [0;32m[← O ][0m Hermes MEMORY.md 已更新
  ⏱  本輪耗時：36595ms

-----------------------------------------
[1;33m第 162/200 輪[0m
-----------------------------------------
  [0;34m[→ H ][0m Hermes 執行：請用 terminal 執行 uptime，告訴我系統運行時...
  [0;32m[✓][0m Hermes 完成（api_calls=2）
  [0;32m[← H→O][0m shared/ h2o: 1 筆待處理
2026-04-06 07:15:08 scan_h2o: processed 1 items
  [0;32m[✓][0m OpenClaw 入庫完成
  [0;32m[O→H ][0m OpenClaw approve → shared/ o2h
2026-04-06 07:15:08 scan_o2h: processed 1 items
  [0;32m[← O ][0m Hermes MEMORY.md 已更新
  ⏱  本輪耗時：35804ms

-----------------------------------------
[1;33m第 163/200 輪[0m
-----------------------------------------
  [0;34m[→ H ][0m Hermes 執行：請用 terminal 執行 df -h / | tail ...
  [0;32m[✓][0m Hermes 完成（api_calls=2）
  [0;32m[← H→O][0m shared/ h2o: 1 筆待處理
2026-04-06 07:15:45 scan_h2o: processed 1 items
  [0;32m[✓][0m OpenClaw 入庫完成
  [0;32m[O→H ][0m OpenClaw approve → shared/ o2h
2026-04-06 07:15:46 scan_o2h: processed 1 items
  [0;32m[← O ][0m Hermes MEMORY.md 已更新
  ⏱  本輪耗時：37517ms

-----------------------------------------
[1;33m第 164/200 輪[0m
-----------------------------------------
  [0;34m[→ H ][0m Hermes 執行：請用 terminal 執行 free -h | grep ...
  [0;32m[✓][0m Hermes 完成（api_calls=2）
  [0;32m[← H→O][0m shared/ h2o: 1 筆待處理
2026-04-06 07:16:23 scan_h2o: processed 1 items
  [0;32m[✓][0m OpenClaw 入庫完成
  [0;32m[O→H ][0m OpenClaw approve → shared/ o2h
2026-04-06 07:16:24 scan_o2h: processed 1 items
  [0;32m[← O ][0m Hermes MEMORY.md 已更新
  ⏱  本輪耗時：38157ms

-----------------------------------------
[1;33m第 165/200 輪[0m
-----------------------------------------
  [0;34m[→ H ][0m Hermes 執行：請用 terminal 執行 whoami && pwd，告...
  [0;32m[✓][0m Hermes 完成（api_calls=2）
  [0;32m[← H→O][0m shared/ h2o: 1 筆待處理
2026-04-06 07:17:01 scan_h2o: processed 1 items
  [0;32m[✓][0m OpenClaw 入庫完成
  [0;32m[O→H ][0m OpenClaw approve → shared/ o2h
2026-04-06 07:17:01 scan_o2h: processed 1 items
  [0;32m[← O ][0m Hermes MEMORY.md 已更新
  ⏱  本輪耗時：37132ms

-----------------------------------------
[1;33m第 166/200 輪[0m
-----------------------------------------
  [0;34m[→ H ][0m Hermes 執行：請用 terminal 執行 date && hostnam...
  [0;32m[✓][0m Hermes 完成（api_calls=2）
  [0;32m[← H→O][0m shared/ h2o: 1 筆待處理
2026-04-06 07:17:38 scan_h2o: processed 1 items
  [0;32m[✓][0m OpenClaw 入庫完成
  [0;32m[O→H ][0m OpenClaw approve → shared/ o2h
2026-04-06 07:17:38 scan_o2h: processed 1 items
  [0;32m[← O ][0m Hermes MEMORY.md 已更新
  ⏱  本輪耗時：37304ms

-----------------------------------------
[1;33m第 167/200 輪[0m
-----------------------------------------
  [0;34m[→ H ][0m Hermes 執行：請用 terminal 執行 uptime，告訴我系統運行時...
  [0;32m[✓][0m Hermes 完成（api_calls=2）
  [0;32m[← H→O][0m shared/ h2o: 1 筆待處理
2026-04-06 07:18:14 scan_h2o: processed 1 items
  [0;32m[✓][0m OpenClaw 入庫完成
  [0;32m[O→H ][0m OpenClaw approve → shared/ o2h
2026-04-06 07:18:15 scan_o2h: processed 1 items
  [0;32m[← O ][0m Hermes MEMORY.md 已更新
  ⏱  本輪耗時：36570ms

-----------------------------------------
[1;33m第 168/200 輪[0m
-----------------------------------------
  [0;34m[→ H ][0m Hermes 執行：請用 terminal 執行 df -h / | tail ...
  [0;32m[✓][0m Hermes 完成（api_calls=2）
  [0;32m[← H→O][0m shared/ h2o: 1 筆待處理
2026-04-06 07:18:53 scan_h2o: processed 1 items
  [0;32m[✓][0m OpenClaw 入庫完成
  [0;32m[O→H ][0m OpenClaw approve → shared/ o2h
2026-04-06 07:18:53 scan_o2h: processed 1 items
  [0;32m[← O ][0m Hermes MEMORY.md 已更新
  ⏱  本輪耗時：38560ms

-----------------------------------------
[1;33m第 169/200 輪[0m
-----------------------------------------
  [0;34m[→ H ][0m Hermes 執行：請用 terminal 執行 free -h | grep ...
  [0;32m[✓][0m Hermes 完成（api_calls=2）
  [0;32m[← H→O][0m shared/ h2o: 1 筆待處理
2026-04-06 07:19:32 scan_h2o: processed 1 items
  [0;32m[✓][0m OpenClaw 入庫完成
  [0;32m[O→H ][0m OpenClaw approve → shared/ o2h
2026-04-06 07:19:32 scan_o2h: processed 1 items
  [0;32m[← O ][0m Hermes MEMORY.md 已更新
  ⏱  本輪耗時：38880ms

-----------------------------------------
[1;33m第 170/200 輪[0m
-----------------------------------------
  [0;34m[→ H ][0m Hermes 執行：請用 terminal 執行 whoami && pwd，告...
  [0;32m[✓][0m Hermes 完成（api_calls=2）
  [0;32m[← H→O][0m shared/ h2o: 1 筆待處理
2026-04-06 07:20:09 scan_h2o: processed 1 items
  [0;32m[✓][0m OpenClaw 入庫完成
  [0;32m[O→H ][0m OpenClaw approve → shared/ o2h
2026-04-06 07:20:10 scan_o2h: processed 1 items
  [0;32m[← O ][0m Hermes MEMORY.md 已更新
  ⏱  本輪耗時：37564ms

-----------------------------------------
[1;33m第 171/200 輪[0m
-----------------------------------------
  [0;34m[→ H ][0m Hermes 執行：請用 terminal 執行 date && hostnam...
  [0;32m[✓][0m Hermes 完成（api_calls=2）
  [0;32m[← H→O][0m shared/ h2o: 1 筆待處理
2026-04-06 07:20:48 scan_h2o: processed 1 items
  [0;32m[✓][0m OpenClaw 入庫完成
  [0;32m[O→H ][0m OpenClaw approve → shared/ o2h
2026-04-06 07:20:48 scan_o2h: processed 1 items
  [0;32m[← O ][0m Hermes MEMORY.md 已更新
  ⏱  本輪耗時：38213ms

-----------------------------------------
[1;33m第 172/200 輪[0m
-----------------------------------------
  [0;34m[→ H ][0m Hermes 執行：請用 terminal 執行 uptime，告訴我系統運行時...
  [0;32m[✓][0m Hermes 完成（api_calls=2）
  [0;32m[← H→O][0m shared/ h2o: 1 筆待處理
2026-04-06 07:21:25 scan_h2o: processed 1 items
  [0;32m[✓][0m OpenClaw 入庫完成
  [0;32m[O→H ][0m OpenClaw approve → shared/ o2h
2026-04-06 07:21:25 scan_o2h: processed 1 items
  [0;32m[← O ][0m Hermes MEMORY.md 已更新
  ⏱  本輪耗時：37155ms

-----------------------------------------
[1;33m第 173/200 輪[0m
-----------------------------------------
  [0;34m[→ H ][0m Hermes 執行：請用 terminal 執行 df -h / | tail ...
  [0;32m[✓][0m Hermes 完成（api_calls=2）
  [0;32m[← H→O][0m shared/ h2o: 1 筆待處理
2026-04-06 07:22:04 scan_h2o: processed 1 items
  [0;32m[✓][0m OpenClaw 入庫完成
  [0;32m[O→H ][0m OpenClaw approve → shared/ o2h
2026-04-06 07:22:04 scan_o2h: processed 1 items
  [0;32m[← O ][0m Hermes MEMORY.md 已更新
  ⏱  本輪耗時：39323ms

-----------------------------------------
[1;33m第 174/200 輪[0m
-----------------------------------------
  [0;34m[→ H ][0m Hermes 執行：請用 terminal 執行 free -h | grep ...
  [0;32m[✓][0m Hermes 完成（api_calls=2）
  [0;32m[← H→O][0m shared/ h2o: 1 筆待處理
2026-04-06 07:22:44 scan_h2o: processed 1 items
  [0;32m[✓][0m OpenClaw 入庫完成
  [0;32m[O→H ][0m OpenClaw approve → shared/ o2h
2026-04-06 07:22:44 scan_o2h: processed 1 items
  [0;32m[← O ][0m Hermes MEMORY.md 已更新
  ⏱  本輪耗時：39833ms

-----------------------------------------
[1;33m第 175/200 輪[0m
-----------------------------------------
  [0;34m[→ H ][0m Hermes 執行：請用 terminal 執行 whoami && pwd，告...
  [0;32m[✓][0m Hermes 完成（api_calls=2）
  [0;32m[← H→O][0m shared/ h2o: 1 筆待處理
2026-04-06 07:23:22 scan_h2o: processed 1 items
  [0;32m[✓][0m OpenClaw 入庫完成
  [0;32m[O→H ][0m OpenClaw approve → shared/ o2h
2026-04-06 07:23:23 scan_o2h: processed 1 items
  [0;32m[← O ][0m Hermes MEMORY.md 已更新
  ⏱  本輪耗時：38241ms

-----------------------------------------
[1;33m第 176/200 輪[0m
-----------------------------------------
  [0;34m[→ H ][0m Hermes 執行：請用 terminal 執行 date && hostnam...
  [0;32m[✓][0m Hermes 完成（api_calls=2）
  [0;32m[← H→O][0m shared/ h2o: 1 筆待處理
2026-04-06 07:24:01 scan_h2o: processed 1 items
  [0;32m[✓][0m OpenClaw 入庫完成
  [0;32m[O→H ][0m OpenClaw approve → shared/ o2h
2026-04-06 07:24:01 scan_o2h: processed 1 items
  [0;32m[← O ][0m Hermes MEMORY.md 已更新
  ⏱  本輪耗時：38641ms

-----------------------------------------
[1;33m第 177/200 輪[0m
-----------------------------------------
  [0;34m[→ H ][0m Hermes 執行：請用 terminal 執行 uptime，告訴我系統運行時...
  [0;32m[✓][0m Hermes 完成（api_calls=2）
  [0;32m[← H→O][0m shared/ h2o: 1 筆待處理
2026-04-06 07:24:39 scan_h2o: processed 1 items
  [0;32m[✓][0m OpenClaw 入庫完成
  [0;32m[O→H ][0m OpenClaw approve → shared/ o2h
2026-04-06 07:24:39 scan_o2h: processed 1 items
  [0;32m[← O ][0m Hermes MEMORY.md 已更新
  ⏱  本輪耗時：38089ms

-----------------------------------------
[1;33m第 178/200 輪[0m
-----------------------------------------
  [0;34m[→ H ][0m Hermes 執行：請用 terminal 執行 df -h / | tail ...
  [0;32m[✓][0m Hermes 完成（api_calls=2）
  [0;32m[← H→O][0m shared/ h2o: 1 筆待處理
2026-04-06 07:25:19 scan_h2o: processed 1 items
  [0;32m[✓][0m OpenClaw 入庫完成
  [0;32m[O→H ][0m OpenClaw approve → shared/ o2h
2026-04-06 07:25:19 scan_o2h: processed 1 items
  [0;32m[← O ][0m Hermes MEMORY.md 已更新
  ⏱  本輪耗時：40165ms

-----------------------------------------
[1;33m第 179/200 輪[0m
-----------------------------------------
  [0;34m[→ H ][0m Hermes 執行：請用 terminal 執行 free -h | grep ...
  [0;32m[✓][0m Hermes 完成（api_calls=2）
  [0;32m[← H→O][0m shared/ h2o: 1 筆待處理
2026-04-06 07:26:08 scan_h2o: processed 1 items
  [0;32m[✓][0m OpenClaw 入庫完成
  [0;32m[O→H ][0m OpenClaw approve → shared/ o2h
2026-04-06 07:26:09 scan_o2h: processed 1 items
  [0;32m[← O ][0m Hermes MEMORY.md 已更新
  ⏱  本輪耗時：49289ms

-----------------------------------------
[1;33m第 180/200 輪[0m
-----------------------------------------
  [0;34m[→ H ][0m Hermes 執行：請用 terminal 執行 whoami && pwd，告...
  [0;32m[✓][0m Hermes 完成（api_calls=2）
  [0;32m[← H→O][0m shared/ h2o: 1 筆待處理
2026-04-06 07:26:48 scan_h2o: processed 1 items
  [0;32m[✓][0m OpenClaw 入庫完成
  [0;32m[O→H ][0m OpenClaw approve → shared/ o2h
2026-04-06 07:26:48 scan_o2h: processed 1 items
  [0;32m[← O ][0m Hermes MEMORY.md 已更新
  ⏱  本輪耗時：39034ms

-----------------------------------------
[1;33m第 181/200 輪[0m
-----------------------------------------
  [0;34m[→ H ][0m Hermes 執行：請用 terminal 執行 date && hostnam...
  [0;32m[✓][0m Hermes 完成（api_calls=2）
  [0;32m[← H→O][0m shared/ h2o: 1 筆待處理
2026-04-06 07:27:27 scan_h2o: processed 1 items
  [0;32m[✓][0m OpenClaw 入庫完成
  [0;32m[O→H ][0m OpenClaw approve → shared/ o2h
2026-04-06 07:27:27 scan_o2h: processed 1 items
  [0;32m[← O ][0m Hermes MEMORY.md 已更新
  ⏱  本輪耗時：39488ms

-----------------------------------------
[1;33m第 182/200 輪[0m
-----------------------------------------
  [0;34m[→ H ][0m Hermes 執行：請用 terminal 執行 uptime，告訴我系統運行時...
  [0;32m[✓][0m Hermes 完成（api_calls=2）
  [0;32m[← H→O][0m shared/ h2o: 1 筆待處理
2026-04-06 07:28:05 scan_h2o: processed 1 items
  [0;32m[✓][0m OpenClaw 入庫完成
  [0;32m[O→H ][0m OpenClaw approve → shared/ o2h
2026-04-06 07:28:06 scan_o2h: processed 1 items
  [0;32m[← O ][0m Hermes MEMORY.md 已更新
  ⏱  本輪耗時：38333ms

-----------------------------------------
[1;33m第 183/200 輪[0m
-----------------------------------------
  [0;34m[→ H ][0m Hermes 執行：請用 terminal 執行 df -h / | tail ...
  [0;32m[✓][0m Hermes 完成（api_calls=2）
  [0;32m[← H→O][0m shared/ h2o: 1 筆待處理
2026-04-06 07:28:46 scan_h2o: processed 1 items
  [0;32m[✓][0m OpenClaw 入庫完成
  [0;32m[O→H ][0m OpenClaw approve → shared/ o2h
2026-04-06 07:28:46 scan_o2h: processed 1 items
  [0;32m[← O ][0m Hermes MEMORY.md 已更新
  ⏱  本輪耗時：40653ms

-----------------------------------------
[1;33m第 184/200 輪[0m
-----------------------------------------
  [0;34m[→ H ][0m Hermes 執行：請用 terminal 執行 free -h | grep ...
  [0;32m[✓][0m Hermes 完成（api_calls=2）
  [0;32m[← H→O][0m shared/ h2o: 1 筆待處理
2026-04-06 07:29:27 scan_h2o: processed 1 items
  [0;32m[✓][0m OpenClaw 入庫完成
  [0;32m[O→H ][0m OpenClaw approve → shared/ o2h
2026-04-06 07:29:28 scan_o2h: processed 1 items
  [0;32m[← O ][0m Hermes MEMORY.md 已更新
  ⏱  本輪耗時：41589ms

-----------------------------------------
[1;33m第 185/200 輪[0m
-----------------------------------------
  [0;34m[→ H ][0m Hermes 執行：請用 terminal 執行 whoami && pwd，告...
  [0;32m[✓][0m Hermes 完成（api_calls=2）
  [0;32m[← H→O][0m shared/ h2o: 1 筆待處理
2026-04-06 07:30:07 scan_h2o: processed 1 items
  [0;32m[✓][0m OpenClaw 入庫完成
  [0;32m[O→H ][0m OpenClaw approve → shared/ o2h
2026-04-06 07:30:07 scan_o2h: processed 1 items
  [0;32m[← O ][0m Hermes MEMORY.md 已更新
  ⏱  本輪耗時：39241ms

-----------------------------------------
[1;33m第 186/200 輪[0m
-----------------------------------------
  [0;34m[→ H ][0m Hermes 執行：請用 terminal 執行 date && hostnam...
  [0;32m[✓][0m Hermes 完成（api_calls=2）
  [0;32m[← H→O][0m shared/ h2o: 1 筆待處理
2026-04-06 07:30:47 scan_h2o: processed 1 items
  [0;32m[✓][0m OpenClaw 入庫完成
  [0;32m[O→H ][0m OpenClaw approve → shared/ o2h
2026-04-06 07:30:47 scan_o2h: processed 1 items
  [0;32m[← O ][0m Hermes MEMORY.md 已更新
  ⏱  本輪耗時：39806ms

-----------------------------------------
[1;33m第 187/200 輪[0m
-----------------------------------------
  [0;34m[→ H ][0m Hermes 執行：請用 terminal 執行 uptime，告訴我系統運行時...
  [0;32m[✓][0m Hermes 完成（api_calls=2）
  [0;32m[← H→O][0m shared/ h2o: 1 筆待處理
2026-04-06 07:31:26 scan_h2o: processed 1 items
  [0;32m[✓][0m OpenClaw 入庫完成
  [0;32m[O→H ][0m OpenClaw approve → shared/ o2h
2026-04-06 07:31:26 scan_o2h: processed 1 items
  [0;32m[← O ][0m Hermes MEMORY.md 已更新
  ⏱  本輪耗時：39160ms

-----------------------------------------
[1;33m第 188/200 輪[0m
-----------------------------------------
  [0;34m[→ H ][0m Hermes 執行：請用 terminal 執行 df -h / | tail ...
  [0;32m[✓][0m Hermes 完成（api_calls=2）
  [0;32m[← H→O][0m shared/ h2o: 1 筆待處理
2026-04-06 07:32:07 scan_h2o: processed 1 items
  [0;32m[✓][0m OpenClaw 入庫完成
  [0;32m[O→H ][0m OpenClaw approve → shared/ o2h
2026-04-06 07:32:07 scan_o2h: processed 1 items
  [0;32m[← O ][0m Hermes MEMORY.md 已更新
  ⏱  本輪耗時：41292ms

-----------------------------------------
[1;33m第 189/200 輪[0m
-----------------------------------------
  [0;34m[→ H ][0m Hermes 執行：請用 terminal 執行 free -h | grep ...
  [0;32m[✓][0m Hermes 完成（api_calls=2）
  [0;32m[← H→O][0m shared/ h2o: 1 筆待處理
2026-04-06 07:32:49 scan_h2o: processed 1 items
  [0;32m[✓][0m OpenClaw 入庫完成
  [0;32m[O→H ][0m OpenClaw approve → shared/ o2h
2026-04-06 07:32:49 scan_o2h: processed 1 items
  [0;32m[← O ][0m Hermes MEMORY.md 已更新
  ⏱  本輪耗時：41556ms

-----------------------------------------
[1;33m第 190/200 輪[0m
-----------------------------------------
  [0;34m[→ H ][0m Hermes 執行：請用 terminal 執行 whoami && pwd，告...
  [0;32m[✓][0m Hermes 完成（api_calls=2）
  [0;32m[← H→O][0m shared/ h2o: 1 筆待處理
2026-04-06 07:33:29 scan_h2o: processed 1 items
  [0;32m[✓][0m OpenClaw 入庫完成
  [0;32m[O→H ][0m OpenClaw approve → shared/ o2h
2026-04-06 07:33:29 scan_o2h: processed 1 items
  [0;32m[← O ][0m Hermes MEMORY.md 已更新
  ⏱  本輪耗時：40304ms

-----------------------------------------
[1;33m第 191/200 輪[0m
-----------------------------------------
  [0;34m[→ H ][0m Hermes 執行：請用 terminal 執行 date && hostnam...
  [0;32m[✓][0m Hermes 完成（api_calls=2）
  [0;32m[← H→O][0m shared/ h2o: 1 筆待處理
2026-04-06 07:34:10 scan_h2o: processed 1 items
  [0;32m[✓][0m OpenClaw 入庫完成
  [0;32m[O→H ][0m OpenClaw approve → shared/ o2h
2026-04-06 07:34:10 scan_o2h: processed 1 items
  [0;32m[← O ][0m Hermes MEMORY.md 已更新
  ⏱  本輪耗時：40829ms

-----------------------------------------
[1;33m第 192/200 輪[0m
-----------------------------------------
  [0;34m[→ H ][0m Hermes 執行：請用 terminal 執行 uptime，告訴我系統運行時...
  [0;32m[✓][0m Hermes 完成（api_calls=2）
  [0;32m[← H→O][0m shared/ h2o: 1 筆待處理
2026-04-06 07:34:50 scan_h2o: processed 1 items
  [0;32m[✓][0m OpenClaw 入庫完成
  [0;32m[O→H ][0m OpenClaw approve → shared/ o2h
2026-04-06 07:34:50 scan_o2h: processed 1 items
  [0;32m[← O ][0m Hermes MEMORY.md 已更新
  ⏱  本輪耗時：39738ms

-----------------------------------------
[1;33m第 193/200 輪[0m
-----------------------------------------
  [0;34m[→ H ][0m Hermes 執行：請用 terminal 執行 df -h / | tail ...
  [0;32m[✓][0m Hermes 完成（api_calls=2）
  [0;32m[← H→O][0m shared/ h2o: 1 筆待處理
2026-04-06 07:35:31 scan_h2o: processed 1 items
  [0;32m[✓][0m OpenClaw 入庫完成
  [0;32m[O→H ][0m OpenClaw approve → shared/ o2h
2026-04-06 07:35:32 scan_o2h: processed 1 items
  [0;32m[← O ][0m Hermes MEMORY.md 已更新
  ⏱  本輪耗時：41971ms

-----------------------------------------
[1;33m第 194/200 輪[0m
-----------------------------------------
  [0;34m[→ H ][0m Hermes 執行：請用 terminal 執行 free -h | grep ...
  [0;32m[✓][0m Hermes 完成（api_calls=2）
  [0;32m[← H→O][0m shared/ h2o: 1 筆待處理
2026-04-06 07:36:14 scan_h2o: processed 1 items
  [0;32m[✓][0m OpenClaw 入庫完成
  [0;32m[O→H ][0m OpenClaw approve → shared/ o2h
2026-04-06 07:36:14 scan_o2h: processed 1 items
  [0;32m[← O ][0m Hermes MEMORY.md 已更新
  ⏱  本輪耗時：42271ms

-----------------------------------------
[1;33m第 195/200 輪[0m
-----------------------------------------
  [0;34m[→ H ][0m Hermes 執行：請用 terminal 執行 whoami && pwd，告...
  [0;32m[✓][0m Hermes 完成（api_calls=2）
  [0;32m[← H→O][0m shared/ h2o: 1 筆待處理
2026-04-06 07:36:56 scan_h2o: processed 1 items
  [0;32m[✓][0m OpenClaw 入庫完成
  [0;32m[O→H ][0m OpenClaw approve → shared/ o2h
2026-04-06 07:36:56 scan_o2h: processed 1 items
  [0;32m[← O ][0m Hermes MEMORY.md 已更新
  ⏱  本輪耗時：41792ms

-----------------------------------------
[1;33m第 196/200 輪[0m
-----------------------------------------
  [0;34m[→ H ][0m Hermes 執行：請用 terminal 執行 date && hostnam...
  [0;32m[✓][0m Hermes 完成（api_calls=2）
  [0;32m[← H→O][0m shared/ h2o: 1 筆待處理
2026-04-06 07:37:37 scan_h2o: processed 1 items
  [0;32m[✓][0m OpenClaw 入庫完成
  [0;32m[O→H ][0m OpenClaw approve → shared/ o2h
2026-04-06 07:37:37 scan_o2h: processed 1 items
  [0;32m[← O ][0m Hermes MEMORY.md 已更新
  ⏱  本輪耗時：41513ms

-----------------------------------------
[1;33m第 197/200 輪[0m
-----------------------------------------
  [0;34m[→ H ][0m Hermes 執行：請用 terminal 執行 uptime，告訴我系統運行時...
  [0;32m[✓][0m Hermes 完成（api_calls=2）
  [0;32m[← H→O][0m shared/ h2o: 1 筆待處理
2026-04-06 07:38:18 scan_h2o: processed 1 items
  [0;32m[✓][0m OpenClaw 入庫完成
  [0;32m[O→H ][0m OpenClaw approve → shared/ o2h
2026-04-06 07:38:18 scan_o2h: processed 1 items
  [0;32m[← O ][0m Hermes MEMORY.md 已更新
  ⏱  本輪耗時：40459ms

-----------------------------------------
[1;33m第 198/200 輪[0m
-----------------------------------------
  [0;34m[→ H ][0m Hermes 執行：請用 terminal 執行 df -h / | tail ...
  [0;32m[✓][0m Hermes 完成（api_calls=2）
  [0;32m[← H→O][0m shared/ h2o: 1 筆待處理
2026-04-06 07:39:00 scan_h2o: processed 1 items
  [0;32m[✓][0m OpenClaw 入庫完成
  [0;32m[O→H ][0m OpenClaw approve → shared/ o2h
2026-04-06 07:39:00 scan_o2h: processed 1 items
  [0;32m[← O ][0m Hermes MEMORY.md 已更新
  ⏱  本輪耗時：42564ms

-----------------------------------------
[1;33m第 199/200 輪[0m
-----------------------------------------
  [0;34m[→ H ][0m Hermes 執行：請用 terminal 執行 free -h | grep ...
  [0;32m[✓][0m Hermes 完成（api_calls=2）
  [0;32m[← H→O][0m shared/ h2o: 1 筆待處理
2026-04-06 07:39:44 scan_h2o: processed 1 items
  [0;32m[✓][0m OpenClaw 入庫完成
  [0;32m[O→H ][0m OpenClaw approve → shared/ o2h
2026-04-06 07:39:44 scan_o2h: processed 1 items
  [0;32m[← O ][0m Hermes MEMORY.md 已更新
  ⏱  本輪耗時：43592ms

-----------------------------------------
[1;33m第 200/200 輪[0m
-----------------------------------------
  [0;34m[→ H ][0m Hermes 執行：請用 terminal 執行 whoami && pwd，告...
  [0;32m[✓][0m Hermes 完成（api_calls=2）
  [0;32m[← H→O][0m shared/ h2o: 1 筆待處理
2026-04-06 07:40:25 scan_h2o: processed 1 items
  [0;32m[✓][0m OpenClaw 入庫完成
  [0;32m[O→H ][0m OpenClaw approve → shared/ o2h
2026-04-06 07:40:26 scan_o2h: processed 1 items
  [0;32m[← O ][0m Hermes MEMORY.md 已更新
  ⏱  本輪耗時：41555ms

=========================================
 燒機結果
=========================================
 總輪數：200
 [0;32m通過：200[0m
 [0;31m失敗：0[0m
 平均耗時：29077ms
=========================================

--- shared/ 最終狀態 ---
總計 1396 筆
  applied: 1396
--- Hermes MEMORY.md 最後5筆 ---
[2026-04-06 07:39:00] [OpenClaw政策 v2 normal]
企業知識更新：第198輪工具任務成果已採納，請繼續保持良好工作習慣
§
--
企業知識更新：第199輪工具任務成果已採納，請繼續保持良好工作習慣
§
[2026-04-06 07:39:44] [OpenClaw政策 v3 normal]
企業知識更新：第199輪工具任務成果已採納，請繼續保持良好工作習慣
§
--
=========================================
