Log: /home/zoe_ai/ceclaw/scripts/shared_burnin_20260406_035911.log
=========================================
 CECLAW 雙向溝通燒機 x 500 輪
=========================================
使用 session: 0b09eab8-9352-4e7a-9393-bf60a1bc6dac

-----------------------------------------
[1;33m第 1/500 輪[0m
-----------------------------------------
  [0;34m[→ H ][0m Hermes 執行：請用 terminal 執行 date && hostnam...
  [0;32m[✓][0m Hermes 完成（api_calls=2）
  [0;32m[← H→O][0m shared/ h2o: 1 筆待處理
2026-04-06 03:59:27 scan_h2o: processed 1 items
  [0;32m[✓][0m OpenClaw 入庫完成
  [0;32m[O→H ][0m OpenClaw approve → shared/ o2h
2026-04-06 03:59:27 scan_o2h: processed 1 items
  [0;32m[← O ][0m Hermes MEMORY.md 已更新
  ⏱  本輪耗時：16087ms

-----------------------------------------
[1;33m第 2/500 輪[0m
-----------------------------------------
  [0;34m[→ H ][0m Hermes 執行：請用 terminal 執行 uptime，告訴我系統運行時...
  [0;32m[✓][0m Hermes 完成（api_calls=2）
  [0;32m[← H→O][0m shared/ h2o: 1 筆待處理
2026-04-06 03:59:44 scan_h2o: processed 1 items
  [0;32m[✓][0m OpenClaw 入庫完成
  [0;32m[O→H ][0m OpenClaw approve → shared/ o2h
2026-04-06 03:59:44 scan_o2h: processed 1 items
  [0;32m[← O ][0m Hermes MEMORY.md 已更新
  ⏱  本輪耗時：16752ms

-----------------------------------------
[1;33m第 3/500 輪[0m
-----------------------------------------
  [0;34m[→ H ][0m Hermes 執行：請用 terminal 執行 df -h / | tail ...
  [0;32m[✓][0m Hermes 完成（api_calls=2）
  [0;32m[← H→O][0m shared/ h2o: 1 筆待處理
2026-04-06 04:00:01 scan_h2o: processed 1 items
  [0;32m[✓][0m OpenClaw 入庫完成
  [0;32m[O→H ][0m OpenClaw approve → shared/ o2h
2026-04-06 04:00:01 scan_o2h: processed 1 items
  [0;32m[← O ][0m Hermes MEMORY.md 已更新
  ⏱  本輪耗時：17260ms

-----------------------------------------
[1;33m第 4/500 輪[0m
-----------------------------------------
  [0;34m[→ H ][0m Hermes 執行：請用 terminal 執行 free -h | grep ...
  [0;32m[✓][0m Hermes 完成（api_calls=2）
  [0;32m[← H→O][0m shared/ h2o: 1 筆待處理
2026-04-06 04:00:19 scan_h2o: processed 1 items
  [0;32m[✓][0m OpenClaw 入庫完成
  [0;32m[O→H ][0m OpenClaw approve → shared/ o2h
2026-04-06 04:00:20 scan_o2h: processed 1 items
  [0;32m[← O ][0m Hermes MEMORY.md 已更新
  ⏱  本輪耗時：18389ms

-----------------------------------------
[1;33m第 5/500 輪[0m
-----------------------------------------
  [0;34m[→ H ][0m Hermes 執行：請用 terminal 執行 whoami && pwd，告...
  [0;32m[✓][0m Hermes 完成（api_calls=2）
  [0;32m[← H→O][0m shared/ h2o: 1 筆待處理
2026-04-06 04:00:35 scan_h2o: processed 1 items
  [0;32m[✓][0m OpenClaw 入庫完成
  [0;32m[O→H ][0m OpenClaw approve → shared/ o2h
2026-04-06 04:00:36 scan_o2h: processed 1 items
  [0;32m[← O ][0m Hermes MEMORY.md 已更新
  ⏱  本輪耗時：15958ms

-----------------------------------------
[1;33m第 6/500 輪[0m
-----------------------------------------
  [0;34m[→ H ][0m Hermes 執行：請用 terminal 執行 date && hostnam...
  [0;32m[✓][0m Hermes 完成（api_calls=2）
  [0;32m[← H→O][0m shared/ h2o: 1 筆待處理
2026-04-06 04:00:52 scan_h2o: processed 1 items
  [0;32m[✓][0m OpenClaw 入庫完成
  [0;32m[O→H ][0m OpenClaw approve → shared/ o2h
2026-04-06 04:00:52 scan_o2h: processed 1 items
  [0;32m[← O ][0m Hermes MEMORY.md 已更新
  ⏱  本輪耗時：16676ms

-----------------------------------------
[1;33m第 7/500 輪[0m
-----------------------------------------
  [0;34m[→ H ][0m Hermes 執行：請用 terminal 執行 uptime，告訴我系統運行時...
  [0;32m[✓][0m Hermes 完成（api_calls=2）
  [0;32m[← H→O][0m shared/ h2o: 1 筆待處理
2026-04-06 04:01:09 scan_h2o: processed 1 items
  [0;32m[✓][0m OpenClaw 入庫完成
  [0;32m[O→H ][0m OpenClaw approve → shared/ o2h
2026-04-06 04:01:10 scan_o2h: processed 1 items
  [0;32m[← O ][0m Hermes MEMORY.md 已更新
  ⏱  本輪耗時：17441ms

-----------------------------------------
[1;33m第 8/500 輪[0m
-----------------------------------------
  [0;34m[→ H ][0m Hermes 執行：請用 terminal 執行 df -h / | tail ...
  [0;32m[✓][0m Hermes 完成（api_calls=2）
  [0;32m[← H→O][0m shared/ h2o: 1 筆待處理
2026-04-06 04:01:27 scan_h2o: processed 1 items
  [0;32m[✓][0m OpenClaw 入庫完成
  [0;32m[O→H ][0m OpenClaw approve → shared/ o2h
2026-04-06 04:01:28 scan_o2h: processed 1 items
  [0;32m[← O ][0m Hermes MEMORY.md 已更新
  ⏱  本輪耗時：17886ms

-----------------------------------------
[1;33m第 9/500 輪[0m
-----------------------------------------
  [0;34m[→ H ][0m Hermes 執行：請用 terminal 執行 free -h | grep ...
  [0;32m[✓][0m Hermes 完成（api_calls=2）
  [0;32m[← H→O][0m shared/ h2o: 1 筆待處理
2026-04-06 04:01:46 scan_h2o: processed 1 items
  [0;32m[✓][0m OpenClaw 入庫完成
  [0;32m[O→H ][0m OpenClaw approve → shared/ o2h
2026-04-06 04:01:46 scan_o2h: processed 1 items
  [0;32m[← O ][0m Hermes MEMORY.md 已更新
  ⏱  本輪耗時：18782ms

-----------------------------------------
[1;33m第 10/500 輪[0m
-----------------------------------------
  [0;34m[→ H ][0m Hermes 執行：請用 terminal 執行 whoami && pwd，告...
  [0;32m[✓][0m Hermes 完成（api_calls=2）
  [0;32m[← H→O][0m shared/ h2o: 1 筆待處理
2026-04-06 04:02:03 scan_h2o: processed 1 items
  [0;32m[✓][0m OpenClaw 入庫完成
  [0;32m[O→H ][0m OpenClaw approve → shared/ o2h
2026-04-06 04:02:03 scan_o2h: processed 1 items
  [0;32m[← O ][0m Hermes MEMORY.md 已更新
  ⏱  本輪耗時：16575ms

-----------------------------------------
[1;33m第 11/500 輪[0m
-----------------------------------------
  [0;34m[→ H ][0m Hermes 執行：請用 terminal 執行 date && hostnam...
  [0;32m[✓][0m Hermes 完成（api_calls=2）
  [0;32m[← H→O][0m shared/ h2o: 1 筆待處理
2026-04-06 04:02:20 scan_h2o: processed 1 items
  [0;32m[✓][0m OpenClaw 入庫完成
  [0;32m[O→H ][0m OpenClaw approve → shared/ o2h
2026-04-06 04:02:20 scan_o2h: processed 1 items
  [0;32m[← O ][0m Hermes MEMORY.md 已更新
  ⏱  本輪耗時：17242ms

-----------------------------------------
[1;33m第 12/500 輪[0m
-----------------------------------------
  [0;34m[→ H ][0m Hermes 執行：請用 terminal 執行 uptime，告訴我系統運行時...
  [0;32m[✓][0m Hermes 完成（api_calls=2）
  [0;32m[← H→O][0m shared/ h2o: 1 筆待處理
2026-04-06 04:02:38 scan_h2o: processed 1 items
  [0;32m[✓][0m OpenClaw 入庫完成
  [0;32m[O→H ][0m OpenClaw approve → shared/ o2h
2026-04-06 04:02:38 scan_o2h: processed 1 items
  [0;32m[← O ][0m Hermes MEMORY.md 已更新
  ⏱  本輪耗時：17935ms

-----------------------------------------
[1;33m第 13/500 輪[0m
-----------------------------------------
  [0;34m[→ H ][0m Hermes 執行：請用 terminal 執行 df -h / | tail ...
  [0;32m[✓][0m Hermes 完成（api_calls=2）
  [0;32m[← H→O][0m shared/ h2o: 1 筆待處理
2026-04-06 04:02:56 scan_h2o: processed 1 items
  [0;32m[✓][0m OpenClaw 入庫完成
  [0;32m[O→H ][0m OpenClaw approve → shared/ o2h
2026-04-06 04:02:57 scan_o2h: processed 1 items
  [0;32m[← O ][0m Hermes MEMORY.md 已更新
  ⏱  本輪耗時：18392ms

-----------------------------------------
[1;33m第 14/500 輪[0m
-----------------------------------------
  [0;34m[→ H ][0m Hermes 執行：請用 terminal 執行 free -h | grep ...
  [0;32m[✓][0m Hermes 完成（api_calls=2）
  [0;32m[← H→O][0m shared/ h2o: 1 筆待處理
2026-04-06 04:03:15 scan_h2o: processed 1 items
  [0;32m[✓][0m OpenClaw 入庫完成
  [0;32m[O→H ][0m OpenClaw approve → shared/ o2h
2026-04-06 04:03:16 scan_o2h: processed 1 items
  [0;32m[← O ][0m Hermes MEMORY.md 已更新
  ⏱  本輪耗時：19179ms

-----------------------------------------
[1;33m第 15/500 輪[0m
-----------------------------------------
  [0;34m[→ H ][0m Hermes 執行：請用 terminal 執行 whoami && pwd，告...
  [0;32m[✓][0m Hermes 完成（api_calls=2）
  [0;32m[← H→O][0m shared/ h2o: 1 筆待處理
2026-04-06 04:03:33 scan_h2o: processed 1 items
  [0;32m[✓][0m OpenClaw 入庫完成
  [0;32m[O→H ][0m OpenClaw approve → shared/ o2h
2026-04-06 04:03:33 scan_o2h: processed 1 items
  [0;32m[← O ][0m Hermes MEMORY.md 已更新
  ⏱  本輪耗時：17102ms

-----------------------------------------
[1;33m第 16/500 輪[0m
-----------------------------------------
  [0;34m[→ H ][0m Hermes 執行：請用 terminal 執行 date && hostnam...
  [0;32m[✓][0m Hermes 完成（api_calls=2）
  [0;32m[← H→O][0m shared/ h2o: 1 筆待處理
2026-04-06 04:03:50 scan_h2o: processed 1 items
  [0;32m[✓][0m OpenClaw 入庫完成
  [0;32m[O→H ][0m OpenClaw approve → shared/ o2h
2026-04-06 04:03:50 scan_o2h: processed 1 items
  [0;32m[← O ][0m Hermes MEMORY.md 已更新
  ⏱  本輪耗時：17586ms

-----------------------------------------
[1;33m第 17/500 輪[0m
-----------------------------------------
  [0;34m[→ H ][0m Hermes 執行：請用 terminal 執行 uptime，告訴我系統運行時...
  [0;32m[✓][0m Hermes 完成（api_calls=2）
  [0;32m[← H→O][0m shared/ h2o: 1 筆待處理
2026-04-06 04:04:09 scan_h2o: processed 1 items
  [0;32m[✓][0m OpenClaw 入庫完成
  [0;32m[O→H ][0m OpenClaw approve → shared/ o2h
2026-04-06 04:04:09 scan_o2h: processed 1 items
  [0;32m[← O ][0m Hermes MEMORY.md 已更新
  ⏱  本輪耗時：18583ms

-----------------------------------------
[1;33m第 18/500 輪[0m
-----------------------------------------
  [0;34m[→ H ][0m Hermes 執行：請用 terminal 執行 df -h / | tail ...
  [0;32m[✓][0m Hermes 完成（api_calls=2）
  [0;32m[← H→O][0m shared/ h2o: 1 筆待處理
2026-04-06 04:04:28 scan_h2o: processed 1 items
  [0;32m[✓][0m OpenClaw 入庫完成
  [0;32m[O→H ][0m OpenClaw approve → shared/ o2h
2026-04-06 04:04:28 scan_o2h: processed 1 items
  [0;32m[← O ][0m Hermes MEMORY.md 已更新
  ⏱  本輪耗時：18909ms

-----------------------------------------
[1;33m第 19/500 輪[0m
-----------------------------------------
  [0;34m[→ H ][0m Hermes 執行：請用 terminal 執行 free -h | grep ...
