Log: /home/zoe_ai/ceclaw/scripts/shared_burnin_20260406_031056.log
=========================================
 CECLAW 雙向溝通燒機 x 3 輪
=========================================
使用 session: b3fd910f-f2af-4b4e-8d49-b82b81878b1a

-----------------------------------------
[1;33m第 1/3 輪[0m
-----------------------------------------
  [0;34m[→ H ][0m Hermes 執行：請用 terminal 執行 date && hostnam...
  [0;31m[FAIL][0m Hermes 未使用工具（api_calls=1）

-----------------------------------------
[1;33m第 2/3 輪[0m
-----------------------------------------
  [0;34m[→ H ][0m Hermes 執行：請用 terminal 執行 uptime，告訴我系統運行時...
  [0;31m[FAIL][0m Hermes 未使用工具（api_calls=1）

-----------------------------------------
[1;33m第 3/3 輪[0m
-----------------------------------------
  [0;34m[→ H ][0m Hermes 執行：請用 terminal 執行 df -h / | tail ...
  [0;31m[FAIL][0m Hermes 未使用工具（api_calls=1）

=========================================
 燒機結果
=========================================
 總輪數：3
 [0;32m通過：0[0m
 [0;31m失敗：3[0m
=========================================

--- shared/ 最終狀態 ---
總計 458 筆
  applied: 458
--- Hermes MEMORY.md 最後5筆 ---
[2026-04-06 03:01:20] [OpenClaw政策 v1 normal]
企業知識更新：第200輪工具任務成果已採納，請繼續保持良好工作習慣
§
--
企業知識更新：第201輪工具任務成果已採納，請繼續保持良好工作習慣
§
[2026-04-06 03:02:14] [OpenClaw政策 v1 normal]
企業知識更新：第201輪工具任務成果已採納，請繼續保持良好工作習慣
§
--
=========================================
