Log: /home/zoe_ai/ceclaw/scripts/shared_burnin_20260406_004444.log
=========================================
 CECLAW 雙向溝通燒機 x 10 輪
=========================================
使用 session: b3fd910f-f2af-4b4e-8d49-b82b81878b1a

-----------------------------------------
[1;33m第 1/10 輪[0m
-----------------------------------------
  [0;34m[→ H ][0m Hermes 執行：請用 terminal 執行 date && hostnam...
  [0;32m[✓][0m Hermes 完成（api_calls=2）
  [0;32m[← H→O][0m shared/ h2o: 1 筆待處理
2026-04-06 00:45:05 scan_h2o: processed 1 items
  [0;32m[✓][0m OpenClaw 入庫完成
  [0;32m[O→H ][0m OpenClaw approve → shared/ o2h
2026-04-06 00:45:05 scan_o2h: processed 1 items
  [0;32m[← O ][0m Hermes MEMORY.md 已更新
  ⏱  本輪耗時：20851ms

-----------------------------------------
[1;33m第 2/10 輪[0m
-----------------------------------------
  [0;34m[→ H ][0m Hermes 執行：請用 terminal 執行 uptime，告訴我系統運行時...
  [0;32m[✓][0m Hermes 完成（api_calls=2）
  [0;32m[← H→O][0m shared/ h2o: 1 筆待處理
2026-04-06 00:45:28 scan_h2o: processed 1 items
  [0;32m[✓][0m OpenClaw 入庫完成
  [0;32m[O→H ][0m OpenClaw approve → shared/ o2h
2026-04-06 00:45:28 scan_o2h: processed 1 items
  [0;32m[← O ][0m Hermes MEMORY.md 已更新
  ⏱  本輪耗時：22538ms

-----------------------------------------
[1;33m第 3/10 輪[0m
-----------------------------------------
  [0;34m[→ H ][0m Hermes 執行：請用 terminal 執行 df -h / | tail ...
  [0;32m[✓][0m Hermes 完成（api_calls=2）
  [0;32m[← H→O][0m shared/ h2o: 1 筆待處理
2026-04-06 00:45:50 scan_h2o: processed 1 items
  [0;32m[✓][0m OpenClaw 入庫完成
  [0;32m[O→H ][0m OpenClaw approve → shared/ o2h
2026-04-06 00:45:50 scan_o2h: processed 1 items
  [0;32m[← O ][0m Hermes MEMORY.md 已更新
  ⏱  本輪耗時：22518ms

-----------------------------------------
[1;33m第 4/10 輪[0m
-----------------------------------------
  [0;34m[→ H ][0m Hermes 執行：請用 terminal 執行 free -h | grep ...
