Log: /home/zoe_ai/ceclaw/scripts/shared_burnin_20260406_032215.log
=========================================
 CECLAW 雙向溝通燒機 x 3 輪
=========================================
使用 session: ab6a8a9f-4398-4fc0-b77a-0916cddab6b3

-----------------------------------------
[1;33m第 1/3 輪[0m
-----------------------------------------
  [0;34m[→ H ][0m Hermes 執行：請用 terminal 執行 date && hostnam...
  [0;32m[✓][0m Hermes 完成（api_calls=2）
  [0;32m[← H→O][0m shared/ h2o: 2 筆待處理
2026-04-06 03:22:33 scan_h2o: processed 2 items
  [0;32m[✓][0m OpenClaw 入庫完成
  [0;32m[O→H ][0m OpenClaw approve → shared/ o2h
2026-04-06 03:22:33 scan_o2h: processed 1 items
  [0;32m[← O ][0m Hermes MEMORY.md 已更新
  ⏱  本輪耗時：18240ms

-----------------------------------------
[1;33m第 2/3 輪[0m
-----------------------------------------
  [0;34m[→ H ][0m Hermes 執行：請用 terminal 執行 uptime，告訴我系統運行時...
  [0;32m[✓][0m Hermes 完成（api_calls=2）
  [0;32m[← H→O][0m shared/ h2o: 1 筆待處理
2026-04-06 03:22:52 scan_h2o: processed 1 items
  [0;32m[✓][0m OpenClaw 入庫完成
  [0;32m[O→H ][0m OpenClaw approve → shared/ o2h
2026-04-06 03:22:52 scan_o2h: processed 1 items
  [0;32m[← O ][0m Hermes MEMORY.md 已更新
  ⏱  本輪耗時：19156ms

-----------------------------------------
[1;33m第 3/3 輪[0m
-----------------------------------------
  [0;34m[→ H ][0m Hermes 執行：請用 terminal 執行 df -h / | tail ...
  [0;32m[✓][0m Hermes 完成（api_calls=2）
  [0;32m[← H→O][0m shared/ h2o: 1 筆待處理
2026-04-06 03:23:12 scan_h2o: processed 1 items
  [0;32m[✓][0m OpenClaw 入庫完成
  [0;32m[O→H ][0m OpenClaw approve → shared/ o2h
2026-04-06 03:23:12 scan_o2h: processed 1 items
  [0;32m[← O ][0m Hermes MEMORY.md 已更新
  ⏱  本輪耗時：20078ms

=========================================
 燒機結果
=========================================
 總輪數：3
 [0;32m通過：3[0m
 [0;31m失敗：0[0m
 平均耗時：19158ms
=========================================

--- shared/ 最終狀態 ---
總計 475 筆
  applied: 475
--- Hermes MEMORY.md 最後5筆 ---
[2026-04-06 03:22:33] [OpenClaw政策 v4 normal]
企業知識更新：第1輪工具任務成果已採納，請繼續保持良好工作習慣
§
--
企業知識更新：第2輪工具任務成果已採納，請繼續保持良好工作習慣
§
[2026-04-06 03:22:52] [OpenClaw政策 v3 normal]
企業知識更新：第2輪工具任務成果已採納，請繼續保持良好工作習慣
§
--
=========================================
