Log: /home/zoe_ai/ceclaw/scripts/shared_burnin_20260406_003827.log
=========================================
 CECLAW 雙向溝通燒機 x 10 輪
=========================================
使用 session: b3fd910f-f2af-4b4e-8d49-b82b81878b1a

-----------------------------------------
[1;33m第 1/10 輪[0m
-----------------------------------------
  [0;34m[→ H ][0m Hermes 執行：請用 terminal 執行 date && hostnam...
  [0;32m[✓][0m Hermes 完成（api_calls=2）
  [0;31m[FAIL][0m shared/ h2o 未寫入（等待10秒後仍無）

-----------------------------------------
[1;33m第 2/10 輪[0m
-----------------------------------------
  [0;34m[→ H ][0m Hermes 執行：請用 terminal 執行 uptime，告訴我系統運行時...
  [0;32m[✓][0m Hermes 完成（api_calls=2）
  [0;32m[← H→O][0m shared/ h2o: 1 筆待處理
2026-04-06 00:39:05 scan_h2o: processed 1 items
  [0;32m[✓][0m OpenClaw 入庫完成
  [0;32m[O→H ][0m OpenClaw approve → shared/ o2h
2026-04-06 00:39:05 scan_o2h: processed 1 items
  [0;32m[← O ][0m Hermes MEMORY.md 已更新
  ⏱  本輪耗時：11460ms

-----------------------------------------
[1;33m第 3/10 輪[0m
-----------------------------------------
  [0;34m[→ H ][0m Hermes 執行：請用 terminal 執行 df -h / | tail ...
  [0;32m[✓][0m Hermes 完成（api_calls=2）
  [0;32m[← H→O][0m shared/ h2o: 1 筆待處理
2026-04-06 00:39:27 scan_h2o: processed 1 items
  [0;32m[✓][0m OpenClaw 入庫完成
  [0;32m[O→H ][0m OpenClaw approve → shared/ o2h
2026-04-06 00:39:28 scan_o2h: processed 1 items
  [0;32m[← O ][0m Hermes MEMORY.md 已更新
  ⏱  本輪耗時：22595ms

-----------------------------------------
[1;33m第 4/10 輪[0m
-----------------------------------------
  [0;34m[→ H ][0m Hermes 執行：請用 terminal 執行 free -h | grep ...
  [0;32m[✓][0m Hermes 完成（api_calls=2）
  [0;32m[← H→O][0m shared/ h2o: 1 筆待處理
2026-04-06 00:39:49 scan_h2o: processed 1 items
  [0;32m[✓][0m OpenClaw 入庫完成
  [0;32m[O→H ][0m OpenClaw approve → shared/ o2h
2026-04-06 00:39:49 scan_o2h: processed 1 items
  [0;32m[← O ][0m Hermes MEMORY.md 已更新
  ⏱  本輪耗時：21477ms

-----------------------------------------
[1;33m第 5/10 輪[0m
-----------------------------------------
  [0;34m[→ H ][0m Hermes 執行：請用 terminal 執行 whoami && pwd，告...
  [0;32m[✓][0m Hermes 完成（api_calls=2）
  [0;31m[FAIL][0m shared/ h2o 未寫入（等待10秒後仍無）

-----------------------------------------
[1;33m第 6/10 輪[0m
-----------------------------------------
  [0;34m[→ H ][0m Hermes 執行：請用 terminal 執行 date && hostnam...
  [0;32m[✓][0m Hermes 完成（api_calls=2）
  [0;31m[FAIL][0m shared/ h2o 未寫入（等待10秒後仍無）

-----------------------------------------
[1;33m第 7/10 輪[0m
-----------------------------------------
  [0;34m[→ H ][0m Hermes 執行：請用 terminal 執行 uptime，告訴我系統運行時...
  [0;32m[✓][0m Hermes 完成（api_calls=2）
  [0;32m[← H→O][0m shared/ h2o: 1 筆待處理
2026-04-06 00:40:55 scan_h2o: processed 1 items
  [0;32m[✓][0m OpenClaw 入庫完成
  [0;32m[O→H ][0m OpenClaw approve → shared/ o2h
2026-04-06 00:40:55 scan_o2h: processed 1 items
  [0;32m[← O ][0m Hermes MEMORY.md 已更新
  ⏱  本輪耗時：11590ms

-----------------------------------------
[1;33m第 8/10 輪[0m
-----------------------------------------
  [0;34m[→ H ][0m Hermes 執行：請用 terminal 執行 df -h / | tail ...
  [0;32m[✓][0m Hermes 完成（api_calls=2）
  [0;32m[← H→O][0m shared/ h2o: 1 筆待處理
2026-04-06 00:41:18 scan_h2o: processed 1 items
  [0;32m[✓][0m OpenClaw 入庫完成
  [0;32m[O→H ][0m OpenClaw approve → shared/ o2h
2026-04-06 00:41:18 scan_o2h: processed 1 items
  [0;32m[← O ][0m Hermes MEMORY.md 已更新
  ⏱  本輪耗時：22825ms

-----------------------------------------
[1;33m第 9/10 輪[0m
-----------------------------------------
  [0;34m[→ H ][0m Hermes 執行：請用 terminal 執行 free -h | grep ...
  [0;32m[✓][0m Hermes 完成（api_calls=2）
  [0;32m[← H→O][0m shared/ h2o: 1 筆待處理
2026-04-06 00:41:40 scan_h2o: processed 1 items
  [0;32m[✓][0m OpenClaw 入庫完成
  [0;32m[O→H ][0m OpenClaw approve → shared/ o2h
2026-04-06 00:41:40 scan_o2h: processed 1 items
  [0;32m[← O ][0m Hermes MEMORY.md 已更新
  ⏱  本輪耗時：21914ms

-----------------------------------------
[1;33m第 10/10 輪[0m
-----------------------------------------
  [0;34m[→ H ][0m Hermes 執行：請用 terminal 執行 whoami && pwd，告...
  [0;32m[✓][0m Hermes 完成（api_calls=2）
  [0;31m[FAIL][0m shared/ h2o 未寫入（等待10秒後仍無）

=========================================
 燒機結果
=========================================
 總輪數：10
 [0;32m通過：6[0m
 [0;31m失敗：4[0m
 平均耗時：11186ms
=========================================

--- shared/ 最終狀態 ---
總計 28 筆
  applied: 28
--- Hermes MEMORY.md 最後5筆 ---
[2026-04-06 00:40:55] [OpenClaw政策 v2 normal]
企業知識更新：第7輪工具任務成果已採納，請繼續保持良好工作習慣
§
--
企業知識更新：第8輪工具任務成果已採納，請繼續保持良好工作習慣
§
[2026-04-06 00:41:18] [OpenClaw政策 v2 normal]
企業知識更新：第8輪工具任務成果已採納，請繼續保持良好工作習慣
§
--
=========================================
