Log: /home/zoe_ai/ceclaw/scripts/shared_burnin_20260406_134003.log
=========================================
 CECLAW 雙向溝通燒機 x 1 輪
=========================================

-----------------------------------------
[1;33m第 1/1 輪[0m
-----------------------------------------
  [0;34m[→ H ][0m Hermes 執行：請用 terminal 執行 date && hostnam...
  [0;32m[✓][0m Hermes 完成（api_calls=2）
  [0;32m[← H→O][0m shared/ h2o: 1 筆待處理
2026-04-06 13:40:23 scan_h2o: processed 1 items
  [0;32m[✓][0m OpenClaw 入庫完成
  [0;32m[O→H ][0m OpenClaw approve → shared/ o2h
2026-04-06 13:40:23 scan_o2h: processed 0 items
  [0;32m[← O ][0m Hermes MEMORY.md 已更新
  ⏱  本輪耗時：20463ms

=========================================
 燒機結果
=========================================
 總輪數：1
 [0;32m通過：1[0m
 [0;31m失敗：0[0m
 平均耗時：20463ms
=========================================

--- shared/ 最終狀態 ---
總計 1519 筆
  applied: 1458
  failed: 60
  new: 1
--- Hermes MEMORY.md 最後5筆 ---
[2026-04-06 13:00:01] [OpenClaw政策同步]
[企業知識庫更新 2026-04-06 12:13] 新知識已採納入庫（dept/engineering），來源檔案：20260406_121347_burnin.json

--
[2026-04-06 13:00:01] [OpenClaw政策同步]
[企業知識庫更新 2026-04-06 12:13] 新知識已採納入庫（dept/engineering），來源檔案：20260406_121304_burnin.json

--
[2026-04-06 13:00:01] [OpenClaw政策同步]
[企業知識庫更新 2026-04-06 12:12] 新知識已採納入庫（dept/engineering），來源檔案：20260406_121224_burnin.json
=========================================
